[0.019s] Invoking command in '/home/w0x7ce/Downloads/test_ws/src/cpp_pubsub/build/cpp_pubsub': CMAKE_PREFIX_PATH=/opt/ros/humble CONDA_PROMPT_MODIFIER=(base) /usr/bin/cmake /home/w0x7ce/Downloads/test_ws/src/cpp_pubsub -DCMAKE_INSTALL_PREFIX=/home/w0x7ce/Downloads/test_ws/src/cpp_pubsub/install/cpp_pubsub
[0.671s] -- The C compiler identification is GNU 11.2.0
[0.956s] -- The CXX compiler identification is GNU 11.2.0
[1.120s] -- Detecting C compiler ABI info
[1.245s] -- Detecting C compiler ABI info - done
[1.252s] -- Check for working C compiler: /usr/bin/cc - skipped
[1.263s] -- Detecting C compile features
[1.275s] -- Detecting C compile features - done
[1.322s] -- Detecting CXX compiler ABI info
[1.428s] -- Detecting CXX compiler ABI info - done
[1.433s] -- Check for working CXX compiler: /usr/bin/c++ - skipped
[1.433s] -- Detecting CXX compile features
[1.433s] -- Detecting CXX compile features - done
[1.447s] -- Found ament_cmake: 1.3.2 (/opt/ros/humble/share/ament_cmake/cmake)
[1.665s] -- Found Python3: /usr/bin/python3.10 (found version "3.10.4") found components: Interpreter 
[2.092s] -- Found rclcpp: 16.0.1 (/opt/ros/humble/share/rclcpp/cmake)
[2.608s] -- Found rosidl_generator_c: 3.1.3 (/opt/ros/humble/share/rosidl_generator_c/cmake)
[2.649s] -- Found rosidl_adapter: 3.1.3 (/opt/ros/humble/share/rosidl_adapter/cmake)
[2.806s] -- Found rosidl_generator_cpp: 3.1.3 (/opt/ros/humble/share/rosidl_generator_cpp/cmake)
[2.952s] -- Using all available rosidl_typesupport_c: rosidl_typesupport_fastrtps_c;rosidl_typesupport_introspection_c
[3.120s] -- Using all available rosidl_typesupport_cpp: rosidl_typesupport_fastrtps_cpp;rosidl_typesupport_introspection_cpp
[3.598s] -- Found rmw_implementation_cmake: 6.1.0 (/opt/ros/humble/share/rmw_implementation_cmake/cmake)
[3.616s] -- Found rmw_fastrtps_cpp: 6.2.1 (/opt/ros/humble/share/rmw_fastrtps_cpp/cmake)
[4.202s] -- Found OpenSSL: /usr/lib/x86_64-linux-gnu/libcrypto.so (found version "3.0.2")  
[4.302s] -- Found FastRTPS: /opt/ros/humble/include  
[4.342s] -- Using RMW implementation 'rmw_fastrtps_cpp' as default
[5.372s] [31mCMake Error at CMakeLists.txt:20 (install):
[5.372s]   install TARGETS given target "listener" which does not exist.
[5.372s] 
[5.373s] [0m
[5.438s] -- Configuring incomplete, errors occurred!
[5.438s] See also "/home/w0x7ce/Downloads/test_ws/src/cpp_pubsub/build/cpp_pubsub/CMakeFiles/CMakeOutput.log".
[5.445s] Invoked command in '/home/w0x7ce/Downloads/test_ws/src/cpp_pubsub/build/cpp_pubsub' returned '1': CMAKE_PREFIX_PATH=/opt/ros/humble CONDA_PROMPT_MODIFIER=(base) /usr/bin/cmake /home/w0x7ce/Downloads/test_ws/src/cpp_pubsub -DCMAKE_INSTALL_PREFIX=/home/w0x7ce/Downloads/test_ws/src/cpp_pubsub/install/cpp_pubsub
