[0.013s] Invoking command in '/home/w0x7ce/Desktop/d2lros2/chapt3/chapt3_ws/build/example_topic_rclcpp': CMAKE_PREFIX_PATH=${CMAKE_PREFIX_PATH}:/opt/ros/humble /usr/bin/cmake --build /home/w0x7ce/Desktop/d2lros2/chapt3/chapt3_ws/build/example_topic_rclcpp -- -j4 -l4
[0.035s] -- Found ament_cmake: 1.3.2 (/opt/ros/humble/share/ament_cmake/cmake)
[0.162s] -- Found rclcpp: 16.0.1 (/opt/ros/humble/share/rclcpp/cmake)
[0.192s] -- Found rosidl_generator_c: 3.1.3 (/opt/ros/humble/share/rosidl_generator_c/cmake)
[0.195s] -- Found rosidl_adapter: 3.1.3 (/opt/ros/humble/share/rosidl_adapter/cmake)
[0.201s] -- Found rosidl_generator_cpp: 3.1.3 (/opt/ros/humble/share/rosidl_generator_cpp/cmake)
[0.211s] -- Using all available rosidl_typesupport_c: rosidl_typesupport_fastrtps_c;rosidl_typesupport_introspection_c
[0.227s] -- Using all available rosidl_typesupport_cpp: rosidl_typesupport_fastrtps_cpp;rosidl_typesupport_introspection_cpp
[0.287s] -- Found rmw_implementation_cmake: 6.1.0 (/opt/ros/humble/share/rmw_implementation_cmake/cmake)
[0.289s] -- Found rmw_fastrtps_cpp: 6.2.1 (/opt/ros/humble/share/rmw_fastrtps_cpp/cmake)
[0.398s] -- Using RMW implementation 'rmw_fastrtps_cpp' as default
[0.554s] -- Found ament_lint_auto: 0.12.4 (/opt/ros/humble/share/ament_lint_auto/cmake)
[0.619s] -- Added test 'cppcheck' to perform static code analysis on C / C++ code
[0.619s] -- Configured cppcheck include dirs: 
[0.619s] -- Configured cppcheck exclude dirs and/or files: 
[0.619s] -- Added test 'lint_cmake' to check CMake code style
[0.620s] -- Added test 'uncrustify' to check C / C++ code style
[0.620s] -- Configured uncrustify additional arguments: 
[0.620s] -- Added test 'xmllint' to check XML markup files
[0.622s] -- Configuring done
[0.634s] -- Generating done
[0.636s] -- Build files have been written to: /home/w0x7ce/Desktop/d2lros2/chapt3/chapt3_ws/build/example_topic_rclcpp
[0.657s] [35m[1mConsolidate compiler generated dependencies of target topic_publisher_01[0m
[0.665s] [ 25%] [32mBuilding CXX object CMakeFiles/topic_subscribe_01.dir/src/topic_subscribe_01.cpp.o[0m
[0.675s] [ 75%] Built target topic_publisher_01
[3.136s] [100%] [32m[1mLinking CXX executable topic_subscribe_01[0m
[3.241s] [100%] Built target topic_subscribe_01
[3.250s] Invoked command in '/home/w0x7ce/Desktop/d2lros2/chapt3/chapt3_ws/build/example_topic_rclcpp' returned '0': CMAKE_PREFIX_PATH=${CMAKE_PREFIX_PATH}:/opt/ros/humble /usr/bin/cmake --build /home/w0x7ce/Desktop/d2lros2/chapt3/chapt3_ws/build/example_topic_rclcpp -- -j4 -l4
[3.280s] Invoking command in '/home/w0x7ce/Desktop/d2lros2/chapt3/chapt3_ws/build/example_topic_rclcpp': CMAKE_PREFIX_PATH=${CMAKE_PREFIX_PATH}:/opt/ros/humble /usr/bin/cmake --install /home/w0x7ce/Desktop/d2lros2/chapt3/chapt3_ws/build/example_topic_rclcpp
[3.286s] -- Install configuration: ""
[3.286s] -- Up-to-date: /home/w0x7ce/Desktop/d2lros2/chapt3/chapt3_ws/install/example_topic_rclcpp/share/ament_index/resource_index/package_run_dependencies/example_topic_rclcpp
[3.286s] -- Installing: /home/w0x7ce/Desktop/d2lros2/chapt3/chapt3_ws/install/example_topic_rclcpp/share/ament_index/resource_index/parent_prefix_path/example_topic_rclcpp
[3.286s] -- Up-to-date: /home/w0x7ce/Desktop/d2lros2/chapt3/chapt3_ws/install/example_topic_rclcpp/share/example_topic_rclcpp/environment/ament_prefix_path.sh
[3.286s] -- Installing: /home/w0x7ce/Desktop/d2lros2/chapt3/chapt3_ws/install/example_topic_rclcpp/share/example_topic_rclcpp/environment/ament_prefix_path.dsv
[3.286s] -- Up-to-date: /home/w0x7ce/Desktop/d2lros2/chapt3/chapt3_ws/install/example_topic_rclcpp/share/example_topic_rclcpp/environment/path.sh
[3.286s] -- Installing: /home/w0x7ce/Desktop/d2lros2/chapt3/chapt3_ws/install/example_topic_rclcpp/share/example_topic_rclcpp/environment/path.dsv
[3.286s] -- Up-to-date: /home/w0x7ce/Desktop/d2lros2/chapt3/chapt3_ws/install/example_topic_rclcpp/share/example_topic_rclcpp/local_setup.bash
[3.286s] -- Up-to-date: /home/w0x7ce/Desktop/d2lros2/chapt3/chapt3_ws/install/example_topic_rclcpp/share/example_topic_rclcpp/local_setup.sh
[3.287s] -- Up-to-date: /home/w0x7ce/Desktop/d2lros2/chapt3/chapt3_ws/install/example_topic_rclcpp/share/example_topic_rclcpp/local_setup.zsh
[3.287s] -- Installing: /home/w0x7ce/Desktop/d2lros2/chapt3/chapt3_ws/install/example_topic_rclcpp/share/example_topic_rclcpp/local_setup.dsv
[3.287s] -- Installing: /home/w0x7ce/Desktop/d2lros2/chapt3/chapt3_ws/install/example_topic_rclcpp/share/example_topic_rclcpp/package.dsv
[3.287s] -- Up-to-date: /home/w0x7ce/Desktop/d2lros2/chapt3/chapt3_ws/install/example_topic_rclcpp/share/ament_index/resource_index/packages/example_topic_rclcpp
[3.287s] -- Up-to-date: /home/w0x7ce/Desktop/d2lros2/chapt3/chapt3_ws/install/example_topic_rclcpp/share/example_topic_rclcpp/cmake/example_topic_rclcppConfig.cmake
[3.287s] -- Up-to-date: /home/w0x7ce/Desktop/d2lros2/chapt3/chapt3_ws/install/example_topic_rclcpp/share/example_topic_rclcpp/cmake/example_topic_rclcppConfig-version.cmake
[3.287s] -- Up-to-date: /home/w0x7ce/Desktop/d2lros2/chapt3/chapt3_ws/install/example_topic_rclcpp/share/example_topic_rclcpp/package.xml
[3.287s] -- Installing: /home/w0x7ce/Desktop/d2lros2/chapt3/chapt3_ws/install/example_topic_rclcpp/lib/example_topic_rclcpp/topic_publisher_01
[3.289s] -- Set runtime path of "/home/w0x7ce/Desktop/d2lros2/chapt3/chapt3_ws/install/example_topic_rclcpp/lib/example_topic_rclcpp/topic_publisher_01" to ""
[3.289s] -- Installing: /home/w0x7ce/Desktop/d2lros2/chapt3/chapt3_ws/install/example_topic_rclcpp/lib/example_topic_rclcpp/topic_subscribe_01
[3.289s] -- Set runtime path of "/home/w0x7ce/Desktop/d2lros2/chapt3/chapt3_ws/install/example_topic_rclcpp/lib/example_topic_rclcpp/topic_subscribe_01" to ""
[3.291s] Invoked command in '/home/w0x7ce/Desktop/d2lros2/chapt3/chapt3_ws/build/example_topic_rclcpp' returned '0': CMAKE_PREFIX_PATH=${CMAKE_PREFIX_PATH}:/opt/ros/humble /usr/bin/cmake --install /home/w0x7ce/Desktop/d2lros2/chapt3/chapt3_ws/build/example_topic_rclcpp
