[0.014s] Invoking command in '/home/w0x7ce/Desktop/d2lros2/chapt3/chapt3_ws/build/example_topic_rclcpp': CMAKE_PREFIX_PATH=${CMAKE_PREFIX_PATH}:/opt/ros/humble /usr/bin/cmake --build /home/w0x7ce/Desktop/d2lros2/chapt3/chapt3_ws/build/example_topic_rclcpp -- -j4 -l4
[0.034s] -- Found ament_cmake: 1.3.2 (/opt/ros/humble/share/ament_cmake/cmake)
[0.157s] -- Found rclcpp: 16.0.1 (/opt/ros/humble/share/rclcpp/cmake)
[0.187s] -- Found rosidl_generator_c: 3.1.3 (/opt/ros/humble/share/rosidl_generator_c/cmake)
[0.189s] -- Found rosidl_adapter: 3.1.3 (/opt/ros/humble/share/rosidl_adapter/cmake)
[0.195s] -- Found rosidl_generator_cpp: 3.1.3 (/opt/ros/humble/share/rosidl_generator_cpp/cmake)
[0.206s] -- Using all available rosidl_typesupport_c: rosidl_typesupport_fastrtps_c;rosidl_typesupport_introspection_c
[0.221s] -- Using all available rosidl_typesupport_cpp: rosidl_typesupport_fastrtps_cpp;rosidl_typesupport_introspection_cpp
[0.279s] -- Found rmw_implementation_cmake: 6.1.0 (/opt/ros/humble/share/rmw_implementation_cmake/cmake)
[0.280s] -- Found rmw_fastrtps_cpp: 6.2.1 (/opt/ros/humble/share/rmw_fastrtps_cpp/cmake)
[0.386s] -- Using RMW implementation 'rmw_fastrtps_cpp' as default
[0.537s] -- Found ament_lint_auto: 0.12.4 (/opt/ros/humble/share/ament_lint_auto/cmake)
[0.600s] -- Added test 'cppcheck' to perform static code analysis on C / C++ code
[0.600s] -- Configured cppcheck include dirs: 
[0.600s] -- Configured cppcheck exclude dirs and/or files: 
[0.600s] -- Added test 'lint_cmake' to check CMake code style
[0.601s] -- Added test 'uncrustify' to check C / C++ code style
[0.601s] -- Configured uncrustify additional arguments: 
[0.601s] -- Added test 'xmllint' to check XML markup files
[0.603s] -- Configuring done
[0.614s] -- Generating done
[0.615s] -- Build files have been written to: /home/w0x7ce/Desktop/d2lros2/chapt3/chapt3_ws/build/example_topic_rclcpp
[0.636s] [35m[1mConsolidate compiler generated dependencies of target topic_publisher_01[0m
[0.644s] [ 25%] [32mBuilding CXX object CMakeFiles/topic_subscribe_01.dir/src/topic_subscribe_01.cpp.o[0m
[0.650s] [01m[K/home/w0x7ce/Desktop/d2lros2/chapt3/chapt3_ws/src/example_topic_rclcpp/src/topic_subscribe_01.cpp:1:10:[m[K [01;31m[Kfatal error: [m[Krclcpp/rclcpp.hpp: No such file or directory
[0.651s]     1 | #include [01;31m[K"rclcpp/rclcpp.hpp"[m[K
[0.651s]       |          [01;31m[K^~~~~~~~~~~~~~~~~~~[m[K
[0.651s] compilation terminated.
[0.651s] gmake[2]: *** [CMakeFiles/topic_subscribe_01.dir/build.make:76: CMakeFiles/topic_subscribe_01.dir/src/topic_subscribe_01.cpp.o] Error 1
[0.651s] gmake[1]: *** [CMakeFiles/Makefile2:165: CMakeFiles/topic_subscribe_01.dir/all] Error 2
[0.651s] gmake[1]: *** Waiting for unfinished jobs....
[0.654s] [ 50%] [32mBuilding CXX object CMakeFiles/topic_publisher_01.dir/src/topic_publisher_01.cpp.o[0m
[4.370s] [ 75%] [32m[1mLinking CXX executable topic_publisher_01[0m
[4.544s] [ 75%] Built target topic_publisher_01
[4.545s] gmake: *** [Makefile:146: all] Error 2
[4.547s] Invoked command in '/home/w0x7ce/Desktop/d2lros2/chapt3/chapt3_ws/build/example_topic_rclcpp' returned '2': CMAKE_PREFIX_PATH=${CMAKE_PREFIX_PATH}:/opt/ros/humble /usr/bin/cmake --build /home/w0x7ce/Desktop/d2lros2/chapt3/chapt3_ws/build/example_topic_rclcpp -- -j4 -l4
