[0.008s] Invoking command in '/home/w0x7ce/Downloads/test_ws/src/cpp_pubsub/build/cpp_pubsub': CMAKE_PREFIX_PATH=/opt/ros/humble CONDA_PROMPT_MODIFIER=(base) /usr/bin/cmake /home/w0x7ce/Downloads/test_ws/src/cpp_pubsub -DCMAKE_INSTALL_PREFIX=/home/w0x7ce/Downloads/test_ws/src/cpp_pubsub/install/cpp_pubsub
[0.014s] -- Found ament_cmake: 1.3.2 (/opt/ros/humble/share/ament_cmake/cmake)
[0.097s] -- Found rclcpp: 16.0.1 (/opt/ros/humble/share/rclcpp/cmake)
[0.115s] -- Found rosidl_generator_c: 3.1.3 (/opt/ros/humble/share/rosidl_generator_c/cmake)
[0.117s] -- Found rosidl_adapter: 3.1.3 (/opt/ros/humble/share/rosidl_adapter/cmake)
[0.120s] -- Found rosidl_generator_cpp: 3.1.3 (/opt/ros/humble/share/rosidl_generator_cpp/cmake)
[0.126s] -- Using all available rosidl_typesupport_c: rosidl_typesupport_fastrtps_c;rosidl_typesupport_introspection_c
[0.135s] -- Using all available rosidl_typesupport_cpp: rosidl_typesupport_fastrtps_cpp;rosidl_typesupport_introspection_cpp
[0.169s] -- Found rmw_implementation_cmake: 6.1.0 (/opt/ros/humble/share/rmw_implementation_cmake/cmake)
[0.170s] -- Found rmw_fastrtps_cpp: 6.2.1 (/opt/ros/humble/share/rmw_fastrtps_cpp/cmake)
[0.242s] -- Using RMW implementation 'rmw_fastrtps_cpp' as default
[0.375s] -- Configuring done
[0.382s] -- Generating done
[0.383s] -- Build files have been written to: /home/w0x7ce/Downloads/test_ws/src/cpp_pubsub/build/cpp_pubsub
[0.388s] Invoked command in '/home/w0x7ce/Downloads/test_ws/src/cpp_pubsub/build/cpp_pubsub' returned '0': CMAKE_PREFIX_PATH=/opt/ros/humble CONDA_PROMPT_MODIFIER=(base) /usr/bin/cmake /home/w0x7ce/Downloads/test_ws/src/cpp_pubsub -DCMAKE_INSTALL_PREFIX=/home/w0x7ce/Downloads/test_ws/src/cpp_pubsub/install/cpp_pubsub
[0.390s] Invoking command in '/home/w0x7ce/Downloads/test_ws/src/cpp_pubsub/build/cpp_pubsub': CMAKE_PREFIX_PATH=/opt/ros/humble CONDA_PROMPT_MODIFIER=(base) /usr/bin/cmake --build /home/w0x7ce/Downloads/test_ws/src/cpp_pubsub/build/cpp_pubsub -- -j16 -l16
[0.413s] [ 50%] [32mBuilding CXX object CMakeFiles/listener.dir/src/subscriber_member_function.cpp.o[0m
[0.413s] [ 50%] [32mBuilding CXX object CMakeFiles/talker.dir/src/publisher_member_function.cpp.o[0m
[5.223s] [ 75%] [32m[1mLinking CXX executable talker[0m
[5.573s] [ 75%] Built target talker
[8.206s] [100%] [32m[1mLinking CXX executable listener[0m
[8.407s] [100%] Built target listener
[8.420s] Invoked command in '/home/w0x7ce/Downloads/test_ws/src/cpp_pubsub/build/cpp_pubsub' returned '0': CMAKE_PREFIX_PATH=/opt/ros/humble CONDA_PROMPT_MODIFIER=(base) /usr/bin/cmake --build /home/w0x7ce/Downloads/test_ws/src/cpp_pubsub/build/cpp_pubsub -- -j16 -l16
[8.451s] Invoking command in '/home/w0x7ce/Downloads/test_ws/src/cpp_pubsub/build/cpp_pubsub': CMAKE_PREFIX_PATH=/opt/ros/humble CONDA_PROMPT_MODIFIER=(base) /usr/bin/cmake --install /home/w0x7ce/Downloads/test_ws/src/cpp_pubsub/build/cpp_pubsub
[8.457s] -- Install configuration: ""
[8.457s] -- Installing: /home/w0x7ce/Downloads/test_ws/src/cpp_pubsub/install/cpp_pubsub/lib/cpp_pubsub/talker
[8.458s] -- Set runtime path of "/home/w0x7ce/Downloads/test_ws/src/cpp_pubsub/install/cpp_pubsub/lib/cpp_pubsub/talker" to ""
[8.458s] -- Installing: /home/w0x7ce/Downloads/test_ws/src/cpp_pubsub/install/cpp_pubsub/lib/cpp_pubsub/listener
[8.460s] -- Set runtime path of "/home/w0x7ce/Downloads/test_ws/src/cpp_pubsub/install/cpp_pubsub/lib/cpp_pubsub/listener" to ""
[8.460s] -- Installing: /home/w0x7ce/Downloads/test_ws/src/cpp_pubsub/install/cpp_pubsub/share/ament_index/resource_index/package_run_dependencies/cpp_pubsub
[8.460s] -- Installing: /home/w0x7ce/Downloads/test_ws/src/cpp_pubsub/install/cpp_pubsub/share/ament_index/resource_index/parent_prefix_path/cpp_pubsub
[8.460s] -- Installing: /home/w0x7ce/Downloads/test_ws/src/cpp_pubsub/install/cpp_pubsub/share/cpp_pubsub/environment/ament_prefix_path.sh
[8.460s] -- Installing: /home/w0x7ce/Downloads/test_ws/src/cpp_pubsub/install/cpp_pubsub/share/cpp_pubsub/environment/ament_prefix_path.dsv
[8.460s] -- Installing: /home/w0x7ce/Downloads/test_ws/src/cpp_pubsub/install/cpp_pubsub/share/cpp_pubsub/environment/path.sh
[8.460s] -- Installing: /home/w0x7ce/Downloads/test_ws/src/cpp_pubsub/install/cpp_pubsub/share/cpp_pubsub/environment/path.dsv
[8.460s] -- Installing: /home/w0x7ce/Downloads/test_ws/src/cpp_pubsub/install/cpp_pubsub/share/cpp_pubsub/local_setup.bash
[8.460s] -- Installing: /home/w0x7ce/Downloads/test_ws/src/cpp_pubsub/install/cpp_pubsub/share/cpp_pubsub/local_setup.sh
[8.461s] -- Installing: /home/w0x7ce/Downloads/test_ws/src/cpp_pubsub/install/cpp_pubsub/share/cpp_pubsub/local_setup.zsh
[8.461s] -- Installing: /home/w0x7ce/Downloads/test_ws/src/cpp_pubsub/install/cpp_pubsub/share/cpp_pubsub/local_setup.dsv
[8.461s] -- Installing: /home/w0x7ce/Downloads/test_ws/src/cpp_pubsub/install/cpp_pubsub/share/cpp_pubsub/package.dsv
[8.461s] -- Installing: /home/w0x7ce/Downloads/test_ws/src/cpp_pubsub/install/cpp_pubsub/share/ament_index/resource_index/packages/cpp_pubsub
[8.461s] -- Installing: /home/w0x7ce/Downloads/test_ws/src/cpp_pubsub/install/cpp_pubsub/share/cpp_pubsub/cmake/cpp_pubsubConfig.cmake
[8.461s] -- Installing: /home/w0x7ce/Downloads/test_ws/src/cpp_pubsub/install/cpp_pubsub/share/cpp_pubsub/cmake/cpp_pubsubConfig-version.cmake
[8.461s] -- Installing: /home/w0x7ce/Downloads/test_ws/src/cpp_pubsub/install/cpp_pubsub/share/cpp_pubsub/package.xml
[8.462s] Invoked command in '/home/w0x7ce/Downloads/test_ws/src/cpp_pubsub/build/cpp_pubsub' returned '0': CMAKE_PREFIX_PATH=/opt/ros/humble CONDA_PROMPT_MODIFIER=(base) /usr/bin/cmake --install /home/w0x7ce/Downloads/test_ws/src/cpp_pubsub/build/cpp_pubsub
