[0.017s] Invoking command in '/home/w0x7ce/Desktop/d2lros2/chapt3/chapt3_ws/build/example_service_rclcpp': CMAKE_PREFIX_PATH=${CMAKE_PREFIX_PATH}:/opt/ros/humble /usr/bin/cmake --build /home/w0x7ce/Desktop/d2lros2/chapt3/chapt3_ws/build/example_service_rclcpp -- -j4 -l4
[0.041s] -- Found ament_cmake: 1.3.2 (/opt/ros/humble/share/ament_cmake/cmake)
[0.179s] -- Found rclcpp: 16.0.1 (/opt/ros/humble/share/rclcpp/cmake)
[0.209s] -- Found rosidl_generator_c: 3.1.3 (/opt/ros/humble/share/rosidl_generator_c/cmake)
[0.211s] -- Found rosidl_adapter: 3.1.3 (/opt/ros/humble/share/rosidl_adapter/cmake)
[0.217s] -- Found rosidl_generator_cpp: 3.1.3 (/opt/ros/humble/share/rosidl_generator_cpp/cmake)
[0.228s] -- Using all available rosidl_typesupport_c: rosidl_typesupport_fastrtps_c;rosidl_typesupport_introspection_c
[0.243s] -- Using all available rosidl_typesupport_cpp: rosidl_typesupport_fastrtps_cpp;rosidl_typesupport_introspection_cpp
[0.301s] -- Found rmw_implementation_cmake: 6.1.0 (/opt/ros/humble/share/rmw_implementation_cmake/cmake)
[0.302s] -- Found rmw_fastrtps_cpp: 6.2.1 (/opt/ros/humble/share/rmw_fastrtps_cpp/cmake)
[0.410s] -- Using RMW implementation 'rmw_fastrtps_cpp' as default
[0.564s] -- Found example_interfaces: 0.9.3 (/opt/ros/humble/share/example_interfaces/cmake)
[0.702s] -- Found ament_lint_auto: 0.12.4 (/opt/ros/humble/share/ament_lint_auto/cmake)
[0.762s] -- Added test 'cppcheck' to perform static code analysis on C / C++ code
[0.762s] -- Configured cppcheck include dirs: 
[0.762s] -- Configured cppcheck exclude dirs and/or files: 
[0.763s] -- Added test 'lint_cmake' to check CMake code style
[0.764s] -- Added test 'uncrustify' to check C / C++ code style
[0.764s] -- Configured uncrustify additional arguments: 
[0.764s] -- Added test 'xmllint' to check XML markup files
[0.767s] -- Configuring done
[0.780s] -- Generating done
[0.782s] -- Build files have been written to: /home/w0x7ce/Desktop/d2lros2/chapt3/chapt3_ws/build/example_service_rclcpp
[0.803s] [35m[1mConsolidate compiler generated dependencies of target service_client_01[0m
[0.803s] [35m[1mConsolidate compiler generated dependencies of target service_server_01[0m
[0.815s] [ 25%] [32mBuilding CXX object CMakeFiles/service_client_01.dir/src/service_client_01.cpp.o[0m
[0.821s] [ 75%] Built target service_server_01
[3.772s] [100%] [32m[1mLinking CXX executable service_client_01[0m
[3.913s] [100%] Built target service_client_01
[3.922s] Invoked command in '/home/w0x7ce/Desktop/d2lros2/chapt3/chapt3_ws/build/example_service_rclcpp' returned '0': CMAKE_PREFIX_PATH=${CMAKE_PREFIX_PATH}:/opt/ros/humble /usr/bin/cmake --build /home/w0x7ce/Desktop/d2lros2/chapt3/chapt3_ws/build/example_service_rclcpp -- -j4 -l4
[3.945s] Invoking command in '/home/w0x7ce/Desktop/d2lros2/chapt3/chapt3_ws/build/example_service_rclcpp': CMAKE_PREFIX_PATH=${CMAKE_PREFIX_PATH}:/opt/ros/humble /usr/bin/cmake --install /home/w0x7ce/Desktop/d2lros2/chapt3/chapt3_ws/build/example_service_rclcpp
[3.951s] -- Install configuration: ""
[3.951s] -- Up-to-date: /home/w0x7ce/Desktop/d2lros2/chapt3/chapt3_ws/install/example_service_rclcpp/share/ament_index/resource_index/package_run_dependencies/example_service_rclcpp
[3.951s] -- Up-to-date: /home/w0x7ce/Desktop/d2lros2/chapt3/chapt3_ws/install/example_service_rclcpp/share/ament_index/resource_index/parent_prefix_path/example_service_rclcpp
[3.952s] -- Up-to-date: /home/w0x7ce/Desktop/d2lros2/chapt3/chapt3_ws/install/example_service_rclcpp/share/example_service_rclcpp/environment/ament_prefix_path.sh
[3.952s] -- Installing: /home/w0x7ce/Desktop/d2lros2/chapt3/chapt3_ws/install/example_service_rclcpp/share/example_service_rclcpp/environment/ament_prefix_path.dsv
[3.952s] -- Up-to-date: /home/w0x7ce/Desktop/d2lros2/chapt3/chapt3_ws/install/example_service_rclcpp/share/example_service_rclcpp/environment/path.sh
[3.952s] -- Installing: /home/w0x7ce/Desktop/d2lros2/chapt3/chapt3_ws/install/example_service_rclcpp/share/example_service_rclcpp/environment/path.dsv
[3.952s] -- Up-to-date: /home/w0x7ce/Desktop/d2lros2/chapt3/chapt3_ws/install/example_service_rclcpp/share/example_service_rclcpp/local_setup.bash
[3.952s] -- Up-to-date: /home/w0x7ce/Desktop/d2lros2/chapt3/chapt3_ws/install/example_service_rclcpp/share/example_service_rclcpp/local_setup.sh
[3.952s] -- Up-to-date: /home/w0x7ce/Desktop/d2lros2/chapt3/chapt3_ws/install/example_service_rclcpp/share/example_service_rclcpp/local_setup.zsh
[3.952s] -- Installing: /home/w0x7ce/Desktop/d2lros2/chapt3/chapt3_ws/install/example_service_rclcpp/share/example_service_rclcpp/local_setup.dsv
[3.952s] -- Installing: /home/w0x7ce/Desktop/d2lros2/chapt3/chapt3_ws/install/example_service_rclcpp/share/example_service_rclcpp/package.dsv
[3.952s] -- Up-to-date: /home/w0x7ce/Desktop/d2lros2/chapt3/chapt3_ws/install/example_service_rclcpp/share/ament_index/resource_index/packages/example_service_rclcpp
[3.952s] -- Up-to-date: /home/w0x7ce/Desktop/d2lros2/chapt3/chapt3_ws/install/example_service_rclcpp/share/example_service_rclcpp/cmake/example_service_rclcppConfig.cmake
[3.952s] -- Up-to-date: /home/w0x7ce/Desktop/d2lros2/chapt3/chapt3_ws/install/example_service_rclcpp/share/example_service_rclcpp/cmake/example_service_rclcppConfig-version.cmake
[3.952s] -- Up-to-date: /home/w0x7ce/Desktop/d2lros2/chapt3/chapt3_ws/install/example_service_rclcpp/share/example_service_rclcpp/package.xml
[3.953s] -- Up-to-date: /home/w0x7ce/Desktop/d2lros2/chapt3/chapt3_ws/install/example_service_rclcpp/lib/example_service_rclcpp/service_server_01
[3.953s] -- Installing: /home/w0x7ce/Desktop/d2lros2/chapt3/chapt3_ws/install/example_service_rclcpp/lib/example_service_rclcpp/service_client_01
[3.954s] -- Set runtime path of "/home/w0x7ce/Desktop/d2lros2/chapt3/chapt3_ws/install/example_service_rclcpp/lib/example_service_rclcpp/service_client_01" to ""
[3.957s] Invoked command in '/home/w0x7ce/Desktop/d2lros2/chapt3/chapt3_ws/build/example_service_rclcpp' returned '0': CMAKE_PREFIX_PATH=${CMAKE_PREFIX_PATH}:/opt/ros/humble /usr/bin/cmake --install /home/w0x7ce/Desktop/d2lros2/chapt3/chapt3_ws/build/example_service_rclcpp
