-- Found ament_cmake: 1.3.2 (/opt/ros/humble/share/ament_cmake/cmake)
-- Found rclcpp: 16.0.1 (/opt/ros/humble/share/rclcpp/cmake)
-- Found rosidl_generator_c: 3.1.3 (/opt/ros/humble/share/rosidl_generator_c/cmake)
-- Found rosidl_adapter: 3.1.3 (/opt/ros/humble/share/rosidl_adapter/cmake)
-- Found rosidl_generator_cpp: 3.1.3 (/opt/ros/humble/share/rosidl_generator_cpp/cmake)
-- Using all available rosidl_typesupport_c: rosidl_typesupport_fastrtps_c;rosidl_typesupport_introspection_c
-- Using all available rosidl_typesupport_cpp: rosidl_typesupport_fastrtps_cpp;rosidl_typesupport_introspection_cpp
-- Found rmw_implementation_cmake: 6.1.0 (/opt/ros/humble/share/rmw_implementation_cmake/cmake)
-- Found rmw_fastrtps_cpp: 6.2.1 (/opt/ros/humble/share/rmw_fastrtps_cpp/cmake)
-- Found OpenSSL: /usr/lib/x86_64-linux-gnu/libcrypto.so (found version "3.0.2")  
-- Found FastRTPS: /opt/ros/humble/include  
-- Using RMW implementation 'rmw_fastrtps_cpp' as default
-- Found ament_lint_auto: 0.12.4 (/opt/ros/humble/share/ament_lint_auto/cmake)
-- Added test 'cppcheck' to perform static code analysis on C / C++ code
-- Configured cppcheck include dirs: 
-- Configured cppcheck exclude dirs and/or files: 
-- Added test 'lint_cmake' to check CMake code style
-- Added test 'uncrustify' to check C / C++ code style
-- Configured uncrustify additional arguments: 
-- Added test 'xmllint' to check XML markup files
-- Configuring done
-- Generating done
-- Build files have been written to: /home/w0x7ce/Desktop/d2lros2/chapt2/chapt2_ws/chapt2_ws/build/example_cpp
[ 50%] [32mBuilding CXX object CMakeFiles/node_01.dir/src/node_01.cpp.o[0m
[100%] [32m[1mLinking CXX executable node_01[0m
[100%] Built target node_01
-- Install configuration: ""
-- Installing: /home/w0x7ce/Desktop/d2lros2/chapt2/chapt2_ws/chapt2_ws/install/example_cpp/share/ament_index/resource_index/package_run_dependencies/example_cpp
-- Installing: /home/w0x7ce/Desktop/d2lros2/chapt2/chapt2_ws/chapt2_ws/install/example_cpp/share/ament_index/resource_index/parent_prefix_path/example_cpp
-- Installing: /home/w0x7ce/Desktop/d2lros2/chapt2/chapt2_ws/chapt2_ws/install/example_cpp/share/example_cpp/environment/ament_prefix_path.sh
-- Installing: /home/w0x7ce/Desktop/d2lros2/chapt2/chapt2_ws/chapt2_ws/install/example_cpp/share/example_cpp/environment/ament_prefix_path.dsv
-- Installing: /home/w0x7ce/Desktop/d2lros2/chapt2/chapt2_ws/chapt2_ws/install/example_cpp/share/example_cpp/environment/path.sh
-- Installing: /home/w0x7ce/Desktop/d2lros2/chapt2/chapt2_ws/chapt2_ws/install/example_cpp/share/example_cpp/environment/path.dsv
-- Installing: /home/w0x7ce/Desktop/d2lros2/chapt2/chapt2_ws/chapt2_ws/install/example_cpp/share/example_cpp/local_setup.bash
-- Installing: /home/w0x7ce/Desktop/d2lros2/chapt2/chapt2_ws/chapt2_ws/install/example_cpp/share/example_cpp/local_setup.sh
-- Installing: /home/w0x7ce/Desktop/d2lros2/chapt2/chapt2_ws/chapt2_ws/install/example_cpp/share/example_cpp/local_setup.zsh
-- Installing: /home/w0x7ce/Desktop/d2lros2/chapt2/chapt2_ws/chapt2_ws/install/example_cpp/share/example_cpp/local_setup.dsv
-- Installing: /home/w0x7ce/Desktop/d2lros2/chapt2/chapt2_ws/chapt2_ws/install/example_cpp/share/example_cpp/package.dsv
-- Installing: /home/w0x7ce/Desktop/d2lros2/chapt2/chapt2_ws/chapt2_ws/install/example_cpp/share/ament_index/resource_index/packages/example_cpp
-- Installing: /home/w0x7ce/Desktop/d2lros2/chapt2/chapt2_ws/chapt2_ws/install/example_cpp/share/example_cpp/cmake/example_cppConfig.cmake
-- Installing: /home/w0x7ce/Desktop/d2lros2/chapt2/chapt2_ws/chapt2_ws/install/example_cpp/share/example_cpp/cmake/example_cppConfig-version.cmake
-- Installing: /home/w0x7ce/Desktop/d2lros2/chapt2/chapt2_ws/chapt2_ws/install/example_cpp/share/example_cpp/package.xml
-- Installing: /home/w0x7ce/Desktop/d2lros2/chapt2/chapt2_ws/chapt2_ws/install/example_cpp/lib/example_cpp/node_01
-- Set runtime path of "/home/w0x7ce/Desktop/d2lros2/chapt2/chapt2_ws/chapt2_ws/install/example_cpp/lib/example_cpp/node_01" to ""
