[0.009s] Invoking command in '/home/w0x7ce/Desktop/d2lros2/chapt2/chapt2_ws/chapt2_ws/build/example_cpp': CMAKE_PREFIX_PATH=/opt/ros/humble /usr/bin/cmake /home/w0x7ce/Desktop/d2lros2/chapt2/chapt2_ws/chapt2_ws/src/example_cpp -DCMAKE_INSTALL_PREFIX=/home/w0x7ce/Desktop/d2lros2/chapt2/chapt2_ws/chapt2_ws/install/example_cpp
[0.020s] -- Found ament_cmake: 1.3.2 (/opt/ros/humble/share/ament_cmake/cmake)
[0.133s] -- Found rclcpp: 16.0.1 (/opt/ros/humble/share/rclcpp/cmake)
[0.188s] -- Found rosidl_generator_c: 3.1.3 (/opt/ros/humble/share/rosidl_generator_c/cmake)
[0.193s] -- Found rosidl_adapter: 3.1.3 (/opt/ros/humble/share/rosidl_adapter/cmake)
[0.205s] -- Found rosidl_generator_cpp: 3.1.3 (/opt/ros/humble/share/rosidl_generator_cpp/cmake)
[0.222s] -- Using all available rosidl_typesupport_c: rosidl_typesupport_fastrtps_c;rosidl_typesupport_introspection_c
[0.241s] -- Using all available rosidl_typesupport_cpp: rosidl_typesupport_fastrtps_cpp;rosidl_typesupport_introspection_cpp
[0.307s] -- Found rmw_implementation_cmake: 6.1.0 (/opt/ros/humble/share/rmw_implementation_cmake/cmake)
[0.311s] -- Found rmw_fastrtps_cpp: 6.2.1 (/opt/ros/humble/share/rmw_fastrtps_cpp/cmake)
[0.390s] -- Found OpenSSL: /usr/lib/x86_64-linux-gnu/libcrypto.so (found version "3.0.2")  
[0.410s] -- Found FastRTPS: /opt/ros/humble/include  
[0.441s] -- Using RMW implementation 'rmw_fastrtps_cpp' as default
[0.570s] -- Found ament_lint_auto: 0.12.4 (/opt/ros/humble/share/ament_lint_auto/cmake)
[0.651s] -- Added test 'cppcheck' to perform static code analysis on C / C++ code
[0.651s] -- Configured cppcheck include dirs: 
[0.651s] -- Configured cppcheck exclude dirs and/or files: 
[0.652s] -- Added test 'lint_cmake' to check CMake code style
[0.655s] -- Added test 'uncrustify' to check C / C++ code style
[0.656s] -- Configured uncrustify additional arguments: 
[0.657s] -- Added test 'xmllint' to check XML markup files
[0.661s] -- Configuring done
[0.676s] -- Generating done
[0.676s] -- Build files have been written to: /home/w0x7ce/Desktop/d2lros2/chapt2/chapt2_ws/chapt2_ws/build/example_cpp
[0.683s] Invoked command in '/home/w0x7ce/Desktop/d2lros2/chapt2/chapt2_ws/chapt2_ws/build/example_cpp' returned '0': CMAKE_PREFIX_PATH=/opt/ros/humble /usr/bin/cmake /home/w0x7ce/Desktop/d2lros2/chapt2/chapt2_ws/chapt2_ws/src/example_cpp -DCMAKE_INSTALL_PREFIX=/home/w0x7ce/Desktop/d2lros2/chapt2/chapt2_ws/chapt2_ws/install/example_cpp
[0.683s] Invoking command in '/home/w0x7ce/Desktop/d2lros2/chapt2/chapt2_ws/chapt2_ws/build/example_cpp': CMAKE_PREFIX_PATH=/opt/ros/humble /usr/bin/cmake --build /home/w0x7ce/Desktop/d2lros2/chapt2/chapt2_ws/chapt2_ws/build/example_cpp -- -j2 -l2
[0.720s] [ 50%] [32mBuilding CXX object CMakeFiles/node_01.dir/src/node_01.cpp.o[0m
[4.677s] [100%] [32m[1mLinking CXX executable node_01[0m
[4.794s] [100%] Built target node_01
[4.805s] Invoked command in '/home/w0x7ce/Desktop/d2lros2/chapt2/chapt2_ws/chapt2_ws/build/example_cpp' returned '0': CMAKE_PREFIX_PATH=/opt/ros/humble /usr/bin/cmake --build /home/w0x7ce/Desktop/d2lros2/chapt2/chapt2_ws/chapt2_ws/build/example_cpp -- -j2 -l2
[4.829s] Invoking command in '/home/w0x7ce/Desktop/d2lros2/chapt2/chapt2_ws/chapt2_ws/build/example_cpp': CMAKE_PREFIX_PATH=/opt/ros/humble /usr/bin/cmake --install /home/w0x7ce/Desktop/d2lros2/chapt2/chapt2_ws/chapt2_ws/build/example_cpp
[4.835s] -- Install configuration: ""
[4.835s] -- Installing: /home/w0x7ce/Desktop/d2lros2/chapt2/chapt2_ws/chapt2_ws/install/example_cpp/share/ament_index/resource_index/package_run_dependencies/example_cpp
[4.836s] -- Installing: /home/w0x7ce/Desktop/d2lros2/chapt2/chapt2_ws/chapt2_ws/install/example_cpp/share/ament_index/resource_index/parent_prefix_path/example_cpp
[4.836s] -- Installing: /home/w0x7ce/Desktop/d2lros2/chapt2/chapt2_ws/chapt2_ws/install/example_cpp/share/example_cpp/environment/ament_prefix_path.sh
[4.836s] -- Installing: /home/w0x7ce/Desktop/d2lros2/chapt2/chapt2_ws/chapt2_ws/install/example_cpp/share/example_cpp/environment/ament_prefix_path.dsv
[4.837s] -- Installing: /home/w0x7ce/Desktop/d2lros2/chapt2/chapt2_ws/chapt2_ws/install/example_cpp/share/example_cpp/environment/path.sh
[4.837s] -- Installing: /home/w0x7ce/Desktop/d2lros2/chapt2/chapt2_ws/chapt2_ws/install/example_cpp/share/example_cpp/environment/path.dsv
[4.837s] -- Installing: /home/w0x7ce/Desktop/d2lros2/chapt2/chapt2_ws/chapt2_ws/install/example_cpp/share/example_cpp/local_setup.bash
[4.837s] -- Installing: /home/w0x7ce/Desktop/d2lros2/chapt2/chapt2_ws/chapt2_ws/install/example_cpp/share/example_cpp/local_setup.sh
[4.838s] -- Installing: /home/w0x7ce/Desktop/d2lros2/chapt2/chapt2_ws/chapt2_ws/install/example_cpp/share/example_cpp/local_setup.zsh
[4.838s] -- Installing: /home/w0x7ce/Desktop/d2lros2/chapt2/chapt2_ws/chapt2_ws/install/example_cpp/share/example_cpp/local_setup.dsv
[4.838s] -- Installing: /home/w0x7ce/Desktop/d2lros2/chapt2/chapt2_ws/chapt2_ws/install/example_cpp/share/example_cpp/package.dsv
[4.839s] -- Installing: /home/w0x7ce/Desktop/d2lros2/chapt2/chapt2_ws/chapt2_ws/install/example_cpp/share/ament_index/resource_index/packages/example_cpp
[4.839s] -- Installing: /home/w0x7ce/Desktop/d2lros2/chapt2/chapt2_ws/chapt2_ws/install/example_cpp/share/example_cpp/cmake/example_cppConfig.cmake
[4.839s] -- Installing: /home/w0x7ce/Desktop/d2lros2/chapt2/chapt2_ws/chapt2_ws/install/example_cpp/share/example_cpp/cmake/example_cppConfig-version.cmake
[4.839s] -- Installing: /home/w0x7ce/Desktop/d2lros2/chapt2/chapt2_ws/chapt2_ws/install/example_cpp/share/example_cpp/package.xml
[4.848s] -- Installing: /home/w0x7ce/Desktop/d2lros2/chapt2/chapt2_ws/chapt2_ws/install/example_cpp/lib/example_cpp/node_01
[4.848s] -- Set runtime path of "/home/w0x7ce/Desktop/d2lros2/chapt2/chapt2_ws/chapt2_ws/install/example_cpp/lib/example_cpp/node_01" to ""
[4.851s] Invoked command in '/home/w0x7ce/Desktop/d2lros2/chapt2/chapt2_ws/chapt2_ws/build/example_cpp' returned '0': CMAKE_PREFIX_PATH=/opt/ros/humble /usr/bin/cmake --install /home/w0x7ce/Desktop/d2lros2/chapt2/chapt2_ws/chapt2_ws/build/example_cpp
