[0.032s] Invoking command in '/home/w0x7ce/Desktop/d2lros2/chapt3/cpp_srvcli/build/cpp_srvcli': CMAKE_PREFIX_PATH=${CMAKE_PREFIX_PATH}:/opt/ros/humble CONDA_PROMPT_MODIFIER=(base) /usr/bin/cmake --build /home/w0x7ce/Desktop/d2lros2/chapt3/cpp_srvcli/build/cpp_srvcli -- -j4 -l4
[0.083s] [ 50%] [32mBuilding CXX object CMakeFiles/client.dir/src/add_two_ints_client.cpp.o[0m
[0.083s] [ 50%] [32mBuilding CXX object CMakeFiles/server.dir/src/add_two_ints_server.cpp.o[0m
[3.369s] [ 75%] [32m[1mLinking CXX executable server[0m
[3.538s] [ 75%] Built target server
[3.556s] [100%] [32m[1mLinking CXX executable client[0m
[3.719s] [100%] Built target client
[3.732s] Invoked command in '/home/w0x7ce/Desktop/d2lros2/chapt3/cpp_srvcli/build/cpp_srvcli' returned '0': CMAKE_PREFIX_PATH=${CMAKE_PREFIX_PATH}:/opt/ros/humble CONDA_PROMPT_MODIFIER=(base) /usr/bin/cmake --build /home/w0x7ce/Desktop/d2lros2/chapt3/cpp_srvcli/build/cpp_srvcli -- -j4 -l4
[3.778s] Invoking command in '/home/w0x7ce/Desktop/d2lros2/chapt3/cpp_srvcli/build/cpp_srvcli': CMAKE_PREFIX_PATH=${CMAKE_PREFIX_PATH}:/opt/ros/humble CONDA_PROMPT_MODIFIER=(base) /usr/bin/cmake --install /home/w0x7ce/Desktop/d2lros2/chapt3/cpp_srvcli/build/cpp_srvcli
[3.786s] -- Install configuration: ""
[3.786s] -- Installing: /home/w0x7ce/Desktop/d2lros2/chapt3/cpp_srvcli/install/cpp_srvcli/lib/cpp_srvcli/server
[3.787s] -- Set runtime path of "/home/w0x7ce/Desktop/d2lros2/chapt3/cpp_srvcli/install/cpp_srvcli/lib/cpp_srvcli/server" to ""
[3.787s] -- Installing: /home/w0x7ce/Desktop/d2lros2/chapt3/cpp_srvcli/install/cpp_srvcli/lib/cpp_srvcli/client
[3.788s] -- Set runtime path of "/home/w0x7ce/Desktop/d2lros2/chapt3/cpp_srvcli/install/cpp_srvcli/lib/cpp_srvcli/client" to ""
[3.788s] -- Up-to-date: /home/w0x7ce/Desktop/d2lros2/chapt3/cpp_srvcli/install/cpp_srvcli/share/ament_index/resource_index/package_run_dependencies/cpp_srvcli
[3.788s] -- Up-to-date: /home/w0x7ce/Desktop/d2lros2/chapt3/cpp_srvcli/install/cpp_srvcli/share/ament_index/resource_index/parent_prefix_path/cpp_srvcli
[3.788s] -- Up-to-date: /home/w0x7ce/Desktop/d2lros2/chapt3/cpp_srvcli/install/cpp_srvcli/share/cpp_srvcli/environment/ament_prefix_path.sh
[3.788s] -- Up-to-date: /home/w0x7ce/Desktop/d2lros2/chapt3/cpp_srvcli/install/cpp_srvcli/share/cpp_srvcli/environment/ament_prefix_path.dsv
[3.788s] -- Up-to-date: /home/w0x7ce/Desktop/d2lros2/chapt3/cpp_srvcli/install/cpp_srvcli/share/cpp_srvcli/environment/path.sh
[3.789s] -- Up-to-date: /home/w0x7ce/Desktop/d2lros2/chapt3/cpp_srvcli/install/cpp_srvcli/share/cpp_srvcli/environment/path.dsv
[3.789s] -- Up-to-date: /home/w0x7ce/Desktop/d2lros2/chapt3/cpp_srvcli/install/cpp_srvcli/share/cpp_srvcli/local_setup.bash
[3.789s] -- Up-to-date: /home/w0x7ce/Desktop/d2lros2/chapt3/cpp_srvcli/install/cpp_srvcli/share/cpp_srvcli/local_setup.sh
[3.789s] -- Up-to-date: /home/w0x7ce/Desktop/d2lros2/chapt3/cpp_srvcli/install/cpp_srvcli/share/cpp_srvcli/local_setup.zsh
[3.789s] -- Up-to-date: /home/w0x7ce/Desktop/d2lros2/chapt3/cpp_srvcli/install/cpp_srvcli/share/cpp_srvcli/local_setup.dsv
[3.789s] -- Installing: /home/w0x7ce/Desktop/d2lros2/chapt3/cpp_srvcli/install/cpp_srvcli/share/cpp_srvcli/package.dsv
[3.789s] -- Up-to-date: /home/w0x7ce/Desktop/d2lros2/chapt3/cpp_srvcli/install/cpp_srvcli/share/ament_index/resource_index/packages/cpp_srvcli
[3.789s] -- Up-to-date: /home/w0x7ce/Desktop/d2lros2/chapt3/cpp_srvcli/install/cpp_srvcli/share/cpp_srvcli/cmake/cpp_srvcliConfig.cmake
[3.789s] -- Up-to-date: /home/w0x7ce/Desktop/d2lros2/chapt3/cpp_srvcli/install/cpp_srvcli/share/cpp_srvcli/cmake/cpp_srvcliConfig-version.cmake
[3.789s] -- Up-to-date: /home/w0x7ce/Desktop/d2lros2/chapt3/cpp_srvcli/install/cpp_srvcli/share/cpp_srvcli/package.xml
[3.794s] Invoked command in '/home/w0x7ce/Desktop/d2lros2/chapt3/cpp_srvcli/build/cpp_srvcli' returned '0': CMAKE_PREFIX_PATH=${CMAKE_PREFIX_PATH}:/opt/ros/humble CONDA_PROMPT_MODIFIER=(base) /usr/bin/cmake --install /home/w0x7ce/Desktop/d2lros2/chapt3/cpp_srvcli/build/cpp_srvcli
