-- Found ament_cmake: 1.3.2 (/opt/ros/humble/share/ament_cmake/cmake)
-- Found rclcpp: 16.0.1 (/opt/ros/humble/share/rclcpp/cmake)
-- Found rosidl_generator_c: 3.1.3 (/opt/ros/humble/share/rosidl_generator_c/cmake)
-- Found rosidl_adapter: 3.1.3 (/opt/ros/humble/share/rosidl_adapter/cmake)
-- Found rosidl_generator_cpp: 3.1.3 (/opt/ros/humble/share/rosidl_generator_cpp/cmake)
-- Using all available rosidl_typesupport_c: rosidl_typesupport_fastrtps_c;rosidl_typesupport_introspection_c
-- Using all available rosidl_typesupport_cpp: rosidl_typesupport_fastrtps_cpp;rosidl_typesupport_introspection_cpp
-- Found rmw_implementation_cmake: 6.1.0 (/opt/ros/humble/share/rmw_implementation_cmake/cmake)
-- Found rmw_fastrtps_cpp: 6.2.1 (/opt/ros/humble/share/rmw_fastrtps_cpp/cmake)
-- Using RMW implementation 'rmw_fastrtps_cpp' as default
[31mCMake Error at CMakeLists.txt:10 (find_package):
  By not providing "Findexample_ros2_interfaces.cmake" in CMAKE_MODULE_PATH
  this project has asked CMake to find a package configuration file provided
  by "example_ros2_interfaces", but CMake did not find one.

  Could not find a package configuration file provided by
  "example_ros2_interfaces" with any of the following names:

    example_ros2_interfacesConfig.cmake
    example_ros2_interfaces-config.cmake

  Add the installation prefix of "example_ros2_interfaces" to
  CMAKE_PREFIX_PATH or set "example_ros2_interfaces_DIR" to a directory
  containing one of the above files.  If "example_ros2_interfaces" provides a
  separate development package or SDK, be sure it has been installed.

[0m
-- Configuring incomplete, errors occurred!
See also "/home/w0x7ce/Desktop/d2lros2/chapt3/chapt3_ws/build/example_interfaces_rclcpp/CMakeFiles/CMakeOutput.log".
