[0.647s] DEBUG:colcon:Command line arguments: ['/home/w0x7ce/anaconda3/bin/colcon', 'build']
[0.647s] DEBUG:colcon:Parsed command line arguments: Namespace(log_base=None, log_level=None, verb_name='build', build_base='build', install_base='install', merge_install=False, symlink_install=False, test_result_base=None, continue_on_error=False, executor='parallel', parallel_workers=4, event_handlers=None, ignore_user_meta=False, metas=['./colcon.meta'], base_paths=['.'], packages_ignore=None, packages_ignore_regex=None, paths=None, packages_up_to=None, packages_up_to_regex=None, packages_above=None, packages_above_and_dependencies=None, packages_above_depth=None, packages_select_by_dep=None, packages_skip_by_dep=None, packages_skip_up_to=None, packages_select_build_failed=False, packages_skip_build_finished=False, packages_select_test_failures=False, packages_skip_test_passed=False, packages_select=None, packages_skip=None, packages_select_regex=None, packages_skip_regex=None, packages_start=None, packages_end=None, cmake_args=None, cmake_target=None, cmake_target_skip_unavailable=False, cmake_clean_cache=False, cmake_clean_first=False, cmake_force_configure=False, ament_cmake_args=None, catkin_cmake_args=None, catkin_skip_building_tests=False, verb_parser=<colcon_defaults.argument_parser.defaults.DefaultArgumentsDecorator object at 0x7f023e3500d0>, verb_extension=<colcon_core.verb.build.BuildVerb object at 0x7f023e36a970>, main=<bound method BuildVerb.main of <colcon_core.verb.build.BuildVerb object at 0x7f023e36a970>>)
[0.702s] Level 1:colcon.colcon_core.package_discovery:discover_packages(colcon_meta) check parameters
[0.702s] Level 1:colcon.colcon_core.package_discovery:discover_packages(recursive) check parameters
[0.702s] Level 1:colcon.colcon_core.package_discovery:discover_packages(ignore) check parameters
[0.702s] Level 1:colcon.colcon_core.package_discovery:discover_packages(path) check parameters
[0.702s] Level 1:colcon.colcon_core.package_discovery:discover_packages(colcon_meta) discover
[0.703s] Level 1:colcon.colcon_core.package_discovery:discover_packages(recursive) discover
[0.703s] INFO:colcon.colcon_core.package_discovery:Crawling recursively for packages in '/home/w0x7ce/Desktop/d2lros2/chapt3/cpp_pubsub'
[0.703s] Level 1:colcon.colcon_core.package_identification:_identify(.) by extensions ['ignore', 'ignore_ament_install']
[0.703s] Level 1:colcon.colcon_core.package_identification:_identify(.) by extension 'ignore'
[0.703s] Level 1:colcon.colcon_core.package_identification:_identify(.) by extension 'ignore_ament_install'
[0.703s] Level 1:colcon.colcon_core.package_identification:_identify(.) by extensions ['colcon_pkg']
[0.703s] Level 1:colcon.colcon_core.package_identification:_identify(.) by extension 'colcon_pkg'
[0.703s] Level 1:colcon.colcon_core.package_identification:_identify(.) by extensions ['colcon_meta']
[0.703s] Level 1:colcon.colcon_core.package_identification:_identify(.) by extension 'colcon_meta'
[0.703s] Level 1:colcon.colcon_core.package_identification:_identify(.) by extensions ['ros']
[0.703s] Level 1:colcon.colcon_core.package_identification:_identify(.) by extension 'ros'
[0.774s] DEBUG:colcon.colcon_core.package_identification:Package '.' with type 'ros.ament_cmake' and name 'cpp_pubsub'
[0.774s] Level 1:colcon.colcon_core.package_discovery:discover_packages(recursive) using defaults
[0.775s] Level 1:colcon.colcon_core.package_discovery:discover_packages(ignore) discover
[0.775s] Level 1:colcon.colcon_core.package_discovery:discover_packages(ignore) using defaults
[0.775s] Level 1:colcon.colcon_core.package_discovery:discover_packages(path) discover
[0.775s] Level 1:colcon.colcon_core.package_discovery:discover_packages(path) using defaults
[0.818s] Level 5:colcon.colcon_core.verb:set package 'cpp_pubsub' build argument 'cmake_args' from command line to 'None'
[0.818s] Level 5:colcon.colcon_core.verb:set package 'cpp_pubsub' build argument 'cmake_target' from command line to 'None'
[0.818s] Level 5:colcon.colcon_core.verb:set package 'cpp_pubsub' build argument 'cmake_target_skip_unavailable' from command line to 'False'
[0.818s] Level 5:colcon.colcon_core.verb:set package 'cpp_pubsub' build argument 'cmake_clean_cache' from command line to 'False'
[0.818s] Level 5:colcon.colcon_core.verb:set package 'cpp_pubsub' build argument 'cmake_clean_first' from command line to 'False'
[0.818s] Level 5:colcon.colcon_core.verb:set package 'cpp_pubsub' build argument 'cmake_force_configure' from command line to 'False'
[0.818s] Level 5:colcon.colcon_core.verb:set package 'cpp_pubsub' build argument 'ament_cmake_args' from command line to 'None'
[0.818s] Level 5:colcon.colcon_core.verb:set package 'cpp_pubsub' build argument 'catkin_cmake_args' from command line to 'None'
[0.818s] Level 5:colcon.colcon_core.verb:set package 'cpp_pubsub' build argument 'catkin_skip_building_tests' from command line to 'False'
[0.819s] DEBUG:colcon.colcon_core.verb:Building package 'cpp_pubsub' with the following arguments: {'ament_cmake_args': None, 'build_base': '/home/w0x7ce/Desktop/d2lros2/chapt3/cpp_pubsub/build/cpp_pubsub', 'catkin_cmake_args': None, 'catkin_skip_building_tests': False, 'cmake_args': None, 'cmake_clean_cache': False, 'cmake_clean_first': False, 'cmake_force_configure': False, 'cmake_target': None, 'cmake_target_skip_unavailable': False, 'install_base': '/home/w0x7ce/Desktop/d2lros2/chapt3/cpp_pubsub/install/cpp_pubsub', 'merge_install': False, 'path': '/home/w0x7ce/Desktop/d2lros2/chapt3/cpp_pubsub', 'symlink_install': False, 'test_result_base': None}
[0.821s] INFO:colcon.colcon_core.executor:Executing jobs using 'parallel' executor
[0.835s] DEBUG:colcon.colcon_parallel_executor.executor.parallel:run_until_complete
[0.836s] INFO:colcon.colcon_ros.task.ament_cmake.build:Building ROS package in '/home/w0x7ce/Desktop/d2lros2/chapt3/cpp_pubsub' with build type 'ament_cmake'
[0.836s] INFO:colcon.colcon_cmake.task.cmake.build:Building CMake package in '/home/w0x7ce/Desktop/d2lros2/chapt3/cpp_pubsub'
[0.847s] INFO:colcon.colcon_core.plugin_system:Skipping extension 'colcon_core.shell.bat': Not used on non-Windows systems
[0.847s] INFO:colcon.colcon_core.shell:Skip shell extension 'powershell' for command environment: Not usable outside of PowerShell
[0.847s] DEBUG:colcon.colcon_core.shell:Skip shell extension 'dsv' for command environment
[0.868s] DEBUG:colcon.colcon_core.event_handler.log_command:Invoking command in '/home/w0x7ce/Desktop/d2lros2/chapt3/cpp_pubsub/build/cpp_pubsub': CMAKE_PREFIX_PATH=/opt/ros/humble CONDA_PROMPT_MODIFIER=(base) /usr/bin/cmake --build /home/w0x7ce/Desktop/d2lros2/chapt3/cpp_pubsub/build/cpp_pubsub -- -j4 -l4
[0.902s] DEBUG:colcon.colcon_core.event_handler.log_command:Invoked command in '/home/w0x7ce/Desktop/d2lros2/chapt3/cpp_pubsub/build/cpp_pubsub' returned '0': CMAKE_PREFIX_PATH=/opt/ros/humble CONDA_PROMPT_MODIFIER=(base) /usr/bin/cmake --build /home/w0x7ce/Desktop/d2lros2/chapt3/cpp_pubsub/build/cpp_pubsub -- -j4 -l4
[0.932s] DEBUG:colcon.colcon_core.event_handler.log_command:Invoking command in '/home/w0x7ce/Desktop/d2lros2/chapt3/cpp_pubsub/build/cpp_pubsub': CMAKE_PREFIX_PATH=/opt/ros/humble CONDA_PROMPT_MODIFIER=(base) /usr/bin/cmake --install /home/w0x7ce/Desktop/d2lros2/chapt3/cpp_pubsub/build/cpp_pubsub
[0.941s] Level 1:colcon.colcon_core.environment:create_environment_scripts_only(cpp_pubsub)
[0.952s] DEBUG:colcon.colcon_core.event_handler.log_command:Invoked command in '/home/w0x7ce/Desktop/d2lros2/chapt3/cpp_pubsub/build/cpp_pubsub' returned '0': CMAKE_PREFIX_PATH=/opt/ros/humble CONDA_PROMPT_MODIFIER=(base) /usr/bin/cmake --install /home/w0x7ce/Desktop/d2lros2/chapt3/cpp_pubsub/build/cpp_pubsub
[0.954s] Level 1:colcon.colcon_core.environment:checking '/home/w0x7ce/Desktop/d2lros2/chapt3/cpp_pubsub/install/cpp_pubsub' for CMake module files
[0.955s] Level 1:colcon.colcon_core.environment:checking '/home/w0x7ce/Desktop/d2lros2/chapt3/cpp_pubsub/install/cpp_pubsub' for CMake config files
[0.955s] Level 1:colcon.colcon_core.shell:create_environment_hook('cpp_pubsub', 'cmake_prefix_path')
[0.961s] INFO:colcon.colcon_core.shell:Creating environment hook '/home/w0x7ce/Desktop/d2lros2/chapt3/cpp_pubsub/install/cpp_pubsub/share/cpp_pubsub/hook/cmake_prefix_path.ps1'
[0.962s] INFO:colcon.colcon_core.shell:Creating environment descriptor '/home/w0x7ce/Desktop/d2lros2/chapt3/cpp_pubsub/install/cpp_pubsub/share/cpp_pubsub/hook/cmake_prefix_path.dsv'
[0.962s] INFO:colcon.colcon_core.shell:Creating environment hook '/home/w0x7ce/Desktop/d2lros2/chapt3/cpp_pubsub/install/cpp_pubsub/share/cpp_pubsub/hook/cmake_prefix_path.sh'
[0.963s] Level 1:colcon.colcon_core.environment:checking '/home/w0x7ce/Desktop/d2lros2/chapt3/cpp_pubsub/install/cpp_pubsub/bin'
[0.963s] Level 1:colcon.colcon_core.environment:checking '/home/w0x7ce/Desktop/d2lros2/chapt3/cpp_pubsub/install/cpp_pubsub/lib/pkgconfig/cpp_pubsub.pc'
[0.965s] Level 1:colcon.colcon_core.environment:checking '/home/w0x7ce/Desktop/d2lros2/chapt3/cpp_pubsub/install/cpp_pubsub/lib/python3.9/site-packages'
[0.966s] Level 1:colcon.colcon_core.environment:checking '/home/w0x7ce/Desktop/d2lros2/chapt3/cpp_pubsub/install/cpp_pubsub/bin'
[0.972s] INFO:colcon.colcon_core.shell:Creating package script '/home/w0x7ce/Desktop/d2lros2/chapt3/cpp_pubsub/install/cpp_pubsub/share/cpp_pubsub/package.ps1'
[0.974s] INFO:colcon.colcon_core.shell:Creating package descriptor '/home/w0x7ce/Desktop/d2lros2/chapt3/cpp_pubsub/install/cpp_pubsub/share/cpp_pubsub/package.dsv'
[0.974s] INFO:colcon.colcon_core.shell:Creating package script '/home/w0x7ce/Desktop/d2lros2/chapt3/cpp_pubsub/install/cpp_pubsub/share/cpp_pubsub/package.sh'
[0.976s] INFO:colcon.colcon_core.shell:Creating package script '/home/w0x7ce/Desktop/d2lros2/chapt3/cpp_pubsub/install/cpp_pubsub/share/cpp_pubsub/package.bash'
[0.976s] INFO:colcon.colcon_core.shell:Creating package script '/home/w0x7ce/Desktop/d2lros2/chapt3/cpp_pubsub/install/cpp_pubsub/share/cpp_pubsub/package.zsh'
[0.977s] Level 1:colcon.colcon_core.environment:create_file_with_runtime_dependencies(/home/w0x7ce/Desktop/d2lros2/chapt3/cpp_pubsub/install/cpp_pubsub/share/colcon-core/packages/cpp_pubsub)
[1.005s] Level 1:colcon.colcon_core.environment:create_environment_scripts_only(cpp_pubsub)
[1.012s] Level 1:colcon.colcon_core.environment:checking '/home/w0x7ce/Desktop/d2lros2/chapt3/cpp_pubsub/install/cpp_pubsub' for CMake module files
[1.013s] Level 1:colcon.colcon_core.environment:checking '/home/w0x7ce/Desktop/d2lros2/chapt3/cpp_pubsub/install/cpp_pubsub' for CMake config files
[1.013s] Level 1:colcon.colcon_core.shell:create_environment_hook('cpp_pubsub', 'cmake_prefix_path')
[1.020s] INFO:colcon.colcon_core.shell:Creating environment hook '/home/w0x7ce/Desktop/d2lros2/chapt3/cpp_pubsub/install/cpp_pubsub/share/cpp_pubsub/hook/cmake_prefix_path.ps1'
[1.020s] INFO:colcon.colcon_core.shell:Creating environment descriptor '/home/w0x7ce/Desktop/d2lros2/chapt3/cpp_pubsub/install/cpp_pubsub/share/cpp_pubsub/hook/cmake_prefix_path.dsv'
[1.021s] INFO:colcon.colcon_core.shell:Creating environment hook '/home/w0x7ce/Desktop/d2lros2/chapt3/cpp_pubsub/install/cpp_pubsub/share/cpp_pubsub/hook/cmake_prefix_path.sh'
[1.021s] Level 1:colcon.colcon_core.environment:checking '/home/w0x7ce/Desktop/d2lros2/chapt3/cpp_pubsub/install/cpp_pubsub/bin'
[1.021s] Level 1:colcon.colcon_core.environment:checking '/home/w0x7ce/Desktop/d2lros2/chapt3/cpp_pubsub/install/cpp_pubsub/lib/pkgconfig/cpp_pubsub.pc'
[1.022s] Level 1:colcon.colcon_core.environment:checking '/home/w0x7ce/Desktop/d2lros2/chapt3/cpp_pubsub/install/cpp_pubsub/lib/python3.9/site-packages'
[1.022s] Level 1:colcon.colcon_core.environment:checking '/home/w0x7ce/Desktop/d2lros2/chapt3/cpp_pubsub/install/cpp_pubsub/bin'
[1.029s] INFO:colcon.colcon_core.shell:Creating package script '/home/w0x7ce/Desktop/d2lros2/chapt3/cpp_pubsub/install/cpp_pubsub/share/cpp_pubsub/package.ps1'
[1.029s] INFO:colcon.colcon_core.shell:Creating package descriptor '/home/w0x7ce/Desktop/d2lros2/chapt3/cpp_pubsub/install/cpp_pubsub/share/cpp_pubsub/package.dsv'
[1.030s] INFO:colcon.colcon_core.shell:Creating package script '/home/w0x7ce/Desktop/d2lros2/chapt3/cpp_pubsub/install/cpp_pubsub/share/cpp_pubsub/package.sh'
[1.030s] INFO:colcon.colcon_core.shell:Creating package script '/home/w0x7ce/Desktop/d2lros2/chapt3/cpp_pubsub/install/cpp_pubsub/share/cpp_pubsub/package.bash'
[1.031s] INFO:colcon.colcon_core.shell:Creating package script '/home/w0x7ce/Desktop/d2lros2/chapt3/cpp_pubsub/install/cpp_pubsub/share/cpp_pubsub/package.zsh'
[1.031s] Level 1:colcon.colcon_core.environment:create_file_with_runtime_dependencies(/home/w0x7ce/Desktop/d2lros2/chapt3/cpp_pubsub/install/cpp_pubsub/share/colcon-core/packages/cpp_pubsub)
[1.031s] DEBUG:colcon.colcon_parallel_executor.executor.parallel:closing loop
[1.032s] DEBUG:colcon.colcon_parallel_executor.executor.parallel:loop closed
[1.032s] DEBUG:colcon.colcon_parallel_executor.executor.parallel:run_until_complete finished with '0'
[1.032s] DEBUG:colcon.colcon_core.event_reactor:joining thread
[1.039s] INFO:colcon.colcon_core.plugin_system:Skipping extension 'colcon_notification.desktop_notification.notify2': 'notify2' not found
[1.039s] INFO:colcon.colcon_core.plugin_system:Skipping extension 'colcon_notification.desktop_notification.terminal_notifier': Not used on non-Darwin systems
[1.039s] INFO:colcon.colcon_core.plugin_system:Skipping extension 'colcon_notification.desktop_notification.win32': Not used on non-Windows systems
[1.039s] INFO:colcon.colcon_notification.desktop_notification:Sending desktop notification using 'notify_send'
[1.109s] DEBUG:colcon.colcon_core.event_reactor:joined thread
[1.116s] INFO:colcon.colcon_core.shell:Creating prefix script '/home/w0x7ce/Desktop/d2lros2/chapt3/cpp_pubsub/install/local_setup.ps1'
[1.117s] INFO:colcon.colcon_core.shell:Creating prefix util module '/home/w0x7ce/Desktop/d2lros2/chapt3/cpp_pubsub/install/_local_setup_util_ps1.py'
[1.119s] INFO:colcon.colcon_core.shell:Creating prefix chain script '/home/w0x7ce/Desktop/d2lros2/chapt3/cpp_pubsub/install/setup.ps1'
[1.124s] INFO:colcon.colcon_core.shell:Creating prefix script '/home/w0x7ce/Desktop/d2lros2/chapt3/cpp_pubsub/install/local_setup.sh'
[1.125s] INFO:colcon.colcon_core.shell:Creating prefix util module '/home/w0x7ce/Desktop/d2lros2/chapt3/cpp_pubsub/install/_local_setup_util_sh.py'
[1.125s] INFO:colcon.colcon_core.shell:Creating prefix chain script '/home/w0x7ce/Desktop/d2lros2/chapt3/cpp_pubsub/install/setup.sh'
[1.131s] INFO:colcon.colcon_core.shell:Creating prefix script '/home/w0x7ce/Desktop/d2lros2/chapt3/cpp_pubsub/install/local_setup.bash'
[1.132s] INFO:colcon.colcon_core.shell:Creating prefix chain script '/home/w0x7ce/Desktop/d2lros2/chapt3/cpp_pubsub/install/setup.bash'
[1.137s] INFO:colcon.colcon_core.shell:Creating prefix script '/home/w0x7ce/Desktop/d2lros2/chapt3/cpp_pubsub/install/local_setup.zsh'
[1.137s] INFO:colcon.colcon_core.shell:Creating prefix chain script '/home/w0x7ce/Desktop/d2lros2/chapt3/cpp_pubsub/install/setup.zsh'
