[0.260s] DEBUG:colcon:Command line arguments: ['/usr/bin/colcon', 'build']
[0.260s] DEBUG:colcon:Parsed command line arguments: Namespace(log_base=None, log_level=None, verb_name='build', build_base='build', install_base='install', merge_install=False, symlink_install=False, test_result_base=None, continue_on_error=False, executor='parallel', parallel_workers=4, event_handlers=None, ignore_user_meta=False, metas=['./colcon.meta'], base_paths=['.'], packages_ignore=None, packages_ignore_regex=None, paths=None, packages_up_to=None, packages_up_to_regex=None, packages_above=None, packages_above_and_dependencies=None, packages_above_depth=None, packages_select_by_dep=None, packages_skip_by_dep=None, packages_skip_up_to=None, packages_select_build_failed=False, packages_skip_build_finished=False, packages_select_test_failures=False, packages_skip_test_passed=False, packages_select=None, packages_skip=None, packages_select_regex=None, packages_skip_regex=None, packages_start=None, packages_end=None, allow_overriding=[], cmake_args=None, cmake_target=None, cmake_target_skip_unavailable=False, cmake_clean_cache=False, cmake_clean_first=False, cmake_force_configure=False, ament_cmake_args=None, catkin_cmake_args=None, catkin_skip_building_tests=False, verb_parser=<colcon_defaults.argument_parser.defaults.DefaultArgumentsDecorator object at 0x7f9721fa7be0>, verb_extension=<colcon_core.verb.build.BuildVerb object at 0x7f972291b3a0>, main=<bound method BuildVerb.main of <colcon_core.verb.build.BuildVerb object at 0x7f972291b3a0>>)
[0.282s] Level 1:colcon.colcon_core.package_discovery:discover_packages(colcon_meta) check parameters
[0.282s] Level 1:colcon.colcon_core.package_discovery:discover_packages(recursive) check parameters
[0.282s] Level 1:colcon.colcon_core.package_discovery:discover_packages(ignore) check parameters
[0.282s] Level 1:colcon.colcon_core.package_discovery:discover_packages(path) check parameters
[0.282s] Level 1:colcon.colcon_core.package_discovery:discover_packages(colcon_meta) discover
[0.282s] Level 1:colcon.colcon_core.package_discovery:discover_packages(recursive) discover
[0.282s] INFO:colcon.colcon_core.package_discovery:Crawling recursively for packages in '/home/w0x7ce/Desktop/d2lros2/chapt3/chapt3_ws'
[0.282s] Level 1:colcon.colcon_core.package_identification:_identify(.) by extensions ['ignore', 'ignore_ament_install']
[0.282s] Level 1:colcon.colcon_core.package_identification:_identify(.) by extension 'ignore'
[0.282s] Level 1:colcon.colcon_core.package_identification:_identify(.) by extension 'ignore_ament_install'
[0.282s] Level 1:colcon.colcon_core.package_identification:_identify(.) by extensions ['colcon_pkg']
[0.282s] Level 1:colcon.colcon_core.package_identification:_identify(.) by extension 'colcon_pkg'
[0.282s] Level 1:colcon.colcon_core.package_identification:_identify(.) by extensions ['colcon_meta']
[0.282s] Level 1:colcon.colcon_core.package_identification:_identify(.) by extension 'colcon_meta'
[0.282s] Level 1:colcon.colcon_core.package_identification:_identify(.) by extensions ['ros']
[0.283s] Level 1:colcon.colcon_core.package_identification:_identify(.) by extension 'ros'
[0.301s] Level 1:colcon.colcon_core.package_identification:_identify(.) by extensions ['cmake', 'python']
[0.301s] Level 1:colcon.colcon_core.package_identification:_identify(.) by extension 'cmake'
[0.301s] Level 1:colcon.colcon_core.package_identification:_identify(.) by extension 'python'
[0.301s] Level 1:colcon.colcon_core.package_identification:_identify(.) by extensions ['python_setup_py']
[0.301s] Level 1:colcon.colcon_core.package_identification:_identify(.) by extension 'python_setup_py'
[0.301s] Level 1:colcon.colcon_core.package_identification:_identify(build) by extensions ['ignore', 'ignore_ament_install']
[0.301s] Level 1:colcon.colcon_core.package_identification:_identify(build) by extension 'ignore'
[0.301s] Level 1:colcon.colcon_core.package_identification:_identify(build) ignored
[0.301s] Level 1:colcon.colcon_core.package_identification:_identify(install) by extensions ['ignore', 'ignore_ament_install']
[0.301s] Level 1:colcon.colcon_core.package_identification:_identify(install) by extension 'ignore'
[0.302s] Level 1:colcon.colcon_core.package_identification:_identify(install) ignored
[0.302s] Level 1:colcon.colcon_core.package_identification:_identify(log) by extensions ['ignore', 'ignore_ament_install']
[0.302s] Level 1:colcon.colcon_core.package_identification:_identify(log) by extension 'ignore'
[0.302s] Level 1:colcon.colcon_core.package_identification:_identify(log) ignored
[0.302s] Level 1:colcon.colcon_core.package_identification:_identify(src) by extensions ['ignore', 'ignore_ament_install']
[0.302s] Level 1:colcon.colcon_core.package_identification:_identify(src) by extension 'ignore'
[0.302s] Level 1:colcon.colcon_core.package_identification:_identify(src) by extension 'ignore_ament_install'
[0.302s] Level 1:colcon.colcon_core.package_identification:_identify(src) by extensions ['colcon_pkg']
[0.302s] Level 1:colcon.colcon_core.package_identification:_identify(src) by extension 'colcon_pkg'
[0.302s] Level 1:colcon.colcon_core.package_identification:_identify(src) by extensions ['colcon_meta']
[0.302s] Level 1:colcon.colcon_core.package_identification:_identify(src) by extension 'colcon_meta'
[0.302s] Level 1:colcon.colcon_core.package_identification:_identify(src) by extensions ['ros']
[0.302s] Level 1:colcon.colcon_core.package_identification:_identify(src) by extension 'ros'
[0.302s] Level 1:colcon.colcon_core.package_identification:_identify(src) by extensions ['cmake', 'python']
[0.302s] Level 1:colcon.colcon_core.package_identification:_identify(src) by extension 'cmake'
[0.302s] Level 1:colcon.colcon_core.package_identification:_identify(src) by extension 'python'
[0.302s] Level 1:colcon.colcon_core.package_identification:_identify(src) by extensions ['python_setup_py']
[0.302s] Level 1:colcon.colcon_core.package_identification:_identify(src) by extension 'python_setup_py'
[0.303s] Level 1:colcon.colcon_core.package_identification:_identify(src/example_service_rclcpp) by extensions ['ignore', 'ignore_ament_install']
[0.303s] Level 1:colcon.colcon_core.package_identification:_identify(src/example_service_rclcpp) by extension 'ignore'
[0.303s] Level 1:colcon.colcon_core.package_identification:_identify(src/example_service_rclcpp) by extension 'ignore_ament_install'
[0.303s] Level 1:colcon.colcon_core.package_identification:_identify(src/example_service_rclcpp) by extensions ['colcon_pkg']
[0.303s] Level 1:colcon.colcon_core.package_identification:_identify(src/example_service_rclcpp) by extension 'colcon_pkg'
[0.303s] Level 1:colcon.colcon_core.package_identification:_identify(src/example_service_rclcpp) by extensions ['colcon_meta']
[0.303s] Level 1:colcon.colcon_core.package_identification:_identify(src/example_service_rclcpp) by extension 'colcon_meta'
[0.303s] Level 1:colcon.colcon_core.package_identification:_identify(src/example_service_rclcpp) by extensions ['ros']
[0.303s] Level 1:colcon.colcon_core.package_identification:_identify(src/example_service_rclcpp) by extension 'ros'
[0.305s] DEBUG:colcon.colcon_core.package_identification:Package 'src/example_service_rclcpp' with type 'ros.ament_cmake' and name 'example_service_rclcpp'
[0.305s] Level 1:colcon.colcon_core.package_identification:_identify(src/example_topic_rclcpp) by extensions ['ignore', 'ignore_ament_install']
[0.305s] Level 1:colcon.colcon_core.package_identification:_identify(src/example_topic_rclcpp) by extension 'ignore'
[0.305s] Level 1:colcon.colcon_core.package_identification:_identify(src/example_topic_rclcpp) by extension 'ignore_ament_install'
[0.305s] Level 1:colcon.colcon_core.package_identification:_identify(src/example_topic_rclcpp) by extensions ['colcon_pkg']
[0.306s] Level 1:colcon.colcon_core.package_identification:_identify(src/example_topic_rclcpp) by extension 'colcon_pkg'
[0.306s] Level 1:colcon.colcon_core.package_identification:_identify(src/example_topic_rclcpp) by extensions ['colcon_meta']
[0.306s] Level 1:colcon.colcon_core.package_identification:_identify(src/example_topic_rclcpp) by extension 'colcon_meta'
[0.306s] Level 1:colcon.colcon_core.package_identification:_identify(src/example_topic_rclcpp) by extensions ['ros']
[0.306s] Level 1:colcon.colcon_core.package_identification:_identify(src/example_topic_rclcpp) by extension 'ros'
[0.306s] DEBUG:colcon.colcon_core.package_identification:Package 'src/example_topic_rclcpp' with type 'ros.ament_cmake' and name 'example_topic_rclcpp'
[0.306s] Level 1:colcon.colcon_core.package_discovery:discover_packages(recursive) using defaults
[0.306s] Level 1:colcon.colcon_core.package_discovery:discover_packages(ignore) discover
[0.307s] Level 1:colcon.colcon_core.package_discovery:discover_packages(ignore) using defaults
[0.307s] Level 1:colcon.colcon_core.package_discovery:discover_packages(path) discover
[0.307s] Level 1:colcon.colcon_core.package_discovery:discover_packages(path) using defaults
[0.328s] Level 1:colcon.colcon_core.package_discovery:discover_packages(prefix_path) check parameters
[0.328s] Level 1:colcon.colcon_core.package_discovery:discover_packages(prefix_path) discover
[0.331s] DEBUG:colcon.colcon_installed_package_information.package_discovery:Found 2 installed packages in /home/w0x7ce/Desktop/d2lros2/chapt3/chapt3_ws/install
[0.332s] DEBUG:colcon.colcon_installed_package_information.package_discovery:Found 270 installed packages in /opt/ros/humble
[0.333s] Level 1:colcon.colcon_core.package_discovery:discover_packages(prefix_path) using defaults
[0.387s] Level 5:colcon.colcon_core.verb:set package 'example_service_rclcpp' build argument 'cmake_args' from command line to 'None'
[0.387s] Level 5:colcon.colcon_core.verb:set package 'example_service_rclcpp' build argument 'cmake_target' from command line to 'None'
[0.387s] Level 5:colcon.colcon_core.verb:set package 'example_service_rclcpp' build argument 'cmake_target_skip_unavailable' from command line to 'False'
[0.387s] Level 5:colcon.colcon_core.verb:set package 'example_service_rclcpp' build argument 'cmake_clean_cache' from command line to 'False'
[0.387s] Level 5:colcon.colcon_core.verb:set package 'example_service_rclcpp' build argument 'cmake_clean_first' from command line to 'False'
[0.387s] Level 5:colcon.colcon_core.verb:set package 'example_service_rclcpp' build argument 'cmake_force_configure' from command line to 'False'
[0.387s] Level 5:colcon.colcon_core.verb:set package 'example_service_rclcpp' build argument 'ament_cmake_args' from command line to 'None'
[0.387s] Level 5:colcon.colcon_core.verb:set package 'example_service_rclcpp' build argument 'catkin_cmake_args' from command line to 'None'
[0.387s] Level 5:colcon.colcon_core.verb:set package 'example_service_rclcpp' build argument 'catkin_skip_building_tests' from command line to 'False'
[0.387s] DEBUG:colcon.colcon_core.verb:Building package 'example_service_rclcpp' with the following arguments: {'ament_cmake_args': None, 'build_base': '/home/w0x7ce/Desktop/d2lros2/chapt3/chapt3_ws/build/example_service_rclcpp', 'catkin_cmake_args': None, 'catkin_skip_building_tests': False, 'cmake_args': None, 'cmake_clean_cache': False, 'cmake_clean_first': False, 'cmake_force_configure': False, 'cmake_target': None, 'cmake_target_skip_unavailable': False, 'install_base': '/home/w0x7ce/Desktop/d2lros2/chapt3/chapt3_ws/install/example_service_rclcpp', 'merge_install': False, 'path': '/home/w0x7ce/Desktop/d2lros2/chapt3/chapt3_ws/src/example_service_rclcpp', 'symlink_install': False, 'test_result_base': None}
[0.388s] Level 5:colcon.colcon_core.verb:set package 'example_topic_rclcpp' build argument 'cmake_args' from command line to 'None'
[0.388s] Level 5:colcon.colcon_core.verb:set package 'example_topic_rclcpp' build argument 'cmake_target' from command line to 'None'
[0.388s] Level 5:colcon.colcon_core.verb:set package 'example_topic_rclcpp' build argument 'cmake_target_skip_unavailable' from command line to 'False'
[0.388s] Level 5:colcon.colcon_core.verb:set package 'example_topic_rclcpp' build argument 'cmake_clean_cache' from command line to 'False'
[0.388s] Level 5:colcon.colcon_core.verb:set package 'example_topic_rclcpp' build argument 'cmake_clean_first' from command line to 'False'
[0.388s] Level 5:colcon.colcon_core.verb:set package 'example_topic_rclcpp' build argument 'cmake_force_configure' from command line to 'False'
[0.388s] Level 5:colcon.colcon_core.verb:set package 'example_topic_rclcpp' build argument 'ament_cmake_args' from command line to 'None'
[0.388s] Level 5:colcon.colcon_core.verb:set package 'example_topic_rclcpp' build argument 'catkin_cmake_args' from command line to 'None'
[0.388s] Level 5:colcon.colcon_core.verb:set package 'example_topic_rclcpp' build argument 'catkin_skip_building_tests' from command line to 'False'
[0.388s] DEBUG:colcon.colcon_core.verb:Building package 'example_topic_rclcpp' with the following arguments: {'ament_cmake_args': None, 'build_base': '/home/w0x7ce/Desktop/d2lros2/chapt3/chapt3_ws/build/example_topic_rclcpp', 'catkin_cmake_args': None, 'catkin_skip_building_tests': False, 'cmake_args': None, 'cmake_clean_cache': False, 'cmake_clean_first': False, 'cmake_force_configure': False, 'cmake_target': None, 'cmake_target_skip_unavailable': False, 'install_base': '/home/w0x7ce/Desktop/d2lros2/chapt3/chapt3_ws/install/example_topic_rclcpp', 'merge_install': False, 'path': '/home/w0x7ce/Desktop/d2lros2/chapt3/chapt3_ws/src/example_topic_rclcpp', 'symlink_install': False, 'test_result_base': None}
[0.389s] INFO:colcon.colcon_core.executor:Executing jobs using 'parallel' executor
[0.393s] DEBUG:colcon.colcon_parallel_executor.executor.parallel:run_until_complete
[0.393s] INFO:colcon.colcon_ros.task.ament_cmake.build:Building ROS package in '/home/w0x7ce/Desktop/d2lros2/chapt3/chapt3_ws/src/example_service_rclcpp' with build type 'ament_cmake'
[0.393s] INFO:colcon.colcon_cmake.task.cmake.build:Building CMake package in '/home/w0x7ce/Desktop/d2lros2/chapt3/chapt3_ws/src/example_service_rclcpp'
[0.397s] INFO:colcon.colcon_core.plugin_system:Skipping extension 'colcon_core.shell.bat': Not used on non-Windows systems
[0.398s] INFO:colcon.colcon_core.shell:Skip shell extension 'powershell' for command environment: Not usable outside of PowerShell
[0.398s] DEBUG:colcon.colcon_core.shell:Skip shell extension 'dsv' for command environment
[0.401s] INFO:colcon.colcon_ros.task.ament_cmake.build:Building ROS package in '/home/w0x7ce/Desktop/d2lros2/chapt3/chapt3_ws/src/example_topic_rclcpp' with build type 'ament_cmake'
[0.402s] INFO:colcon.colcon_cmake.task.cmake.build:Building CMake package in '/home/w0x7ce/Desktop/d2lros2/chapt3/chapt3_ws/src/example_topic_rclcpp'
[0.403s] INFO:colcon.colcon_core.shell:Skip shell extension 'powershell' for command environment: Not usable outside of PowerShell
[0.403s] DEBUG:colcon.colcon_core.shell:Skip shell extension 'dsv' for command environment
[0.412s] DEBUG:colcon.colcon_core.event_handler.log_command:Invoking command in '/home/w0x7ce/Desktop/d2lros2/chapt3/chapt3_ws/build/example_service_rclcpp': CMAKE_PREFIX_PATH=${CMAKE_PREFIX_PATH}:/opt/ros/humble /usr/bin/cmake --build /home/w0x7ce/Desktop/d2lros2/chapt3/chapt3_ws/build/example_service_rclcpp -- -j4 -l4
[0.416s] DEBUG:colcon.colcon_core.event_handler.log_command:Invoking command in '/home/w0x7ce/Desktop/d2lros2/chapt3/chapt3_ws/build/example_topic_rclcpp': CMAKE_PREFIX_PATH=${CMAKE_PREFIX_PATH}:/opt/ros/humble /usr/bin/cmake --build /home/w0x7ce/Desktop/d2lros2/chapt3/chapt3_ws/build/example_topic_rclcpp -- -j4 -l4
[0.472s] DEBUG:colcon.colcon_core.event_handler.log_command:Invoked command in '/home/w0x7ce/Desktop/d2lros2/chapt3/chapt3_ws/build/example_topic_rclcpp' returned '0': CMAKE_PREFIX_PATH=${CMAKE_PREFIX_PATH}:/opt/ros/humble /usr/bin/cmake --build /home/w0x7ce/Desktop/d2lros2/chapt3/chapt3_ws/build/example_topic_rclcpp -- -j4 -l4
[0.504s] DEBUG:colcon.colcon_core.event_handler.log_command:Invoking command in '/home/w0x7ce/Desktop/d2lros2/chapt3/chapt3_ws/build/example_topic_rclcpp': CMAKE_PREFIX_PATH=${CMAKE_PREFIX_PATH}:/opt/ros/humble /usr/bin/cmake --install /home/w0x7ce/Desktop/d2lros2/chapt3/chapt3_ws/build/example_topic_rclcpp
[0.519s] Level 1:colcon.colcon_core.environment:create_environment_scripts_only(example_topic_rclcpp)
[0.520s] DEBUG:colcon.colcon_core.event_handler.log_command:Invoked command in '/home/w0x7ce/Desktop/d2lros2/chapt3/chapt3_ws/build/example_topic_rclcpp' returned '0': CMAKE_PREFIX_PATH=${CMAKE_PREFIX_PATH}:/opt/ros/humble /usr/bin/cmake --install /home/w0x7ce/Desktop/d2lros2/chapt3/chapt3_ws/build/example_topic_rclcpp
[0.523s] Level 1:colcon.colcon_core.environment:checking '/home/w0x7ce/Desktop/d2lros2/chapt3/chapt3_ws/install/example_topic_rclcpp' for CMake module files
[0.524s] Level 1:colcon.colcon_core.environment:checking '/home/w0x7ce/Desktop/d2lros2/chapt3/chapt3_ws/install/example_topic_rclcpp' for CMake config files
[0.524s] Level 1:colcon.colcon_core.shell:create_environment_hook('example_topic_rclcpp', 'cmake_prefix_path')
[0.525s] INFO:colcon.colcon_core.shell:Creating environment hook '/home/w0x7ce/Desktop/d2lros2/chapt3/chapt3_ws/install/example_topic_rclcpp/share/example_topic_rclcpp/hook/cmake_prefix_path.ps1'
[0.526s] INFO:colcon.colcon_core.shell:Creating environment descriptor '/home/w0x7ce/Desktop/d2lros2/chapt3/chapt3_ws/install/example_topic_rclcpp/share/example_topic_rclcpp/hook/cmake_prefix_path.dsv'
[0.527s] INFO:colcon.colcon_core.shell:Creating environment hook '/home/w0x7ce/Desktop/d2lros2/chapt3/chapt3_ws/install/example_topic_rclcpp/share/example_topic_rclcpp/hook/cmake_prefix_path.sh'
[0.528s] Level 1:colcon.colcon_core.environment:checking '/home/w0x7ce/Desktop/d2lros2/chapt3/chapt3_ws/install/example_topic_rclcpp/lib'
[0.529s] Level 1:colcon.colcon_core.environment:checking '/home/w0x7ce/Desktop/d2lros2/chapt3/chapt3_ws/install/example_topic_rclcpp/bin'
[0.529s] Level 1:colcon.colcon_core.environment:checking '/home/w0x7ce/Desktop/d2lros2/chapt3/chapt3_ws/install/example_topic_rclcpp/lib/pkgconfig/example_topic_rclcpp.pc'
[0.529s] Level 1:colcon.colcon_core.environment:checking '/home/w0x7ce/Desktop/d2lros2/chapt3/chapt3_ws/install/example_topic_rclcpp/lib/python3.10/site-packages'
[0.529s] Level 1:colcon.colcon_core.environment:checking '/home/w0x7ce/Desktop/d2lros2/chapt3/chapt3_ws/install/example_topic_rclcpp/bin'
[0.530s] INFO:colcon.colcon_core.shell:Creating package script '/home/w0x7ce/Desktop/d2lros2/chapt3/chapt3_ws/install/example_topic_rclcpp/share/example_topic_rclcpp/package.ps1'
[0.532s] INFO:colcon.colcon_core.shell:Creating package descriptor '/home/w0x7ce/Desktop/d2lros2/chapt3/chapt3_ws/install/example_topic_rclcpp/share/example_topic_rclcpp/package.dsv'
[0.532s] INFO:colcon.colcon_core.shell:Creating package script '/home/w0x7ce/Desktop/d2lros2/chapt3/chapt3_ws/install/example_topic_rclcpp/share/example_topic_rclcpp/package.sh'
[0.533s] INFO:colcon.colcon_core.shell:Creating package script '/home/w0x7ce/Desktop/d2lros2/chapt3/chapt3_ws/install/example_topic_rclcpp/share/example_topic_rclcpp/package.bash'
[0.534s] INFO:colcon.colcon_core.shell:Creating package script '/home/w0x7ce/Desktop/d2lros2/chapt3/chapt3_ws/install/example_topic_rclcpp/share/example_topic_rclcpp/package.zsh'
[0.535s] Level 1:colcon.colcon_core.environment:create_file_with_runtime_dependencies(/home/w0x7ce/Desktop/d2lros2/chapt3/chapt3_ws/install/example_topic_rclcpp/share/colcon-core/packages/example_topic_rclcpp)
[0.559s] Level 1:colcon.colcon_core.environment:create_environment_scripts_only(example_topic_rclcpp)
[0.561s] Level 1:colcon.colcon_core.environment:checking '/home/w0x7ce/Desktop/d2lros2/chapt3/chapt3_ws/install/example_topic_rclcpp' for CMake module files
[0.562s] Level 1:colcon.colcon_core.environment:checking '/home/w0x7ce/Desktop/d2lros2/chapt3/chapt3_ws/install/example_topic_rclcpp' for CMake config files
[0.562s] Level 1:colcon.colcon_core.shell:create_environment_hook('example_topic_rclcpp', 'cmake_prefix_path')
[0.563s] INFO:colcon.colcon_core.shell:Creating environment hook '/home/w0x7ce/Desktop/d2lros2/chapt3/chapt3_ws/install/example_topic_rclcpp/share/example_topic_rclcpp/hook/cmake_prefix_path.ps1'
[0.564s] INFO:colcon.colcon_core.shell:Creating environment descriptor '/home/w0x7ce/Desktop/d2lros2/chapt3/chapt3_ws/install/example_topic_rclcpp/share/example_topic_rclcpp/hook/cmake_prefix_path.dsv'
[0.564s] INFO:colcon.colcon_core.shell:Creating environment hook '/home/w0x7ce/Desktop/d2lros2/chapt3/chapt3_ws/install/example_topic_rclcpp/share/example_topic_rclcpp/hook/cmake_prefix_path.sh'
[0.565s] Level 1:colcon.colcon_core.environment:checking '/home/w0x7ce/Desktop/d2lros2/chapt3/chapt3_ws/install/example_topic_rclcpp/lib'
[0.565s] Level 1:colcon.colcon_core.environment:checking '/home/w0x7ce/Desktop/d2lros2/chapt3/chapt3_ws/install/example_topic_rclcpp/bin'
[0.565s] Level 1:colcon.colcon_core.environment:checking '/home/w0x7ce/Desktop/d2lros2/chapt3/chapt3_ws/install/example_topic_rclcpp/lib/pkgconfig/example_topic_rclcpp.pc'
[0.565s] Level 1:colcon.colcon_core.environment:checking '/home/w0x7ce/Desktop/d2lros2/chapt3/chapt3_ws/install/example_topic_rclcpp/lib/python3.10/site-packages'
[0.565s] Level 1:colcon.colcon_core.environment:checking '/home/w0x7ce/Desktop/d2lros2/chapt3/chapt3_ws/install/example_topic_rclcpp/bin'
[0.567s] INFO:colcon.colcon_core.shell:Creating package script '/home/w0x7ce/Desktop/d2lros2/chapt3/chapt3_ws/install/example_topic_rclcpp/share/example_topic_rclcpp/package.ps1'
[0.567s] INFO:colcon.colcon_core.shell:Creating package descriptor '/home/w0x7ce/Desktop/d2lros2/chapt3/chapt3_ws/install/example_topic_rclcpp/share/example_topic_rclcpp/package.dsv'
[0.568s] INFO:colcon.colcon_core.shell:Creating package script '/home/w0x7ce/Desktop/d2lros2/chapt3/chapt3_ws/install/example_topic_rclcpp/share/example_topic_rclcpp/package.sh'
[0.568s] INFO:colcon.colcon_core.shell:Creating package script '/home/w0x7ce/Desktop/d2lros2/chapt3/chapt3_ws/install/example_topic_rclcpp/share/example_topic_rclcpp/package.bash'
[0.569s] INFO:colcon.colcon_core.shell:Creating package script '/home/w0x7ce/Desktop/d2lros2/chapt3/chapt3_ws/install/example_topic_rclcpp/share/example_topic_rclcpp/package.zsh'
[0.569s] Level 1:colcon.colcon_core.environment:create_file_with_runtime_dependencies(/home/w0x7ce/Desktop/d2lros2/chapt3/chapt3_ws/install/example_topic_rclcpp/share/colcon-core/packages/example_topic_rclcpp)
[1.238s] DEBUG:colcon.colcon_core.event_handler.log_command:Invoked command in '/home/w0x7ce/Desktop/d2lros2/chapt3/chapt3_ws/build/example_service_rclcpp' returned '2': CMAKE_PREFIX_PATH=${CMAKE_PREFIX_PATH}:/opt/ros/humble /usr/bin/cmake --build /home/w0x7ce/Desktop/d2lros2/chapt3/chapt3_ws/build/example_service_rclcpp -- -j4 -l4
[1.261s] Level 1:colcon.colcon_core.environment:create_environment_scripts_only(example_service_rclcpp)
[1.263s] Level 1:colcon.colcon_core.environment:checking '/home/w0x7ce/Desktop/d2lros2/chapt3/chapt3_ws/install/example_service_rclcpp' for CMake module files
[1.263s] Level 1:colcon.colcon_core.environment:checking '/home/w0x7ce/Desktop/d2lros2/chapt3/chapt3_ws/install/example_service_rclcpp' for CMake config files
[1.264s] Level 1:colcon.colcon_core.shell:create_environment_hook('example_service_rclcpp', 'cmake_prefix_path')
[1.265s] INFO:colcon.colcon_core.shell:Creating environment hook '/home/w0x7ce/Desktop/d2lros2/chapt3/chapt3_ws/install/example_service_rclcpp/share/example_service_rclcpp/hook/cmake_prefix_path.ps1'
[1.265s] INFO:colcon.colcon_core.shell:Creating environment descriptor '/home/w0x7ce/Desktop/d2lros2/chapt3/chapt3_ws/install/example_service_rclcpp/share/example_service_rclcpp/hook/cmake_prefix_path.dsv'
[1.265s] INFO:colcon.colcon_core.shell:Creating environment hook '/home/w0x7ce/Desktop/d2lros2/chapt3/chapt3_ws/install/example_service_rclcpp/share/example_service_rclcpp/hook/cmake_prefix_path.sh'
[1.266s] Level 1:colcon.colcon_core.environment:checking '/home/w0x7ce/Desktop/d2lros2/chapt3/chapt3_ws/install/example_service_rclcpp/lib'
[1.266s] Level 1:colcon.colcon_core.environment:checking '/home/w0x7ce/Desktop/d2lros2/chapt3/chapt3_ws/install/example_service_rclcpp/bin'
[1.266s] Level 1:colcon.colcon_core.environment:checking '/home/w0x7ce/Desktop/d2lros2/chapt3/chapt3_ws/install/example_service_rclcpp/lib/pkgconfig/example_service_rclcpp.pc'
[1.266s] Level 1:colcon.colcon_core.environment:checking '/home/w0x7ce/Desktop/d2lros2/chapt3/chapt3_ws/install/example_service_rclcpp/lib/python3.10/site-packages'
[1.266s] Level 1:colcon.colcon_core.environment:checking '/home/w0x7ce/Desktop/d2lros2/chapt3/chapt3_ws/install/example_service_rclcpp/bin'
[1.268s] INFO:colcon.colcon_core.shell:Creating package script '/home/w0x7ce/Desktop/d2lros2/chapt3/chapt3_ws/install/example_service_rclcpp/share/example_service_rclcpp/package.ps1'
[1.268s] INFO:colcon.colcon_core.shell:Creating package descriptor '/home/w0x7ce/Desktop/d2lros2/chapt3/chapt3_ws/install/example_service_rclcpp/share/example_service_rclcpp/package.dsv'
[1.268s] INFO:colcon.colcon_core.shell:Creating package script '/home/w0x7ce/Desktop/d2lros2/chapt3/chapt3_ws/install/example_service_rclcpp/share/example_service_rclcpp/package.sh'
[1.269s] INFO:colcon.colcon_core.shell:Creating package script '/home/w0x7ce/Desktop/d2lros2/chapt3/chapt3_ws/install/example_service_rclcpp/share/example_service_rclcpp/package.bash'
[1.269s] INFO:colcon.colcon_core.shell:Creating package script '/home/w0x7ce/Desktop/d2lros2/chapt3/chapt3_ws/install/example_service_rclcpp/share/example_service_rclcpp/package.zsh'
[1.269s] Level 1:colcon.colcon_core.environment:create_file_with_runtime_dependencies(/home/w0x7ce/Desktop/d2lros2/chapt3/chapt3_ws/install/example_service_rclcpp/share/colcon-core/packages/example_service_rclcpp)
[1.280s] DEBUG:colcon.colcon_parallel_executor.executor.parallel:closing loop
[1.280s] DEBUG:colcon.colcon_parallel_executor.executor.parallel:loop closed
[1.280s] DEBUG:colcon.colcon_parallel_executor.executor.parallel:run_until_complete finished with '2'
[1.280s] DEBUG:colcon.colcon_core.event_reactor:joining thread
[1.286s] INFO:colcon.colcon_core.plugin_system:Skipping extension 'colcon_notification.desktop_notification.terminal_notifier': Not used on non-Darwin systems
[1.286s] INFO:colcon.colcon_core.plugin_system:Skipping extension 'colcon_notification.desktop_notification.win32': Not used on non-Windows systems
[1.286s] INFO:colcon.colcon_notification.desktop_notification:Sending desktop notification using 'notify2'
[1.296s] DEBUG:colcon.colcon_core.event_reactor:joined thread
[1.297s] INFO:colcon.colcon_core.shell:Creating prefix script '/home/w0x7ce/Desktop/d2lros2/chapt3/chapt3_ws/install/local_setup.ps1'
[1.298s] INFO:colcon.colcon_core.shell:Creating prefix util module '/home/w0x7ce/Desktop/d2lros2/chapt3/chapt3_ws/install/_local_setup_util_ps1.py'
[1.299s] INFO:colcon.colcon_core.shell:Creating prefix chain script '/home/w0x7ce/Desktop/d2lros2/chapt3/chapt3_ws/install/setup.ps1'
[1.300s] INFO:colcon.colcon_core.shell:Creating prefix script '/home/w0x7ce/Desktop/d2lros2/chapt3/chapt3_ws/install/local_setup.sh'
[1.301s] INFO:colcon.colcon_core.shell:Creating prefix util module '/home/w0x7ce/Desktop/d2lros2/chapt3/chapt3_ws/install/_local_setup_util_sh.py'
[1.301s] INFO:colcon.colcon_core.shell:Creating prefix chain script '/home/w0x7ce/Desktop/d2lros2/chapt3/chapt3_ws/install/setup.sh'
[1.302s] INFO:colcon.colcon_core.shell:Creating prefix script '/home/w0x7ce/Desktop/d2lros2/chapt3/chapt3_ws/install/local_setup.bash'
[1.303s] INFO:colcon.colcon_core.shell:Creating prefix chain script '/home/w0x7ce/Desktop/d2lros2/chapt3/chapt3_ws/install/setup.bash'
[1.304s] INFO:colcon.colcon_core.shell:Creating prefix script '/home/w0x7ce/Desktop/d2lros2/chapt3/chapt3_ws/install/local_setup.zsh'
[1.304s] INFO:colcon.colcon_core.shell:Creating prefix chain script '/home/w0x7ce/Desktop/d2lros2/chapt3/chapt3_ws/install/setup.zsh'
