[0.033s] Invoking command in '/home/w0x7ce/Desktop/d2lros2/chapt3/cpp_pubsub/build/cpp_pubsub': CMAKE_PREFIX_PATH=${CMAKE_PREFIX_PATH}:/opt/ros/humble CONDA_PROMPT_MODIFIER=(base) /usr/bin/cmake --build /home/w0x7ce/Desktop/d2lros2/chapt3/cpp_pubsub/build/cpp_pubsub -- -j4 -l4
[0.096s] [35m[1mConsolidate compiler generated dependencies of target talker[0m
[0.101s] [35m[1mConsolidate compiler generated dependencies of target listener[0m
[0.109s] [ 25%] [32mBuilding CXX object CMakeFiles/talker.dir/src/publisher_member_function.cpp.o[0m
[0.153s] [ 75%] Built target listener
[4.181s] [100%] [32m[1mLinking CXX executable talker[0m
[4.373s] [100%] Built target talker
[4.394s] Invoked command in '/home/w0x7ce/Desktop/d2lros2/chapt3/cpp_pubsub/build/cpp_pubsub' returned '0': CMAKE_PREFIX_PATH=${CMAKE_PREFIX_PATH}:/opt/ros/humble CONDA_PROMPT_MODIFIER=(base) /usr/bin/cmake --build /home/w0x7ce/Desktop/d2lros2/chapt3/cpp_pubsub/build/cpp_pubsub -- -j4 -l4
[4.436s] Invoking command in '/home/w0x7ce/Desktop/d2lros2/chapt3/cpp_pubsub/build/cpp_pubsub': CMAKE_PREFIX_PATH=${CMAKE_PREFIX_PATH}:/opt/ros/humble CONDA_PROMPT_MODIFIER=(base) /usr/bin/cmake --install /home/w0x7ce/Desktop/d2lros2/chapt3/cpp_pubsub/build/cpp_pubsub
[4.443s] -- Install configuration: ""
[4.443s] -- Installing: /home/w0x7ce/Desktop/d2lros2/chapt3/cpp_pubsub/install/cpp_pubsub/lib/cpp_pubsub/talker
[4.445s] -- Set runtime path of "/home/w0x7ce/Desktop/d2lros2/chapt3/cpp_pubsub/install/cpp_pubsub/lib/cpp_pubsub/talker" to ""
[4.445s] -- Installing: /home/w0x7ce/Desktop/d2lros2/chapt3/cpp_pubsub/install/cpp_pubsub/lib/cpp_pubsub/listener
[4.448s] -- Set runtime path of "/home/w0x7ce/Desktop/d2lros2/chapt3/cpp_pubsub/install/cpp_pubsub/lib/cpp_pubsub/listener" to ""
[4.449s] -- Up-to-date: /home/w0x7ce/Desktop/d2lros2/chapt3/cpp_pubsub/install/cpp_pubsub/share/ament_index/resource_index/package_run_dependencies/cpp_pubsub
[4.449s] -- Up-to-date: /home/w0x7ce/Desktop/d2lros2/chapt3/cpp_pubsub/install/cpp_pubsub/share/ament_index/resource_index/parent_prefix_path/cpp_pubsub
[4.449s] -- Up-to-date: /home/w0x7ce/Desktop/d2lros2/chapt3/cpp_pubsub/install/cpp_pubsub/share/cpp_pubsub/environment/ament_prefix_path.sh
[4.449s] -- Up-to-date: /home/w0x7ce/Desktop/d2lros2/chapt3/cpp_pubsub/install/cpp_pubsub/share/cpp_pubsub/environment/ament_prefix_path.dsv
[4.449s] -- Up-to-date: /home/w0x7ce/Desktop/d2lros2/chapt3/cpp_pubsub/install/cpp_pubsub/share/cpp_pubsub/environment/path.sh
[4.449s] -- Up-to-date: /home/w0x7ce/Desktop/d2lros2/chapt3/cpp_pubsub/install/cpp_pubsub/share/cpp_pubsub/environment/path.dsv
[4.449s] -- Up-to-date: /home/w0x7ce/Desktop/d2lros2/chapt3/cpp_pubsub/install/cpp_pubsub/share/cpp_pubsub/local_setup.bash
[4.449s] -- Up-to-date: /home/w0x7ce/Desktop/d2lros2/chapt3/cpp_pubsub/install/cpp_pubsub/share/cpp_pubsub/local_setup.sh
[4.449s] -- Up-to-date: /home/w0x7ce/Desktop/d2lros2/chapt3/cpp_pubsub/install/cpp_pubsub/share/cpp_pubsub/local_setup.zsh
[4.449s] -- Up-to-date: /home/w0x7ce/Desktop/d2lros2/chapt3/cpp_pubsub/install/cpp_pubsub/share/cpp_pubsub/local_setup.dsv
[4.450s] -- Installing: /home/w0x7ce/Desktop/d2lros2/chapt3/cpp_pubsub/install/cpp_pubsub/share/cpp_pubsub/package.dsv
[4.450s] -- Up-to-date: /home/w0x7ce/Desktop/d2lros2/chapt3/cpp_pubsub/install/cpp_pubsub/share/ament_index/resource_index/packages/cpp_pubsub
[4.450s] -- Up-to-date: /home/w0x7ce/Desktop/d2lros2/chapt3/cpp_pubsub/install/cpp_pubsub/share/cpp_pubsub/cmake/cpp_pubsubConfig.cmake
[4.450s] -- Up-to-date: /home/w0x7ce/Desktop/d2lros2/chapt3/cpp_pubsub/install/cpp_pubsub/share/cpp_pubsub/cmake/cpp_pubsubConfig-version.cmake
[4.450s] -- Up-to-date: /home/w0x7ce/Desktop/d2lros2/chapt3/cpp_pubsub/install/cpp_pubsub/share/cpp_pubsub/package.xml
[4.457s] Invoked command in '/home/w0x7ce/Desktop/d2lros2/chapt3/cpp_pubsub/build/cpp_pubsub' returned '0': CMAKE_PREFIX_PATH=${CMAKE_PREFIX_PATH}:/opt/ros/humble CONDA_PROMPT_MODIFIER=(base) /usr/bin/cmake --install /home/w0x7ce/Desktop/d2lros2/chapt3/cpp_pubsub/build/cpp_pubsub
