[0.173s] DEBUG:colcon:Command line arguments: ['/usr/bin/colcon', 'build', '--packages-select', 'cpp_pubsub']
[0.173s] DEBUG:colcon:Parsed command line arguments: Namespace(log_base=None, log_level=None, verb_name='build', build_base='build', install_base='install', merge_install=False, symlink_install=False, test_result_base=None, continue_on_error=False, executor='parallel', parallel_workers=16, event_handlers=None, ignore_user_meta=False, metas=['./colcon.meta'], base_paths=['.'], packages_ignore=None, packages_ignore_regex=None, paths=None, packages_up_to=None, packages_up_to_regex=None, packages_above=None, packages_above_and_dependencies=None, packages_above_depth=None, packages_select_by_dep=None, packages_skip_by_dep=None, packages_skip_up_to=None, packages_select_build_failed=False, packages_skip_build_finished=False, packages_select_test_failures=False, packages_skip_test_passed=False, packages_select=['cpp_pubsub'], packages_skip=None, packages_select_regex=None, packages_skip_regex=None, packages_start=None, packages_end=None, allow_overriding=[], cmake_args=None, cmake_target=None, cmake_target_skip_unavailable=False, cmake_clean_cache=False, cmake_clean_first=False, cmake_force_configure=False, ament_cmake_args=None, catkin_cmake_args=None, catkin_skip_building_tests=False, verb_parser=<colcon_defaults.argument_parser.defaults.DefaultArgumentsDecorator object at 0x7fc81ab63eb0>, verb_extension=<colcon_core.verb.build.BuildVerb object at 0x7fc81b4b8d60>, main=<bound method BuildVerb.main of <colcon_core.verb.build.BuildVerb object at 0x7fc81b4b8d60>>)
[0.186s] Level 1:colcon.colcon_core.package_discovery:discover_packages(colcon_meta) check parameters
[0.186s] Level 1:colcon.colcon_core.package_discovery:discover_packages(recursive) check parameters
[0.186s] Level 1:colcon.colcon_core.package_discovery:discover_packages(ignore) check parameters
[0.186s] Level 1:colcon.colcon_core.package_discovery:discover_packages(path) check parameters
[0.186s] Level 1:colcon.colcon_core.package_discovery:discover_packages(colcon_meta) discover
[0.186s] Level 1:colcon.colcon_core.package_discovery:discover_packages(recursive) discover
[0.186s] INFO:colcon.colcon_core.package_discovery:Crawling recursively for packages in '/home/w0x7ce/Downloads/test_ws/src/cpp_pubsub'
[0.186s] Level 1:colcon.colcon_core.package_identification:_identify(.) by extensions ['ignore', 'ignore_ament_install']
[0.186s] Level 1:colcon.colcon_core.package_identification:_identify(.) by extension 'ignore'
[0.186s] Level 1:colcon.colcon_core.package_identification:_identify(.) by extension 'ignore_ament_install'
[0.186s] Level 1:colcon.colcon_core.package_identification:_identify(.) by extensions ['colcon_pkg']
[0.186s] Level 1:colcon.colcon_core.package_identification:_identify(.) by extension 'colcon_pkg'
[0.186s] Level 1:colcon.colcon_core.package_identification:_identify(.) by extensions ['colcon_meta']
[0.186s] Level 1:colcon.colcon_core.package_identification:_identify(.) by extension 'colcon_meta'
[0.186s] Level 1:colcon.colcon_core.package_identification:_identify(.) by extensions ['ros']
[0.186s] Level 1:colcon.colcon_core.package_identification:_identify(.) by extension 'ros'
[0.199s] DEBUG:colcon.colcon_core.package_identification:Package '.' with type 'ros.ament_cmake' and name 'cpp_pubsub'
[0.199s] Level 1:colcon.colcon_core.package_discovery:discover_packages(recursive) using defaults
[0.199s] Level 1:colcon.colcon_core.package_discovery:discover_packages(ignore) discover
[0.199s] Level 1:colcon.colcon_core.package_discovery:discover_packages(ignore) using defaults
[0.199s] Level 1:colcon.colcon_core.package_discovery:discover_packages(path) discover
[0.199s] Level 1:colcon.colcon_core.package_discovery:discover_packages(path) using defaults
[0.213s] Level 1:colcon.colcon_core.package_discovery:discover_packages(prefix_path) check parameters
[0.213s] Level 1:colcon.colcon_core.package_discovery:discover_packages(prefix_path) discover
[0.214s] DEBUG:colcon.colcon_installed_package_information.package_discovery:Found 270 installed packages in /opt/ros/humble
[0.215s] Level 1:colcon.colcon_core.package_discovery:discover_packages(prefix_path) using defaults
[0.247s] Level 5:colcon.colcon_core.verb:set package 'cpp_pubsub' build argument 'cmake_args' from command line to 'None'
[0.247s] Level 5:colcon.colcon_core.verb:set package 'cpp_pubsub' build argument 'cmake_target' from command line to 'None'
[0.247s] Level 5:colcon.colcon_core.verb:set package 'cpp_pubsub' build argument 'cmake_target_skip_unavailable' from command line to 'False'
[0.247s] Level 5:colcon.colcon_core.verb:set package 'cpp_pubsub' build argument 'cmake_clean_cache' from command line to 'False'
[0.247s] Level 5:colcon.colcon_core.verb:set package 'cpp_pubsub' build argument 'cmake_clean_first' from command line to 'False'
[0.247s] Level 5:colcon.colcon_core.verb:set package 'cpp_pubsub' build argument 'cmake_force_configure' from command line to 'False'
[0.247s] Level 5:colcon.colcon_core.verb:set package 'cpp_pubsub' build argument 'ament_cmake_args' from command line to 'None'
[0.247s] Level 5:colcon.colcon_core.verb:set package 'cpp_pubsub' build argument 'catkin_cmake_args' from command line to 'None'
[0.247s] Level 5:colcon.colcon_core.verb:set package 'cpp_pubsub' build argument 'catkin_skip_building_tests' from command line to 'False'
[0.247s] DEBUG:colcon.colcon_core.verb:Building package 'cpp_pubsub' with the following arguments: {'ament_cmake_args': None, 'build_base': '/home/w0x7ce/Downloads/test_ws/src/cpp_pubsub/build/cpp_pubsub', 'catkin_cmake_args': None, 'catkin_skip_building_tests': False, 'cmake_args': None, 'cmake_clean_cache': False, 'cmake_clean_first': False, 'cmake_force_configure': False, 'cmake_target': None, 'cmake_target_skip_unavailable': False, 'install_base': '/home/w0x7ce/Downloads/test_ws/src/cpp_pubsub/install/cpp_pubsub', 'merge_install': False, 'path': '/home/w0x7ce/Downloads/test_ws/src/cpp_pubsub', 'symlink_install': False, 'test_result_base': None}
[0.248s] INFO:colcon.colcon_core.executor:Executing jobs using 'parallel' executor
[0.250s] DEBUG:colcon.colcon_parallel_executor.executor.parallel:run_until_complete
[0.250s] INFO:colcon.colcon_ros.task.ament_cmake.build:Building ROS package in '/home/w0x7ce/Downloads/test_ws/src/cpp_pubsub' with build type 'ament_cmake'
[0.250s] INFO:colcon.colcon_cmake.task.cmake.build:Building CMake package in '/home/w0x7ce/Downloads/test_ws/src/cpp_pubsub'
[0.252s] INFO:colcon.colcon_core.plugin_system:Skipping extension 'colcon_core.shell.bat': Not used on non-Windows systems
[0.253s] INFO:colcon.colcon_core.shell:Skip shell extension 'powershell' for command environment: Not usable outside of PowerShell
[0.253s] DEBUG:colcon.colcon_core.shell:Skip shell extension 'dsv' for command environment
[0.258s] DEBUG:colcon.colcon_core.event_handler.log_command:Invoking command in '/home/w0x7ce/Downloads/test_ws/src/cpp_pubsub/build/cpp_pubsub': CMAKE_PREFIX_PATH=/opt/ros/humble CONDA_PROMPT_MODIFIER=(base) /usr/bin/cmake /home/w0x7ce/Downloads/test_ws/src/cpp_pubsub -DCMAKE_INSTALL_PREFIX=/home/w0x7ce/Downloads/test_ws/src/cpp_pubsub/install/cpp_pubsub
[0.639s] DEBUG:colcon.colcon_core.event_handler.log_command:Invoked command in '/home/w0x7ce/Downloads/test_ws/src/cpp_pubsub/build/cpp_pubsub' returned '0': CMAKE_PREFIX_PATH=/opt/ros/humble CONDA_PROMPT_MODIFIER=(base) /usr/bin/cmake /home/w0x7ce/Downloads/test_ws/src/cpp_pubsub -DCMAKE_INSTALL_PREFIX=/home/w0x7ce/Downloads/test_ws/src/cpp_pubsub/install/cpp_pubsub
[0.640s] DEBUG:colcon.colcon_core.event_handler.log_command:Invoking command in '/home/w0x7ce/Downloads/test_ws/src/cpp_pubsub/build/cpp_pubsub': CMAKE_PREFIX_PATH=/opt/ros/humble CONDA_PROMPT_MODIFIER=(base) /usr/bin/cmake --build /home/w0x7ce/Downloads/test_ws/src/cpp_pubsub/build/cpp_pubsub -- -j16 -l16
[8.670s] DEBUG:colcon.colcon_core.event_handler.log_command:Invoked command in '/home/w0x7ce/Downloads/test_ws/src/cpp_pubsub/build/cpp_pubsub' returned '0': CMAKE_PREFIX_PATH=/opt/ros/humble CONDA_PROMPT_MODIFIER=(base) /usr/bin/cmake --build /home/w0x7ce/Downloads/test_ws/src/cpp_pubsub/build/cpp_pubsub -- -j16 -l16
[8.702s] DEBUG:colcon.colcon_core.event_handler.log_command:Invoking command in '/home/w0x7ce/Downloads/test_ws/src/cpp_pubsub/build/cpp_pubsub': CMAKE_PREFIX_PATH=/opt/ros/humble CONDA_PROMPT_MODIFIER=(base) /usr/bin/cmake --install /home/w0x7ce/Downloads/test_ws/src/cpp_pubsub/build/cpp_pubsub
[8.712s] Level 1:colcon.colcon_core.environment:create_environment_scripts_only(cpp_pubsub)
[8.713s] DEBUG:colcon.colcon_core.event_handler.log_command:Invoked command in '/home/w0x7ce/Downloads/test_ws/src/cpp_pubsub/build/cpp_pubsub' returned '0': CMAKE_PREFIX_PATH=/opt/ros/humble CONDA_PROMPT_MODIFIER=(base) /usr/bin/cmake --install /home/w0x7ce/Downloads/test_ws/src/cpp_pubsub/build/cpp_pubsub
[8.715s] Level 1:colcon.colcon_core.environment:checking '/home/w0x7ce/Downloads/test_ws/src/cpp_pubsub/install/cpp_pubsub' for CMake module files
[8.715s] Level 1:colcon.colcon_core.environment:checking '/home/w0x7ce/Downloads/test_ws/src/cpp_pubsub/install/cpp_pubsub' for CMake config files
[8.715s] Level 1:colcon.colcon_core.shell:create_environment_hook('cpp_pubsub', 'cmake_prefix_path')
[8.716s] INFO:colcon.colcon_core.shell:Creating environment hook '/home/w0x7ce/Downloads/test_ws/src/cpp_pubsub/install/cpp_pubsub/share/cpp_pubsub/hook/cmake_prefix_path.ps1'
[8.717s] INFO:colcon.colcon_core.shell:Creating environment descriptor '/home/w0x7ce/Downloads/test_ws/src/cpp_pubsub/install/cpp_pubsub/share/cpp_pubsub/hook/cmake_prefix_path.dsv'
[8.717s] INFO:colcon.colcon_core.shell:Creating environment hook '/home/w0x7ce/Downloads/test_ws/src/cpp_pubsub/install/cpp_pubsub/share/cpp_pubsub/hook/cmake_prefix_path.sh'
[8.718s] Level 1:colcon.colcon_core.environment:checking '/home/w0x7ce/Downloads/test_ws/src/cpp_pubsub/install/cpp_pubsub/lib'
[8.718s] Level 1:colcon.colcon_core.environment:checking '/home/w0x7ce/Downloads/test_ws/src/cpp_pubsub/install/cpp_pubsub/bin'
[8.718s] Level 1:colcon.colcon_core.environment:checking '/home/w0x7ce/Downloads/test_ws/src/cpp_pubsub/install/cpp_pubsub/lib/pkgconfig/cpp_pubsub.pc'
[8.718s] Level 1:colcon.colcon_core.environment:checking '/home/w0x7ce/Downloads/test_ws/src/cpp_pubsub/install/cpp_pubsub/lib/python3.10/site-packages'
[8.718s] Level 1:colcon.colcon_core.environment:checking '/home/w0x7ce/Downloads/test_ws/src/cpp_pubsub/install/cpp_pubsub/bin'
[8.719s] INFO:colcon.colcon_core.shell:Creating package script '/home/w0x7ce/Downloads/test_ws/src/cpp_pubsub/install/cpp_pubsub/share/cpp_pubsub/package.ps1'
[8.720s] INFO:colcon.colcon_core.shell:Creating package descriptor '/home/w0x7ce/Downloads/test_ws/src/cpp_pubsub/install/cpp_pubsub/share/cpp_pubsub/package.dsv'
[8.720s] INFO:colcon.colcon_core.shell:Creating package script '/home/w0x7ce/Downloads/test_ws/src/cpp_pubsub/install/cpp_pubsub/share/cpp_pubsub/package.sh'
[8.720s] INFO:colcon.colcon_core.shell:Creating package script '/home/w0x7ce/Downloads/test_ws/src/cpp_pubsub/install/cpp_pubsub/share/cpp_pubsub/package.bash'
[8.721s] INFO:colcon.colcon_core.shell:Creating package script '/home/w0x7ce/Downloads/test_ws/src/cpp_pubsub/install/cpp_pubsub/share/cpp_pubsub/package.zsh'
[8.721s] Level 1:colcon.colcon_core.environment:create_file_with_runtime_dependencies(/home/w0x7ce/Downloads/test_ws/src/cpp_pubsub/install/cpp_pubsub/share/colcon-core/packages/cpp_pubsub)
[8.749s] Level 1:colcon.colcon_core.environment:create_environment_scripts_only(cpp_pubsub)
[8.752s] Level 1:colcon.colcon_core.environment:checking '/home/w0x7ce/Downloads/test_ws/src/cpp_pubsub/install/cpp_pubsub' for CMake module files
[8.753s] Level 1:colcon.colcon_core.environment:checking '/home/w0x7ce/Downloads/test_ws/src/cpp_pubsub/install/cpp_pubsub' for CMake config files
[8.753s] Level 1:colcon.colcon_core.shell:create_environment_hook('cpp_pubsub', 'cmake_prefix_path')
[8.755s] INFO:colcon.colcon_core.shell:Creating environment hook '/home/w0x7ce/Downloads/test_ws/src/cpp_pubsub/install/cpp_pubsub/share/cpp_pubsub/hook/cmake_prefix_path.ps1'
[8.756s] INFO:colcon.colcon_core.shell:Creating environment descriptor '/home/w0x7ce/Downloads/test_ws/src/cpp_pubsub/install/cpp_pubsub/share/cpp_pubsub/hook/cmake_prefix_path.dsv'
[8.757s] INFO:colcon.colcon_core.shell:Creating environment hook '/home/w0x7ce/Downloads/test_ws/src/cpp_pubsub/install/cpp_pubsub/share/cpp_pubsub/hook/cmake_prefix_path.sh'
[8.757s] Level 1:colcon.colcon_core.environment:checking '/home/w0x7ce/Downloads/test_ws/src/cpp_pubsub/install/cpp_pubsub/lib'
[8.758s] Level 1:colcon.colcon_core.environment:checking '/home/w0x7ce/Downloads/test_ws/src/cpp_pubsub/install/cpp_pubsub/bin'
[8.758s] Level 1:colcon.colcon_core.environment:checking '/home/w0x7ce/Downloads/test_ws/src/cpp_pubsub/install/cpp_pubsub/lib/pkgconfig/cpp_pubsub.pc'
[8.758s] Level 1:colcon.colcon_core.environment:checking '/home/w0x7ce/Downloads/test_ws/src/cpp_pubsub/install/cpp_pubsub/lib/python3.10/site-packages'
[8.758s] Level 1:colcon.colcon_core.environment:checking '/home/w0x7ce/Downloads/test_ws/src/cpp_pubsub/install/cpp_pubsub/bin'
[8.760s] INFO:colcon.colcon_core.shell:Creating package script '/home/w0x7ce/Downloads/test_ws/src/cpp_pubsub/install/cpp_pubsub/share/cpp_pubsub/package.ps1'
[8.761s] INFO:colcon.colcon_core.shell:Creating package descriptor '/home/w0x7ce/Downloads/test_ws/src/cpp_pubsub/install/cpp_pubsub/share/cpp_pubsub/package.dsv'
[8.761s] INFO:colcon.colcon_core.shell:Creating package script '/home/w0x7ce/Downloads/test_ws/src/cpp_pubsub/install/cpp_pubsub/share/cpp_pubsub/package.sh'
[8.762s] INFO:colcon.colcon_core.shell:Creating package script '/home/w0x7ce/Downloads/test_ws/src/cpp_pubsub/install/cpp_pubsub/share/cpp_pubsub/package.bash'
[8.762s] INFO:colcon.colcon_core.shell:Creating package script '/home/w0x7ce/Downloads/test_ws/src/cpp_pubsub/install/cpp_pubsub/share/cpp_pubsub/package.zsh'
[8.763s] Level 1:colcon.colcon_core.environment:create_file_with_runtime_dependencies(/home/w0x7ce/Downloads/test_ws/src/cpp_pubsub/install/cpp_pubsub/share/colcon-core/packages/cpp_pubsub)
[8.763s] DEBUG:colcon.colcon_parallel_executor.executor.parallel:closing loop
[8.763s] DEBUG:colcon.colcon_parallel_executor.executor.parallel:loop closed
[8.763s] DEBUG:colcon.colcon_parallel_executor.executor.parallel:run_until_complete finished with '0'
[8.763s] DEBUG:colcon.colcon_core.event_reactor:joining thread
[8.769s] INFO:colcon.colcon_core.plugin_system:Skipping extension 'colcon_notification.desktop_notification.terminal_notifier': Not used on non-Darwin systems
[8.769s] INFO:colcon.colcon_core.plugin_system:Skipping extension 'colcon_notification.desktop_notification.win32': Not used on non-Windows systems
[8.769s] INFO:colcon.colcon_notification.desktop_notification:Sending desktop notification using 'notify2'
[8.784s] DEBUG:colcon.colcon_core.event_reactor:joined thread
[8.785s] INFO:colcon.colcon_core.shell:Creating prefix script '/home/w0x7ce/Downloads/test_ws/src/cpp_pubsub/install/local_setup.ps1'
[8.786s] INFO:colcon.colcon_core.shell:Creating prefix util module '/home/w0x7ce/Downloads/test_ws/src/cpp_pubsub/install/_local_setup_util_ps1.py'
[8.787s] INFO:colcon.colcon_core.shell:Creating prefix chain script '/home/w0x7ce/Downloads/test_ws/src/cpp_pubsub/install/setup.ps1'
[8.788s] INFO:colcon.colcon_core.shell:Creating prefix script '/home/w0x7ce/Downloads/test_ws/src/cpp_pubsub/install/local_setup.sh'
[8.788s] INFO:colcon.colcon_core.shell:Creating prefix util module '/home/w0x7ce/Downloads/test_ws/src/cpp_pubsub/install/_local_setup_util_sh.py'
[8.789s] INFO:colcon.colcon_core.shell:Creating prefix chain script '/home/w0x7ce/Downloads/test_ws/src/cpp_pubsub/install/setup.sh'
[8.789s] INFO:colcon.colcon_core.shell:Creating prefix script '/home/w0x7ce/Downloads/test_ws/src/cpp_pubsub/install/local_setup.bash'
[8.789s] INFO:colcon.colcon_core.shell:Creating prefix chain script '/home/w0x7ce/Downloads/test_ws/src/cpp_pubsub/install/setup.bash'
[8.790s] INFO:colcon.colcon_core.shell:Creating prefix script '/home/w0x7ce/Downloads/test_ws/src/cpp_pubsub/install/local_setup.zsh'
[8.790s] INFO:colcon.colcon_core.shell:Creating prefix chain script '/home/w0x7ce/Downloads/test_ws/src/cpp_pubsub/install/setup.zsh'
