-- Found ament_cmake: 1.3.2 (/opt/ros/humble/share/ament_cmake/cmake)
-- Found rclcpp: 16.0.1 (/opt/ros/humble/share/rclcpp/cmake)
-- Found rosidl_generator_c: 3.1.3 (/opt/ros/humble/share/rosidl_generator_c/cmake)
-- Found rosidl_adapter: 3.1.3 (/opt/ros/humble/share/rosidl_adapter/cmake)
-- Found rosidl_generator_cpp: 3.1.3 (/opt/ros/humble/share/rosidl_generator_cpp/cmake)
-- Using all available rosidl_typesupport_c: rosidl_typesupport_fastrtps_c;rosidl_typesupport_introspection_c
-- Using all available rosidl_typesupport_cpp: rosidl_typesupport_fastrtps_cpp;rosidl_typesupport_introspection_cpp
-- Found rmw_implementation_cmake: 6.1.0 (/opt/ros/humble/share/rmw_implementation_cmake/cmake)
-- Found rmw_fastrtps_cpp: 6.2.1 (/opt/ros/humble/share/rmw_fastrtps_cpp/cmake)
-- Using RMW implementation 'rmw_fastrtps_cpp' as default
[31mCMake Error at CMakeLists.txt:11 (find_package):
  By not providing "Findstd_msgss.cmake" in CMAKE_MODULE_PATH this project
  has asked CMake to find a package configuration file provided by
  "std_msgss", but CMake did not find one.

  Could not find a package configuration file provided by "std_msgss" with
  any of the following names:

    std_msgssConfig.cmake
    std_msgss-config.cmake

  Add the installation prefix of "std_msgss" to CMAKE_PREFIX_PATH or set
  "std_msgss_DIR" to a directory containing one of the above files.  If
  "std_msgss" provides a separate development package or SDK, be sure it has
  been installed.

[0m
-- Configuring incomplete, errors occurred!
See also "/home/w0x7ce/Desktop/d2lros2/chapt3/chapt3_ws/build/example_topic_rclcpp/CMakeFiles/CMakeOutput.log".
gmake: *** [Makefile:267: cmake_check_build_system] Error 1
