[0.028s] Invoking command in '/home/w0x7ce/Desktop/d2lros2/chapt3/cpp_pubsub/build/cpp_pubsub': CMAKE_PREFIX_PATH=/opt/ros/humble CONDA_PROMPT_MODIFIER=(base) /usr/bin/cmake --build /home/w0x7ce/Desktop/d2lros2/chapt3/cpp_pubsub/build/cpp_pubsub -- -j4 -l4
[0.048s] -- Found ament_cmake: 1.3.2 (/opt/ros/humble/share/ament_cmake/cmake)
[0.177s] -- Found rclcpp: 16.0.1 (/opt/ros/humble/share/rclcpp/cmake)
[0.208s] -- Found rosidl_generator_c: 3.1.3 (/opt/ros/humble/share/rosidl_generator_c/cmake)
[0.210s] -- Found rosidl_adapter: 3.1.3 (/opt/ros/humble/share/rosidl_adapter/cmake)
[0.217s] -- Found rosidl_generator_cpp: 3.1.3 (/opt/ros/humble/share/rosidl_generator_cpp/cmake)
[0.228s] -- Using all available rosidl_typesupport_c: rosidl_typesupport_fastrtps_c;rosidl_typesupport_introspection_c
[0.244s] -- Using all available rosidl_typesupport_cpp: rosidl_typesupport_fastrtps_cpp;rosidl_typesupport_introspection_cpp
[0.304s] -- Found rmw_implementation_cmake: 6.1.0 (/opt/ros/humble/share/rmw_implementation_cmake/cmake)
[0.306s] -- Found rmw_fastrtps_cpp: 6.2.1 (/opt/ros/humble/share/rmw_fastrtps_cpp/cmake)
[0.422s] -- Using RMW implementation 'rmw_fastrtps_cpp' as default
[0.640s] -- Configuring done
[0.714s] -- Generating done
[0.715s] -- Build files have been written to: /home/w0x7ce/Desktop/d2lros2/chapt3/cpp_pubsub/build/cpp_pubsub
[0.753s] [ 50%] [32mBuilding CXX object CMakeFiles/talker.dir/src/publisher_member_function.cpp.o[0m
[6.835s] [100%] [32m[1mLinking CXX executable talker[0m
[15.577s] [100%] Built target talker
[15.587s] Invoked command in '/home/w0x7ce/Desktop/d2lros2/chapt3/cpp_pubsub/build/cpp_pubsub' returned '0': CMAKE_PREFIX_PATH=/opt/ros/humble CONDA_PROMPT_MODIFIER=(base) /usr/bin/cmake --build /home/w0x7ce/Desktop/d2lros2/chapt3/cpp_pubsub/build/cpp_pubsub -- -j4 -l4
[15.631s] Invoking command in '/home/w0x7ce/Desktop/d2lros2/chapt3/cpp_pubsub/build/cpp_pubsub': CMAKE_PREFIX_PATH=/opt/ros/humble CONDA_PROMPT_MODIFIER=(base) /usr/bin/cmake --install /home/w0x7ce/Desktop/d2lros2/chapt3/cpp_pubsub/build/cpp_pubsub
[15.636s] -- Install configuration: ""
[15.636s] -- Installing: /home/w0x7ce/Desktop/d2lros2/chapt3/cpp_pubsub/install/cpp_pubsub/lib/cpp_pubsub/talker
[15.637s] -- Set runtime path of "/home/w0x7ce/Desktop/d2lros2/chapt3/cpp_pubsub/install/cpp_pubsub/lib/cpp_pubsub/talker" to ""
[15.637s] -- Installing: /home/w0x7ce/Desktop/d2lros2/chapt3/cpp_pubsub/install/cpp_pubsub/share/ament_index/resource_index/package_run_dependencies/cpp_pubsub
[15.638s] -- Up-to-date: /home/w0x7ce/Desktop/d2lros2/chapt3/cpp_pubsub/install/cpp_pubsub/share/ament_index/resource_index/parent_prefix_path/cpp_pubsub
[15.638s] -- Up-to-date: /home/w0x7ce/Desktop/d2lros2/chapt3/cpp_pubsub/install/cpp_pubsub/share/cpp_pubsub/environment/ament_prefix_path.sh
[15.638s] -- Installing: /home/w0x7ce/Desktop/d2lros2/chapt3/cpp_pubsub/install/cpp_pubsub/share/cpp_pubsub/environment/ament_prefix_path.dsv
[15.638s] -- Up-to-date: /home/w0x7ce/Desktop/d2lros2/chapt3/cpp_pubsub/install/cpp_pubsub/share/cpp_pubsub/environment/path.sh
[15.638s] -- Installing: /home/w0x7ce/Desktop/d2lros2/chapt3/cpp_pubsub/install/cpp_pubsub/share/cpp_pubsub/environment/path.dsv
[15.638s] -- Up-to-date: /home/w0x7ce/Desktop/d2lros2/chapt3/cpp_pubsub/install/cpp_pubsub/share/cpp_pubsub/local_setup.bash
[15.638s] -- Up-to-date: /home/w0x7ce/Desktop/d2lros2/chapt3/cpp_pubsub/install/cpp_pubsub/share/cpp_pubsub/local_setup.sh
[15.638s] -- Up-to-date: /home/w0x7ce/Desktop/d2lros2/chapt3/cpp_pubsub/install/cpp_pubsub/share/cpp_pubsub/local_setup.zsh
[15.638s] -- Installing: /home/w0x7ce/Desktop/d2lros2/chapt3/cpp_pubsub/install/cpp_pubsub/share/cpp_pubsub/local_setup.dsv
[15.639s] -- Installing: /home/w0x7ce/Desktop/d2lros2/chapt3/cpp_pubsub/install/cpp_pubsub/share/cpp_pubsub/package.dsv
[15.639s] -- Up-to-date: /home/w0x7ce/Desktop/d2lros2/chapt3/cpp_pubsub/install/cpp_pubsub/share/ament_index/resource_index/packages/cpp_pubsub
[15.639s] -- Up-to-date: /home/w0x7ce/Desktop/d2lros2/chapt3/cpp_pubsub/install/cpp_pubsub/share/cpp_pubsub/cmake/cpp_pubsubConfig.cmake
[15.639s] -- Up-to-date: /home/w0x7ce/Desktop/d2lros2/chapt3/cpp_pubsub/install/cpp_pubsub/share/cpp_pubsub/cmake/cpp_pubsubConfig-version.cmake
[15.639s] -- Installing: /home/w0x7ce/Desktop/d2lros2/chapt3/cpp_pubsub/install/cpp_pubsub/share/cpp_pubsub/package.xml
[15.642s] Invoked command in '/home/w0x7ce/Desktop/d2lros2/chapt3/cpp_pubsub/build/cpp_pubsub' returned '0': CMAKE_PREFIX_PATH=/opt/ros/humble CONDA_PROMPT_MODIFIER=(base) /usr/bin/cmake --install /home/w0x7ce/Desktop/d2lros2/chapt3/cpp_pubsub/build/cpp_pubsub
