[0.608s] DEBUG:colcon:Command line arguments: ['/home/w0x7ce/anaconda3/bin/colcon', 'build']
[0.608s] DEBUG:colcon:Parsed command line arguments: Namespace(log_base=None, log_level=None, verb_name='build', build_base='build', install_base='install', merge_install=False, symlink_install=False, test_result_base=None, continue_on_error=False, executor='parallel', parallel_workers=4, event_handlers=None, ignore_user_meta=False, metas=['./colcon.meta'], base_paths=['.'], packages_ignore=None, packages_ignore_regex=None, paths=None, packages_up_to=None, packages_up_to_regex=None, packages_above=None, packages_above_and_dependencies=None, packages_above_depth=None, packages_select_by_dep=None, packages_skip_by_dep=None, packages_skip_up_to=None, packages_select_build_failed=False, packages_skip_build_finished=False, packages_select_test_failures=False, packages_skip_test_passed=False, packages_select=None, packages_skip=None, packages_select_regex=None, packages_skip_regex=None, packages_start=None, packages_end=None, cmake_args=None, cmake_target=None, cmake_target_skip_unavailable=False, cmake_clean_cache=False, cmake_clean_first=False, cmake_force_configure=False, ament_cmake_args=None, catkin_cmake_args=None, catkin_skip_building_tests=False, verb_parser=<colcon_defaults.argument_parser.defaults.DefaultArgumentsDecorator object at 0x7f63f2115370>, verb_extension=<colcon_core.verb.build.BuildVerb object at 0x7f63f21304c0>, main=<bound method BuildVerb.main of <colcon_core.verb.build.BuildVerb object at 0x7f63f21304c0>>)
[0.660s] Level 1:colcon.colcon_core.package_discovery:discover_packages(colcon_meta) check parameters
[0.660s] Level 1:colcon.colcon_core.package_discovery:discover_packages(recursive) check parameters
[0.660s] Level 1:colcon.colcon_core.package_discovery:discover_packages(ignore) check parameters
[0.660s] Level 1:colcon.colcon_core.package_discovery:discover_packages(path) check parameters
[0.660s] Level 1:colcon.colcon_core.package_discovery:discover_packages(colcon_meta) discover
[0.660s] Level 1:colcon.colcon_core.package_discovery:discover_packages(recursive) discover
[0.660s] INFO:colcon.colcon_core.package_discovery:Crawling recursively for packages in '/home/w0x7ce/Desktop/d2lros2/chapt3/chapt3_ws'
[0.660s] Level 1:colcon.colcon_core.package_identification:_identify(.) by extensions ['ignore', 'ignore_ament_install']
[0.660s] Level 1:colcon.colcon_core.package_identification:_identify(.) by extension 'ignore'
[0.660s] Level 1:colcon.colcon_core.package_identification:_identify(.) by extension 'ignore_ament_install'
[0.660s] Level 1:colcon.colcon_core.package_identification:_identify(.) by extensions ['colcon_pkg']
[0.660s] Level 1:colcon.colcon_core.package_identification:_identify(.) by extension 'colcon_pkg'
[0.660s] Level 1:colcon.colcon_core.package_identification:_identify(.) by extensions ['colcon_meta']
[0.660s] Level 1:colcon.colcon_core.package_identification:_identify(.) by extension 'colcon_meta'
[0.660s] Level 1:colcon.colcon_core.package_identification:_identify(.) by extensions ['ros']
[0.660s] Level 1:colcon.colcon_core.package_identification:_identify(.) by extension 'ros'
[0.726s] Level 1:colcon.colcon_core.package_identification:_identify(.) by extensions ['cmake', 'python']
[0.726s] Level 1:colcon.colcon_core.package_identification:_identify(.) by extension 'cmake'
[0.726s] Level 1:colcon.colcon_core.package_identification:_identify(.) by extension 'python'
[0.726s] Level 1:colcon.colcon_core.package_identification:_identify(.) by extensions ['python_setup_py']
[0.726s] Level 1:colcon.colcon_core.package_identification:_identify(.) by extension 'python_setup_py'
[0.726s] Level 1:colcon.colcon_core.package_identification:_identify(build) by extensions ['ignore', 'ignore_ament_install']
[0.726s] Level 1:colcon.colcon_core.package_identification:_identify(build) by extension 'ignore'
[0.726s] Level 1:colcon.colcon_core.package_identification:_identify(build) ignored
[0.726s] Level 1:colcon.colcon_core.package_identification:_identify(install) by extensions ['ignore', 'ignore_ament_install']
[0.726s] Level 1:colcon.colcon_core.package_identification:_identify(install) by extension 'ignore'
[0.726s] Level 1:colcon.colcon_core.package_identification:_identify(install) ignored
[0.727s] Level 1:colcon.colcon_core.package_identification:_identify(log) by extensions ['ignore', 'ignore_ament_install']
[0.727s] Level 1:colcon.colcon_core.package_identification:_identify(log) by extension 'ignore'
[0.727s] Level 1:colcon.colcon_core.package_identification:_identify(log) ignored
[0.727s] Level 1:colcon.colcon_core.package_identification:_identify(src) by extensions ['ignore', 'ignore_ament_install']
[0.727s] Level 1:colcon.colcon_core.package_identification:_identify(src) by extension 'ignore'
[0.727s] Level 1:colcon.colcon_core.package_identification:_identify(src) by extension 'ignore_ament_install'
[0.727s] Level 1:colcon.colcon_core.package_identification:_identify(src) by extensions ['colcon_pkg']
[0.727s] Level 1:colcon.colcon_core.package_identification:_identify(src) by extension 'colcon_pkg'
[0.727s] Level 1:colcon.colcon_core.package_identification:_identify(src) by extensions ['colcon_meta']
[0.727s] Level 1:colcon.colcon_core.package_identification:_identify(src) by extension 'colcon_meta'
[0.727s] Level 1:colcon.colcon_core.package_identification:_identify(src) by extensions ['ros']
[0.727s] Level 1:colcon.colcon_core.package_identification:_identify(src) by extension 'ros'
[0.727s] Level 1:colcon.colcon_core.package_identification:_identify(src) by extensions ['cmake', 'python']
[0.727s] Level 1:colcon.colcon_core.package_identification:_identify(src) by extension 'cmake'
[0.727s] Level 1:colcon.colcon_core.package_identification:_identify(src) by extension 'python'
[0.727s] Level 1:colcon.colcon_core.package_identification:_identify(src) by extensions ['python_setup_py']
[0.727s] Level 1:colcon.colcon_core.package_identification:_identify(src) by extension 'python_setup_py'
[0.728s] Level 1:colcon.colcon_core.package_identification:_identify(src/example_interfaces_rclcpp) by extensions ['ignore', 'ignore_ament_install']
[0.728s] Level 1:colcon.colcon_core.package_identification:_identify(src/example_interfaces_rclcpp) by extension 'ignore'
[0.728s] Level 1:colcon.colcon_core.package_identification:_identify(src/example_interfaces_rclcpp) by extension 'ignore_ament_install'
[0.728s] Level 1:colcon.colcon_core.package_identification:_identify(src/example_interfaces_rclcpp) by extensions ['colcon_pkg']
[0.728s] Level 1:colcon.colcon_core.package_identification:_identify(src/example_interfaces_rclcpp) by extension 'colcon_pkg'
[0.728s] Level 1:colcon.colcon_core.package_identification:_identify(src/example_interfaces_rclcpp) by extensions ['colcon_meta']
[0.728s] Level 1:colcon.colcon_core.package_identification:_identify(src/example_interfaces_rclcpp) by extension 'colcon_meta'
[0.728s] Level 1:colcon.colcon_core.package_identification:_identify(src/example_interfaces_rclcpp) by extensions ['ros']
[0.728s] Level 1:colcon.colcon_core.package_identification:_identify(src/example_interfaces_rclcpp) by extension 'ros'
[0.730s] DEBUG:colcon.colcon_core.package_identification:Package 'src/example_interfaces_rclcpp' with type 'ros.ament_cmake' and name 'example_interfaces_rclcpp'
[0.730s] Level 1:colcon.colcon_core.package_identification:_identify(src/example_service_rclcpp) by extensions ['ignore', 'ignore_ament_install']
[0.730s] Level 1:colcon.colcon_core.package_identification:_identify(src/example_service_rclcpp) by extension 'ignore'
[0.730s] Level 1:colcon.colcon_core.package_identification:_identify(src/example_service_rclcpp) by extension 'ignore_ament_install'
[0.731s] Level 1:colcon.colcon_core.package_identification:_identify(src/example_service_rclcpp) by extensions ['colcon_pkg']
[0.731s] Level 1:colcon.colcon_core.package_identification:_identify(src/example_service_rclcpp) by extension 'colcon_pkg'
[0.731s] Level 1:colcon.colcon_core.package_identification:_identify(src/example_service_rclcpp) by extensions ['colcon_meta']
[0.731s] Level 1:colcon.colcon_core.package_identification:_identify(src/example_service_rclcpp) by extension 'colcon_meta'
[0.731s] Level 1:colcon.colcon_core.package_identification:_identify(src/example_service_rclcpp) by extensions ['ros']
[0.731s] Level 1:colcon.colcon_core.package_identification:_identify(src/example_service_rclcpp) by extension 'ros'
[0.731s] DEBUG:colcon.colcon_core.package_identification:Package 'src/example_service_rclcpp' with type 'ros.ament_cmake' and name 'example_service_rclcpp'
[0.731s] Level 1:colcon.colcon_core.package_identification:_identify(src/example_topic_rclcpp) by extensions ['ignore', 'ignore_ament_install']
[0.732s] Level 1:colcon.colcon_core.package_identification:_identify(src/example_topic_rclcpp) by extension 'ignore'
[0.732s] Level 1:colcon.colcon_core.package_identification:_identify(src/example_topic_rclcpp) by extension 'ignore_ament_install'
[0.732s] Level 1:colcon.colcon_core.package_identification:_identify(src/example_topic_rclcpp) by extensions ['colcon_pkg']
[0.732s] Level 1:colcon.colcon_core.package_identification:_identify(src/example_topic_rclcpp) by extension 'colcon_pkg'
[0.732s] Level 1:colcon.colcon_core.package_identification:_identify(src/example_topic_rclcpp) by extensions ['colcon_meta']
[0.732s] Level 1:colcon.colcon_core.package_identification:_identify(src/example_topic_rclcpp) by extension 'colcon_meta'
[0.732s] Level 1:colcon.colcon_core.package_identification:_identify(src/example_topic_rclcpp) by extensions ['ros']
[0.732s] Level 1:colcon.colcon_core.package_identification:_identify(src/example_topic_rclcpp) by extension 'ros'
[0.732s] DEBUG:colcon.colcon_core.package_identification:Package 'src/example_topic_rclcpp' with type 'ros.ament_cmake' and name 'example_topic_rclcpp'
[0.732s] Level 1:colcon.colcon_core.package_discovery:discover_packages(recursive) using defaults
[0.732s] Level 1:colcon.colcon_core.package_discovery:discover_packages(ignore) discover
[0.732s] Level 1:colcon.colcon_core.package_discovery:discover_packages(ignore) using defaults
[0.732s] Level 1:colcon.colcon_core.package_discovery:discover_packages(path) discover
[0.733s] Level 1:colcon.colcon_core.package_discovery:discover_packages(path) using defaults
[0.774s] Level 5:colcon.colcon_core.verb:set package 'example_interfaces_rclcpp' build argument 'cmake_args' from command line to 'None'
[0.774s] Level 5:colcon.colcon_core.verb:set package 'example_interfaces_rclcpp' build argument 'cmake_target' from command line to 'None'
[0.774s] Level 5:colcon.colcon_core.verb:set package 'example_interfaces_rclcpp' build argument 'cmake_target_skip_unavailable' from command line to 'False'
[0.774s] Level 5:colcon.colcon_core.verb:set package 'example_interfaces_rclcpp' build argument 'cmake_clean_cache' from command line to 'False'
[0.774s] Level 5:colcon.colcon_core.verb:set package 'example_interfaces_rclcpp' build argument 'cmake_clean_first' from command line to 'False'
[0.774s] Level 5:colcon.colcon_core.verb:set package 'example_interfaces_rclcpp' build argument 'cmake_force_configure' from command line to 'False'
[0.774s] Level 5:colcon.colcon_core.verb:set package 'example_interfaces_rclcpp' build argument 'ament_cmake_args' from command line to 'None'
[0.775s] Level 5:colcon.colcon_core.verb:set package 'example_interfaces_rclcpp' build argument 'catkin_cmake_args' from command line to 'None'
[0.775s] Level 5:colcon.colcon_core.verb:set package 'example_interfaces_rclcpp' build argument 'catkin_skip_building_tests' from command line to 'False'
[0.775s] DEBUG:colcon.colcon_core.verb:Building package 'example_interfaces_rclcpp' with the following arguments: {'ament_cmake_args': None, 'build_base': '/home/w0x7ce/Desktop/d2lros2/chapt3/chapt3_ws/build/example_interfaces_rclcpp', 'catkin_cmake_args': None, 'catkin_skip_building_tests': False, 'cmake_args': None, 'cmake_clean_cache': False, 'cmake_clean_first': False, 'cmake_force_configure': False, 'cmake_target': None, 'cmake_target_skip_unavailable': False, 'install_base': '/home/w0x7ce/Desktop/d2lros2/chapt3/chapt3_ws/install/example_interfaces_rclcpp', 'merge_install': False, 'path': '/home/w0x7ce/Desktop/d2lros2/chapt3/chapt3_ws/src/example_interfaces_rclcpp', 'symlink_install': False, 'test_result_base': None}
[0.783s] Level 5:colcon.colcon_core.verb:set package 'example_service_rclcpp' build argument 'cmake_args' from command line to 'None'
[0.783s] Level 5:colcon.colcon_core.verb:set package 'example_service_rclcpp' build argument 'cmake_target' from command line to 'None'
[0.783s] Level 5:colcon.colcon_core.verb:set package 'example_service_rclcpp' build argument 'cmake_target_skip_unavailable' from command line to 'False'
[0.783s] Level 5:colcon.colcon_core.verb:set package 'example_service_rclcpp' build argument 'cmake_clean_cache' from command line to 'False'
[0.783s] Level 5:colcon.colcon_core.verb:set package 'example_service_rclcpp' build argument 'cmake_clean_first' from command line to 'False'
[0.783s] Level 5:colcon.colcon_core.verb:set package 'example_service_rclcpp' build argument 'cmake_force_configure' from command line to 'False'
[0.784s] Level 5:colcon.colcon_core.verb:set package 'example_service_rclcpp' build argument 'ament_cmake_args' from command line to 'None'
[0.784s] Level 5:colcon.colcon_core.verb:set package 'example_service_rclcpp' build argument 'catkin_cmake_args' from command line to 'None'
[0.784s] Level 5:colcon.colcon_core.verb:set package 'example_service_rclcpp' build argument 'catkin_skip_building_tests' from command line to 'False'
[0.784s] DEBUG:colcon.colcon_core.verb:Building package 'example_service_rclcpp' with the following arguments: {'ament_cmake_args': None, 'build_base': '/home/w0x7ce/Desktop/d2lros2/chapt3/chapt3_ws/build/example_service_rclcpp', 'catkin_cmake_args': None, 'catkin_skip_building_tests': False, 'cmake_args': None, 'cmake_clean_cache': False, 'cmake_clean_first': False, 'cmake_force_configure': False, 'cmake_target': None, 'cmake_target_skip_unavailable': False, 'install_base': '/home/w0x7ce/Desktop/d2lros2/chapt3/chapt3_ws/install/example_service_rclcpp', 'merge_install': False, 'path': '/home/w0x7ce/Desktop/d2lros2/chapt3/chapt3_ws/src/example_service_rclcpp', 'symlink_install': False, 'test_result_base': None}
[0.792s] Level 5:colcon.colcon_core.verb:set package 'example_topic_rclcpp' build argument 'cmake_args' from command line to 'None'
[0.792s] Level 5:colcon.colcon_core.verb:set package 'example_topic_rclcpp' build argument 'cmake_target' from command line to 'None'
[0.792s] Level 5:colcon.colcon_core.verb:set package 'example_topic_rclcpp' build argument 'cmake_target_skip_unavailable' from command line to 'False'
[0.792s] Level 5:colcon.colcon_core.verb:set package 'example_topic_rclcpp' build argument 'cmake_clean_cache' from command line to 'False'
[0.792s] Level 5:colcon.colcon_core.verb:set package 'example_topic_rclcpp' build argument 'cmake_clean_first' from command line to 'False'
[0.792s] Level 5:colcon.colcon_core.verb:set package 'example_topic_rclcpp' build argument 'cmake_force_configure' from command line to 'False'
[0.792s] Level 5:colcon.colcon_core.verb:set package 'example_topic_rclcpp' build argument 'ament_cmake_args' from command line to 'None'
[0.792s] Level 5:colcon.colcon_core.verb:set package 'example_topic_rclcpp' build argument 'catkin_cmake_args' from command line to 'None'
[0.792s] Level 5:colcon.colcon_core.verb:set package 'example_topic_rclcpp' build argument 'catkin_skip_building_tests' from command line to 'False'
[0.792s] DEBUG:colcon.colcon_core.verb:Building package 'example_topic_rclcpp' with the following arguments: {'ament_cmake_args': None, 'build_base': '/home/w0x7ce/Desktop/d2lros2/chapt3/chapt3_ws/build/example_topic_rclcpp', 'catkin_cmake_args': None, 'catkin_skip_building_tests': False, 'cmake_args': None, 'cmake_clean_cache': False, 'cmake_clean_first': False, 'cmake_force_configure': False, 'cmake_target': None, 'cmake_target_skip_unavailable': False, 'install_base': '/home/w0x7ce/Desktop/d2lros2/chapt3/chapt3_ws/install/example_topic_rclcpp', 'merge_install': False, 'path': '/home/w0x7ce/Desktop/d2lros2/chapt3/chapt3_ws/src/example_topic_rclcpp', 'symlink_install': False, 'test_result_base': None}
[0.795s] INFO:colcon.colcon_core.executor:Executing jobs using 'parallel' executor
[0.810s] DEBUG:colcon.colcon_parallel_executor.executor.parallel:run_until_complete
[0.810s] INFO:colcon.colcon_ros.task.ament_cmake.build:Building ROS package in '/home/w0x7ce/Desktop/d2lros2/chapt3/chapt3_ws/src/example_interfaces_rclcpp' with build type 'ament_cmake'
[0.810s] INFO:colcon.colcon_cmake.task.cmake.build:Building CMake package in '/home/w0x7ce/Desktop/d2lros2/chapt3/chapt3_ws/src/example_interfaces_rclcpp'
[0.819s] INFO:colcon.colcon_core.plugin_system:Skipping extension 'colcon_core.shell.bat': Not used on non-Windows systems
[0.820s] INFO:colcon.colcon_core.shell:Skip shell extension 'powershell' for command environment: Not usable outside of PowerShell
[0.820s] DEBUG:colcon.colcon_core.shell:Skip shell extension 'dsv' for command environment
[0.833s] INFO:colcon.colcon_ros.task.ament_cmake.build:Building ROS package in '/home/w0x7ce/Desktop/d2lros2/chapt3/chapt3_ws/src/example_service_rclcpp' with build type 'ament_cmake'
[0.833s] INFO:colcon.colcon_cmake.task.cmake.build:Building CMake package in '/home/w0x7ce/Desktop/d2lros2/chapt3/chapt3_ws/src/example_service_rclcpp'
[0.840s] INFO:colcon.colcon_core.shell:Skip shell extension 'powershell' for command environment: Not usable outside of PowerShell
[0.841s] DEBUG:colcon.colcon_core.shell:Skip shell extension 'dsv' for command environment
[0.853s] INFO:colcon.colcon_ros.task.ament_cmake.build:Building ROS package in '/home/w0x7ce/Desktop/d2lros2/chapt3/chapt3_ws/src/example_topic_rclcpp' with build type 'ament_cmake'
[0.853s] INFO:colcon.colcon_cmake.task.cmake.build:Building CMake package in '/home/w0x7ce/Desktop/d2lros2/chapt3/chapt3_ws/src/example_topic_rclcpp'
[0.861s] INFO:colcon.colcon_core.shell:Skip shell extension 'powershell' for command environment: Not usable outside of PowerShell
[0.861s] DEBUG:colcon.colcon_core.shell:Skip shell extension 'dsv' for command environment
[0.878s] DEBUG:colcon.colcon_core.event_handler.log_command:Invoking command in '/home/w0x7ce/Desktop/d2lros2/chapt3/chapt3_ws/build/example_interfaces_rclcpp': CMAKE_PREFIX_PATH=/opt/ros/humble CONDA_PROMPT_MODIFIER=(base) /usr/bin/cmake /home/w0x7ce/Desktop/d2lros2/chapt3/chapt3_ws/src/example_interfaces_rclcpp -DCMAKE_INSTALL_PREFIX=/home/w0x7ce/Desktop/d2lros2/chapt3/chapt3_ws/install/example_interfaces_rclcpp
[0.886s] DEBUG:colcon.colcon_core.event_handler.log_command:Invoking command in '/home/w0x7ce/Desktop/d2lros2/chapt3/chapt3_ws/build/example_service_rclcpp': CMAKE_PREFIX_PATH=/opt/ros/humble CONDA_PROMPT_MODIFIER=(base) /usr/bin/cmake --build /home/w0x7ce/Desktop/d2lros2/chapt3/chapt3_ws/build/example_service_rclcpp -- -j4 -l4
[0.891s] DEBUG:colcon.colcon_core.event_handler.log_command:Invoking command in '/home/w0x7ce/Desktop/d2lros2/chapt3/chapt3_ws/build/example_topic_rclcpp': CMAKE_PREFIX_PATH=/opt/ros/humble CONDA_PROMPT_MODIFIER=(base) /usr/bin/cmake --build /home/w0x7ce/Desktop/d2lros2/chapt3/chapt3_ws/build/example_topic_rclcpp -- -j4 -l4
[0.969s] DEBUG:colcon.colcon_core.event_handler.log_command:Invoked command in '/home/w0x7ce/Desktop/d2lros2/chapt3/chapt3_ws/build/example_topic_rclcpp' returned '0': CMAKE_PREFIX_PATH=/opt/ros/humble CONDA_PROMPT_MODIFIER=(base) /usr/bin/cmake --build /home/w0x7ce/Desktop/d2lros2/chapt3/chapt3_ws/build/example_topic_rclcpp -- -j4 -l4
[0.982s] DEBUG:colcon.colcon_core.event_handler.log_command:Invoked command in '/home/w0x7ce/Desktop/d2lros2/chapt3/chapt3_ws/build/example_service_rclcpp' returned '0': CMAKE_PREFIX_PATH=/opt/ros/humble CONDA_PROMPT_MODIFIER=(base) /usr/bin/cmake --build /home/w0x7ce/Desktop/d2lros2/chapt3/chapt3_ws/build/example_service_rclcpp -- -j4 -l4
[1.009s] DEBUG:colcon.colcon_core.event_handler.log_command:Invoking command in '/home/w0x7ce/Desktop/d2lros2/chapt3/chapt3_ws/build/example_topic_rclcpp': CMAKE_PREFIX_PATH=/opt/ros/humble CONDA_PROMPT_MODIFIER=(base) /usr/bin/cmake --install /home/w0x7ce/Desktop/d2lros2/chapt3/chapt3_ws/build/example_topic_rclcpp
[1.015s] DEBUG:colcon.colcon_core.event_handler.log_command:Invoking command in '/home/w0x7ce/Desktop/d2lros2/chapt3/chapt3_ws/build/example_service_rclcpp': CMAKE_PREFIX_PATH=/opt/ros/humble CONDA_PROMPT_MODIFIER=(base) /usr/bin/cmake --install /home/w0x7ce/Desktop/d2lros2/chapt3/chapt3_ws/build/example_service_rclcpp
[1.020s] Level 1:colcon.colcon_core.environment:create_environment_scripts_only(example_topic_rclcpp)
[1.023s] DEBUG:colcon.colcon_core.event_handler.log_command:Invoked command in '/home/w0x7ce/Desktop/d2lros2/chapt3/chapt3_ws/build/example_topic_rclcpp' returned '0': CMAKE_PREFIX_PATH=/opt/ros/humble CONDA_PROMPT_MODIFIER=(base) /usr/bin/cmake --install /home/w0x7ce/Desktop/d2lros2/chapt3/chapt3_ws/build/example_topic_rclcpp
[1.035s] Level 1:colcon.colcon_core.environment:checking '/home/w0x7ce/Desktop/d2lros2/chapt3/chapt3_ws/install/example_topic_rclcpp' for CMake module files
[1.035s] Level 1:colcon.colcon_core.environment:checking '/home/w0x7ce/Desktop/d2lros2/chapt3/chapt3_ws/install/example_topic_rclcpp' for CMake config files
[1.035s] Level 1:colcon.colcon_core.shell:create_environment_hook('example_topic_rclcpp', 'cmake_prefix_path')
[1.042s] INFO:colcon.colcon_core.shell:Creating environment hook '/home/w0x7ce/Desktop/d2lros2/chapt3/chapt3_ws/install/example_topic_rclcpp/share/example_topic_rclcpp/hook/cmake_prefix_path.ps1'
[1.043s] INFO:colcon.colcon_core.shell:Creating environment descriptor '/home/w0x7ce/Desktop/d2lros2/chapt3/chapt3_ws/install/example_topic_rclcpp/share/example_topic_rclcpp/hook/cmake_prefix_path.dsv'
[1.043s] INFO:colcon.colcon_core.shell:Creating environment hook '/home/w0x7ce/Desktop/d2lros2/chapt3/chapt3_ws/install/example_topic_rclcpp/share/example_topic_rclcpp/hook/cmake_prefix_path.sh'
[1.044s] Level 1:colcon.colcon_core.environment:checking '/home/w0x7ce/Desktop/d2lros2/chapt3/chapt3_ws/install/example_topic_rclcpp/lib'
[1.045s] Level 1:colcon.colcon_core.environment:checking '/home/w0x7ce/Desktop/d2lros2/chapt3/chapt3_ws/install/example_topic_rclcpp/bin'
[1.045s] Level 1:colcon.colcon_core.environment:checking '/home/w0x7ce/Desktop/d2lros2/chapt3/chapt3_ws/install/example_topic_rclcpp/lib/pkgconfig/example_topic_rclcpp.pc'
[1.047s] Level 1:colcon.colcon_core.environment:checking '/home/w0x7ce/Desktop/d2lros2/chapt3/chapt3_ws/install/example_topic_rclcpp/lib/python3.9/site-packages'
[1.047s] Level 1:colcon.colcon_core.environment:checking '/home/w0x7ce/Desktop/d2lros2/chapt3/chapt3_ws/install/example_topic_rclcpp/bin'
[1.054s] INFO:colcon.colcon_core.shell:Creating package script '/home/w0x7ce/Desktop/d2lros2/chapt3/chapt3_ws/install/example_topic_rclcpp/share/example_topic_rclcpp/package.ps1'
[1.055s] INFO:colcon.colcon_core.shell:Creating package descriptor '/home/w0x7ce/Desktop/d2lros2/chapt3/chapt3_ws/install/example_topic_rclcpp/share/example_topic_rclcpp/package.dsv'
[1.055s] INFO:colcon.colcon_core.shell:Creating package script '/home/w0x7ce/Desktop/d2lros2/chapt3/chapt3_ws/install/example_topic_rclcpp/share/example_topic_rclcpp/package.sh'
[1.056s] INFO:colcon.colcon_core.shell:Creating package script '/home/w0x7ce/Desktop/d2lros2/chapt3/chapt3_ws/install/example_topic_rclcpp/share/example_topic_rclcpp/package.bash'
[1.057s] INFO:colcon.colcon_core.shell:Creating package script '/home/w0x7ce/Desktop/d2lros2/chapt3/chapt3_ws/install/example_topic_rclcpp/share/example_topic_rclcpp/package.zsh'
[1.057s] Level 1:colcon.colcon_core.environment:create_file_with_runtime_dependencies(/home/w0x7ce/Desktop/d2lros2/chapt3/chapt3_ws/install/example_topic_rclcpp/share/colcon-core/packages/example_topic_rclcpp)
[1.061s] Level 1:colcon.colcon_core.environment:create_environment_scripts_only(example_service_rclcpp)
[1.070s] Level 1:colcon.colcon_core.environment:checking '/home/w0x7ce/Desktop/d2lros2/chapt3/chapt3_ws/install/example_service_rclcpp' for CMake module files
[1.070s] DEBUG:colcon.colcon_core.event_handler.log_command:Invoked command in '/home/w0x7ce/Desktop/d2lros2/chapt3/chapt3_ws/build/example_service_rclcpp' returned '0': CMAKE_PREFIX_PATH=/opt/ros/humble CONDA_PROMPT_MODIFIER=(base) /usr/bin/cmake --install /home/w0x7ce/Desktop/d2lros2/chapt3/chapt3_ws/build/example_service_rclcpp
[1.071s] Level 1:colcon.colcon_core.environment:checking '/home/w0x7ce/Desktop/d2lros2/chapt3/chapt3_ws/install/example_service_rclcpp' for CMake config files
[1.071s] Level 1:colcon.colcon_core.shell:create_environment_hook('example_service_rclcpp', 'cmake_prefix_path')
[1.078s] INFO:colcon.colcon_core.shell:Creating environment hook '/home/w0x7ce/Desktop/d2lros2/chapt3/chapt3_ws/install/example_service_rclcpp/share/example_service_rclcpp/hook/cmake_prefix_path.ps1'
[1.079s] INFO:colcon.colcon_core.shell:Creating environment descriptor '/home/w0x7ce/Desktop/d2lros2/chapt3/chapt3_ws/install/example_service_rclcpp/share/example_service_rclcpp/hook/cmake_prefix_path.dsv'
[1.079s] INFO:colcon.colcon_core.shell:Creating environment hook '/home/w0x7ce/Desktop/d2lros2/chapt3/chapt3_ws/install/example_service_rclcpp/share/example_service_rclcpp/hook/cmake_prefix_path.sh'
[1.080s] Level 1:colcon.colcon_core.environment:checking '/home/w0x7ce/Desktop/d2lros2/chapt3/chapt3_ws/install/example_service_rclcpp/lib'
[1.080s] Level 1:colcon.colcon_core.environment:checking '/home/w0x7ce/Desktop/d2lros2/chapt3/chapt3_ws/install/example_service_rclcpp/bin'
[1.080s] Level 1:colcon.colcon_core.environment:checking '/home/w0x7ce/Desktop/d2lros2/chapt3/chapt3_ws/install/example_service_rclcpp/lib/pkgconfig/example_service_rclcpp.pc'
[1.080s] Level 1:colcon.colcon_core.environment:checking '/home/w0x7ce/Desktop/d2lros2/chapt3/chapt3_ws/install/example_service_rclcpp/lib/python3.9/site-packages'
[1.081s] Level 1:colcon.colcon_core.environment:checking '/home/w0x7ce/Desktop/d2lros2/chapt3/chapt3_ws/install/example_service_rclcpp/bin'
[1.087s] INFO:colcon.colcon_core.shell:Creating package script '/home/w0x7ce/Desktop/d2lros2/chapt3/chapt3_ws/install/example_service_rclcpp/share/example_service_rclcpp/package.ps1'
[1.088s] INFO:colcon.colcon_core.shell:Creating package descriptor '/home/w0x7ce/Desktop/d2lros2/chapt3/chapt3_ws/install/example_service_rclcpp/share/example_service_rclcpp/package.dsv'
[1.089s] INFO:colcon.colcon_core.shell:Creating package script '/home/w0x7ce/Desktop/d2lros2/chapt3/chapt3_ws/install/example_service_rclcpp/share/example_service_rclcpp/package.sh'
[1.089s] INFO:colcon.colcon_core.shell:Creating package script '/home/w0x7ce/Desktop/d2lros2/chapt3/chapt3_ws/install/example_service_rclcpp/share/example_service_rclcpp/package.bash'
[1.090s] INFO:colcon.colcon_core.shell:Creating package script '/home/w0x7ce/Desktop/d2lros2/chapt3/chapt3_ws/install/example_service_rclcpp/share/example_service_rclcpp/package.zsh'
[1.090s] Level 1:colcon.colcon_core.environment:create_file_with_runtime_dependencies(/home/w0x7ce/Desktop/d2lros2/chapt3/chapt3_ws/install/example_service_rclcpp/share/colcon-core/packages/example_service_rclcpp)
[1.101s] Level 1:colcon.colcon_core.environment:create_environment_scripts_only(example_topic_rclcpp)
[1.109s] Level 1:colcon.colcon_core.environment:checking '/home/w0x7ce/Desktop/d2lros2/chapt3/chapt3_ws/install/example_topic_rclcpp' for CMake module files
[1.110s] Level 1:colcon.colcon_core.environment:checking '/home/w0x7ce/Desktop/d2lros2/chapt3/chapt3_ws/install/example_topic_rclcpp' for CMake config files
[1.111s] Level 1:colcon.colcon_core.shell:create_environment_hook('example_topic_rclcpp', 'cmake_prefix_path')
[1.117s] INFO:colcon.colcon_core.shell:Creating environment hook '/home/w0x7ce/Desktop/d2lros2/chapt3/chapt3_ws/install/example_topic_rclcpp/share/example_topic_rclcpp/hook/cmake_prefix_path.ps1'
[1.118s] INFO:colcon.colcon_core.shell:Creating environment descriptor '/home/w0x7ce/Desktop/d2lros2/chapt3/chapt3_ws/install/example_topic_rclcpp/share/example_topic_rclcpp/hook/cmake_prefix_path.dsv'
[1.119s] INFO:colcon.colcon_core.shell:Creating environment hook '/home/w0x7ce/Desktop/d2lros2/chapt3/chapt3_ws/install/example_topic_rclcpp/share/example_topic_rclcpp/hook/cmake_prefix_path.sh'
[1.119s] Level 1:colcon.colcon_core.environment:checking '/home/w0x7ce/Desktop/d2lros2/chapt3/chapt3_ws/install/example_topic_rclcpp/lib'
[1.119s] Level 1:colcon.colcon_core.environment:checking '/home/w0x7ce/Desktop/d2lros2/chapt3/chapt3_ws/install/example_topic_rclcpp/bin'
[1.119s] Level 1:colcon.colcon_core.environment:checking '/home/w0x7ce/Desktop/d2lros2/chapt3/chapt3_ws/install/example_topic_rclcpp/lib/pkgconfig/example_topic_rclcpp.pc'
[1.120s] Level 1:colcon.colcon_core.environment:checking '/home/w0x7ce/Desktop/d2lros2/chapt3/chapt3_ws/install/example_topic_rclcpp/lib/python3.9/site-packages'
[1.120s] Level 1:colcon.colcon_core.environment:checking '/home/w0x7ce/Desktop/d2lros2/chapt3/chapt3_ws/install/example_topic_rclcpp/bin'
[1.126s] INFO:colcon.colcon_core.shell:Creating package script '/home/w0x7ce/Desktop/d2lros2/chapt3/chapt3_ws/install/example_topic_rclcpp/share/example_topic_rclcpp/package.ps1'
[1.127s] INFO:colcon.colcon_core.shell:Creating package descriptor '/home/w0x7ce/Desktop/d2lros2/chapt3/chapt3_ws/install/example_topic_rclcpp/share/example_topic_rclcpp/package.dsv'
[1.127s] INFO:colcon.colcon_core.shell:Creating package script '/home/w0x7ce/Desktop/d2lros2/chapt3/chapt3_ws/install/example_topic_rclcpp/share/example_topic_rclcpp/package.sh'
[1.128s] INFO:colcon.colcon_core.shell:Creating package script '/home/w0x7ce/Desktop/d2lros2/chapt3/chapt3_ws/install/example_topic_rclcpp/share/example_topic_rclcpp/package.bash'
[1.128s] INFO:colcon.colcon_core.shell:Creating package script '/home/w0x7ce/Desktop/d2lros2/chapt3/chapt3_ws/install/example_topic_rclcpp/share/example_topic_rclcpp/package.zsh'
[1.129s] Level 1:colcon.colcon_core.environment:create_file_with_runtime_dependencies(/home/w0x7ce/Desktop/d2lros2/chapt3/chapt3_ws/install/example_topic_rclcpp/share/colcon-core/packages/example_topic_rclcpp)
[1.137s] Level 1:colcon.colcon_core.environment:create_environment_scripts_only(example_service_rclcpp)
[1.144s] Level 1:colcon.colcon_core.environment:checking '/home/w0x7ce/Desktop/d2lros2/chapt3/chapt3_ws/install/example_service_rclcpp' for CMake module files
[1.145s] Level 1:colcon.colcon_core.environment:checking '/home/w0x7ce/Desktop/d2lros2/chapt3/chapt3_ws/install/example_service_rclcpp' for CMake config files
[1.145s] Level 1:colcon.colcon_core.shell:create_environment_hook('example_service_rclcpp', 'cmake_prefix_path')
[1.151s] INFO:colcon.colcon_core.shell:Creating environment hook '/home/w0x7ce/Desktop/d2lros2/chapt3/chapt3_ws/install/example_service_rclcpp/share/example_service_rclcpp/hook/cmake_prefix_path.ps1'
[1.151s] INFO:colcon.colcon_core.shell:Creating environment descriptor '/home/w0x7ce/Desktop/d2lros2/chapt3/chapt3_ws/install/example_service_rclcpp/share/example_service_rclcpp/hook/cmake_prefix_path.dsv'
[1.152s] INFO:colcon.colcon_core.shell:Creating environment hook '/home/w0x7ce/Desktop/d2lros2/chapt3/chapt3_ws/install/example_service_rclcpp/share/example_service_rclcpp/hook/cmake_prefix_path.sh'
[1.152s] Level 1:colcon.colcon_core.environment:checking '/home/w0x7ce/Desktop/d2lros2/chapt3/chapt3_ws/install/example_service_rclcpp/lib'
[1.152s] Level 1:colcon.colcon_core.environment:checking '/home/w0x7ce/Desktop/d2lros2/chapt3/chapt3_ws/install/example_service_rclcpp/bin'
[1.153s] Level 1:colcon.colcon_core.environment:checking '/home/w0x7ce/Desktop/d2lros2/chapt3/chapt3_ws/install/example_service_rclcpp/lib/pkgconfig/example_service_rclcpp.pc'
[1.153s] Level 1:colcon.colcon_core.environment:checking '/home/w0x7ce/Desktop/d2lros2/chapt3/chapt3_ws/install/example_service_rclcpp/lib/python3.9/site-packages'
[1.153s] Level 1:colcon.colcon_core.environment:checking '/home/w0x7ce/Desktop/d2lros2/chapt3/chapt3_ws/install/example_service_rclcpp/bin'
[1.159s] INFO:colcon.colcon_core.shell:Creating package script '/home/w0x7ce/Desktop/d2lros2/chapt3/chapt3_ws/install/example_service_rclcpp/share/example_service_rclcpp/package.ps1'
[1.160s] INFO:colcon.colcon_core.shell:Creating package descriptor '/home/w0x7ce/Desktop/d2lros2/chapt3/chapt3_ws/install/example_service_rclcpp/share/example_service_rclcpp/package.dsv'
[1.160s] INFO:colcon.colcon_core.shell:Creating package script '/home/w0x7ce/Desktop/d2lros2/chapt3/chapt3_ws/install/example_service_rclcpp/share/example_service_rclcpp/package.sh'
[1.161s] INFO:colcon.colcon_core.shell:Creating package script '/home/w0x7ce/Desktop/d2lros2/chapt3/chapt3_ws/install/example_service_rclcpp/share/example_service_rclcpp/package.bash'
[1.161s] INFO:colcon.colcon_core.shell:Creating package script '/home/w0x7ce/Desktop/d2lros2/chapt3/chapt3_ws/install/example_service_rclcpp/share/example_service_rclcpp/package.zsh'
[1.162s] Level 1:colcon.colcon_core.environment:create_file_with_runtime_dependencies(/home/w0x7ce/Desktop/d2lros2/chapt3/chapt3_ws/install/example_service_rclcpp/share/colcon-core/packages/example_service_rclcpp)
[1.466s] DEBUG:colcon.colcon_core.event_handler.log_command:Invoked command in '/home/w0x7ce/Desktop/d2lros2/chapt3/chapt3_ws/build/example_interfaces_rclcpp' returned '1': CMAKE_PREFIX_PATH=/opt/ros/humble CONDA_PROMPT_MODIFIER=(base) /usr/bin/cmake /home/w0x7ce/Desktop/d2lros2/chapt3/chapt3_ws/src/example_interfaces_rclcpp -DCMAKE_INSTALL_PREFIX=/home/w0x7ce/Desktop/d2lros2/chapt3/chapt3_ws/install/example_interfaces_rclcpp
[1.477s] Level 1:colcon.colcon_core.environment:create_environment_scripts_only(example_interfaces_rclcpp)
[1.485s] Level 1:colcon.colcon_core.environment:checking '/home/w0x7ce/Desktop/d2lros2/chapt3/chapt3_ws/install/example_interfaces_rclcpp' for CMake module files
[1.486s] Level 1:colcon.colcon_core.environment:checking '/home/w0x7ce/Desktop/d2lros2/chapt3/chapt3_ws/install/example_interfaces_rclcpp' for CMake config files
[1.486s] Level 1:colcon.colcon_core.environment:checking '/home/w0x7ce/Desktop/d2lros2/chapt3/chapt3_ws/install/example_interfaces_rclcpp/bin'
[1.486s] Level 1:colcon.colcon_core.environment:checking '/home/w0x7ce/Desktop/d2lros2/chapt3/chapt3_ws/install/example_interfaces_rclcpp/lib/pkgconfig/example_interfaces_rclcpp.pc'
[1.486s] Level 1:colcon.colcon_core.environment:checking '/home/w0x7ce/Desktop/d2lros2/chapt3/chapt3_ws/install/example_interfaces_rclcpp/lib/python3.9/site-packages'
[1.487s] Level 1:colcon.colcon_core.environment:checking '/home/w0x7ce/Desktop/d2lros2/chapt3/chapt3_ws/install/example_interfaces_rclcpp/bin'
[1.493s] INFO:colcon.colcon_core.shell:Creating package script '/home/w0x7ce/Desktop/d2lros2/chapt3/chapt3_ws/install/example_interfaces_rclcpp/share/example_interfaces_rclcpp/package.ps1'
[1.493s] INFO:colcon.colcon_core.shell:Creating package descriptor '/home/w0x7ce/Desktop/d2lros2/chapt3/chapt3_ws/install/example_interfaces_rclcpp/share/example_interfaces_rclcpp/package.dsv'
[1.494s] INFO:colcon.colcon_core.shell:Creating package script '/home/w0x7ce/Desktop/d2lros2/chapt3/chapt3_ws/install/example_interfaces_rclcpp/share/example_interfaces_rclcpp/package.sh'
[1.494s] INFO:colcon.colcon_core.shell:Creating package script '/home/w0x7ce/Desktop/d2lros2/chapt3/chapt3_ws/install/example_interfaces_rclcpp/share/example_interfaces_rclcpp/package.bash'
[1.494s] INFO:colcon.colcon_core.shell:Creating package script '/home/w0x7ce/Desktop/d2lros2/chapt3/chapt3_ws/install/example_interfaces_rclcpp/share/example_interfaces_rclcpp/package.zsh'
[1.495s] Level 1:colcon.colcon_core.environment:create_file_with_runtime_dependencies(/home/w0x7ce/Desktop/d2lros2/chapt3/chapt3_ws/install/example_interfaces_rclcpp/share/colcon-core/packages/example_interfaces_rclcpp)
[1.505s] DEBUG:colcon.colcon_parallel_executor.executor.parallel:closing loop
[1.506s] DEBUG:colcon.colcon_parallel_executor.executor.parallel:loop closed
[1.506s] DEBUG:colcon.colcon_parallel_executor.executor.parallel:run_until_complete finished with '1'
[1.506s] DEBUG:colcon.colcon_core.event_reactor:joining thread
[1.513s] INFO:colcon.colcon_core.plugin_system:Skipping extension 'colcon_notification.desktop_notification.notify2': 'notify2' not found
[1.513s] INFO:colcon.colcon_core.plugin_system:Skipping extension 'colcon_notification.desktop_notification.terminal_notifier': Not used on non-Darwin systems
[1.513s] INFO:colcon.colcon_core.plugin_system:Skipping extension 'colcon_notification.desktop_notification.win32': Not used on non-Windows systems
[1.513s] INFO:colcon.colcon_notification.desktop_notification:Sending desktop notification using 'notify_send'
[1.530s] DEBUG:colcon.colcon_core.event_reactor:joined thread
[1.538s] INFO:colcon.colcon_core.shell:Creating prefix script '/home/w0x7ce/Desktop/d2lros2/chapt3/chapt3_ws/install/local_setup.ps1'
[1.539s] INFO:colcon.colcon_core.shell:Creating prefix util module '/home/w0x7ce/Desktop/d2lros2/chapt3/chapt3_ws/install/_local_setup_util_ps1.py'
[1.540s] INFO:colcon.colcon_core.shell:Creating prefix chain script '/home/w0x7ce/Desktop/d2lros2/chapt3/chapt3_ws/install/setup.ps1'
[1.546s] INFO:colcon.colcon_core.shell:Creating prefix script '/home/w0x7ce/Desktop/d2lros2/chapt3/chapt3_ws/install/local_setup.sh'
[1.546s] INFO:colcon.colcon_core.shell:Creating prefix util module '/home/w0x7ce/Desktop/d2lros2/chapt3/chapt3_ws/install/_local_setup_util_sh.py'
[1.547s] INFO:colcon.colcon_core.shell:Creating prefix chain script '/home/w0x7ce/Desktop/d2lros2/chapt3/chapt3_ws/install/setup.sh'
[1.552s] INFO:colcon.colcon_core.shell:Creating prefix script '/home/w0x7ce/Desktop/d2lros2/chapt3/chapt3_ws/install/local_setup.bash'
[1.553s] INFO:colcon.colcon_core.shell:Creating prefix chain script '/home/w0x7ce/Desktop/d2lros2/chapt3/chapt3_ws/install/setup.bash'
[1.558s] INFO:colcon.colcon_core.shell:Creating prefix script '/home/w0x7ce/Desktop/d2lros2/chapt3/chapt3_ws/install/local_setup.zsh'
[1.558s] INFO:colcon.colcon_core.shell:Creating prefix chain script '/home/w0x7ce/Desktop/d2lros2/chapt3/chapt3_ws/install/setup.zsh'
