[0.032s] Invoking command in '/home/w0x7ce/Desktop/d2lros2/chapt3/cpp_pubsub/build/cpp_pubsub': CMAKE_PREFIX_PATH=${CMAKE_PREFIX_PATH}:/opt/ros/humble CONDA_PROMPT_MODIFIER=(base) /usr/bin/cmake --build /home/w0x7ce/Desktop/d2lros2/chapt3/cpp_pubsub/build/cpp_pubsub -- -j4 -l4
[0.057s] -- Found ament_cmake: 1.3.2 (/opt/ros/humble/share/ament_cmake/cmake)
[0.195s] -- Found rclcpp: 16.0.1 (/opt/ros/humble/share/rclcpp/cmake)
[0.227s] -- Found rosidl_generator_c: 3.1.3 (/opt/ros/humble/share/rosidl_generator_c/cmake)
[0.229s] -- Found rosidl_adapter: 3.1.3 (/opt/ros/humble/share/rosidl_adapter/cmake)
[0.235s] -- Found rosidl_generator_cpp: 3.1.3 (/opt/ros/humble/share/rosidl_generator_cpp/cmake)
[0.246s] -- Using all available rosidl_typesupport_c: rosidl_typesupport_fastrtps_c;rosidl_typesupport_introspection_c
[0.262s] -- Using all available rosidl_typesupport_cpp: rosidl_typesupport_fastrtps_cpp;rosidl_typesupport_introspection_cpp
[0.323s] -- Found rmw_implementation_cmake: 6.1.0 (/opt/ros/humble/share/rmw_implementation_cmake/cmake)
[0.325s] -- Found rmw_fastrtps_cpp: 6.2.1 (/opt/ros/humble/share/rmw_fastrtps_cpp/cmake)
[0.443s] -- Using RMW implementation 'rmw_fastrtps_cpp' as default
[0.665s] -- Configuring done
[0.677s] -- Generating done
[0.679s] -- Build files have been written to: /home/w0x7ce/Desktop/d2lros2/chapt3/cpp_pubsub/build/cpp_pubsub
[0.703s] [35m[1mConsolidate compiler generated dependencies of target listener[0m
[0.703s] [35m[1mConsolidate compiler generated dependencies of target talker[0m
[0.721s] [ 50%] Built target listener
[0.723s] [ 75%] [32mBuilding CXX object CMakeFiles/talker.dir/src/publisher_member_function.cpp.o[0m
[4.860s] [100%] [32m[1mLinking CXX executable talker[0m
[5.060s] [100%] Built target talker
[5.090s] Invoked command in '/home/w0x7ce/Desktop/d2lros2/chapt3/cpp_pubsub/build/cpp_pubsub' returned '0': CMAKE_PREFIX_PATH=${CMAKE_PREFIX_PATH}:/opt/ros/humble CONDA_PROMPT_MODIFIER=(base) /usr/bin/cmake --build /home/w0x7ce/Desktop/d2lros2/chapt3/cpp_pubsub/build/cpp_pubsub -- -j4 -l4
[5.130s] Invoking command in '/home/w0x7ce/Desktop/d2lros2/chapt3/cpp_pubsub/build/cpp_pubsub': CMAKE_PREFIX_PATH=${CMAKE_PREFIX_PATH}:/opt/ros/humble CONDA_PROMPT_MODIFIER=(base) /usr/bin/cmake --install /home/w0x7ce/Desktop/d2lros2/chapt3/cpp_pubsub/build/cpp_pubsub
[5.139s] -- Install configuration: ""
[5.139s] -- Installing: /home/w0x7ce/Desktop/d2lros2/chapt3/cpp_pubsub/install/cpp_pubsub/lib/cpp_pubsub/talker
[5.141s] -- Set runtime path of "/home/w0x7ce/Desktop/d2lros2/chapt3/cpp_pubsub/install/cpp_pubsub/lib/cpp_pubsub/talker" to ""
[5.141s] -- Up-to-date: /home/w0x7ce/Desktop/d2lros2/chapt3/cpp_pubsub/install/cpp_pubsub/lib/cpp_pubsub/listener
[5.141s] -- Up-to-date: /home/w0x7ce/Desktop/d2lros2/chapt3/cpp_pubsub/install/cpp_pubsub/share/ament_index/resource_index/package_run_dependencies/cpp_pubsub
[5.141s] -- Up-to-date: /home/w0x7ce/Desktop/d2lros2/chapt3/cpp_pubsub/install/cpp_pubsub/share/ament_index/resource_index/parent_prefix_path/cpp_pubsub
[5.141s] -- Up-to-date: /home/w0x7ce/Desktop/d2lros2/chapt3/cpp_pubsub/install/cpp_pubsub/share/cpp_pubsub/environment/ament_prefix_path.sh
[5.141s] -- Installing: /home/w0x7ce/Desktop/d2lros2/chapt3/cpp_pubsub/install/cpp_pubsub/share/cpp_pubsub/environment/ament_prefix_path.dsv
[5.142s] -- Up-to-date: /home/w0x7ce/Desktop/d2lros2/chapt3/cpp_pubsub/install/cpp_pubsub/share/cpp_pubsub/environment/path.sh
[5.142s] -- Installing: /home/w0x7ce/Desktop/d2lros2/chapt3/cpp_pubsub/install/cpp_pubsub/share/cpp_pubsub/environment/path.dsv
[5.142s] -- Up-to-date: /home/w0x7ce/Desktop/d2lros2/chapt3/cpp_pubsub/install/cpp_pubsub/share/cpp_pubsub/local_setup.bash
[5.142s] -- Up-to-date: /home/w0x7ce/Desktop/d2lros2/chapt3/cpp_pubsub/install/cpp_pubsub/share/cpp_pubsub/local_setup.sh
[5.142s] -- Up-to-date: /home/w0x7ce/Desktop/d2lros2/chapt3/cpp_pubsub/install/cpp_pubsub/share/cpp_pubsub/local_setup.zsh
[5.142s] -- Installing: /home/w0x7ce/Desktop/d2lros2/chapt3/cpp_pubsub/install/cpp_pubsub/share/cpp_pubsub/local_setup.dsv
[5.142s] -- Installing: /home/w0x7ce/Desktop/d2lros2/chapt3/cpp_pubsub/install/cpp_pubsub/share/cpp_pubsub/package.dsv
[5.142s] -- Up-to-date: /home/w0x7ce/Desktop/d2lros2/chapt3/cpp_pubsub/install/cpp_pubsub/share/ament_index/resource_index/packages/cpp_pubsub
[5.143s] -- Up-to-date: /home/w0x7ce/Desktop/d2lros2/chapt3/cpp_pubsub/install/cpp_pubsub/share/cpp_pubsub/cmake/cpp_pubsubConfig.cmake
[5.143s] -- Up-to-date: /home/w0x7ce/Desktop/d2lros2/chapt3/cpp_pubsub/install/cpp_pubsub/share/cpp_pubsub/cmake/cpp_pubsubConfig-version.cmake
[5.143s] -- Up-to-date: /home/w0x7ce/Desktop/d2lros2/chapt3/cpp_pubsub/install/cpp_pubsub/share/cpp_pubsub/package.xml
[5.150s] Invoked command in '/home/w0x7ce/Desktop/d2lros2/chapt3/cpp_pubsub/build/cpp_pubsub' returned '0': CMAKE_PREFIX_PATH=${CMAKE_PREFIX_PATH}:/opt/ros/humble CONDA_PROMPT_MODIFIER=(base) /usr/bin/cmake --install /home/w0x7ce/Desktop/d2lros2/chapt3/cpp_pubsub/build/cpp_pubsub
