[0.032s] Invoking command in '/home/w0x7ce/Desktop/d2lros2/chapt4/chapt4_ws/build/example_parameters_rclcpp': CMAKE_PREFIX_PATH=${CMAKE_PREFIX_PATH}:/opt/ros/humble CONDA_PROMPT_MODIFIER=(base) /usr/bin/cmake --build /home/w0x7ce/Desktop/d2lros2/chapt4/chapt4_ws/build/example_parameters_rclcpp -- -j4 -l4
[0.064s] [35m[1mConsolidate compiler generated dependencies of target parameters_basic[0m
[0.080s] [ 50%] [32mBuilding CXX object CMakeFiles/parameters_basic.dir/src/parameters_basic.cpp.o[0m
[2.710s] [100%] [32m[1mLinking CXX executable parameters_basic[0m
[2.822s] [100%] Built target parameters_basic
[2.832s] Invoked command in '/home/w0x7ce/Desktop/d2lros2/chapt4/chapt4_ws/build/example_parameters_rclcpp' returned '0': CMAKE_PREFIX_PATH=${CMAKE_PREFIX_PATH}:/opt/ros/humble CONDA_PROMPT_MODIFIER=(base) /usr/bin/cmake --build /home/w0x7ce/Desktop/d2lros2/chapt4/chapt4_ws/build/example_parameters_rclcpp -- -j4 -l4
[2.864s] Invoking command in '/home/w0x7ce/Desktop/d2lros2/chapt4/chapt4_ws/build/example_parameters_rclcpp': CMAKE_PREFIX_PATH=${CMAKE_PREFIX_PATH}:/opt/ros/humble CONDA_PROMPT_MODIFIER=(base) /usr/bin/cmake --install /home/w0x7ce/Desktop/d2lros2/chapt4/chapt4_ws/build/example_parameters_rclcpp
[2.870s] -- Install configuration: ""
[2.871s] -- Installing: /home/w0x7ce/Desktop/d2lros2/chapt4/chapt4_ws/install/example_parameters_rclcpp/lib/example_parameters_rclcpp/parameters_basic
[2.871s] -- Set runtime path of "/home/w0x7ce/Desktop/d2lros2/chapt4/chapt4_ws/install/example_parameters_rclcpp/lib/example_parameters_rclcpp/parameters_basic" to ""
[2.871s] -- Up-to-date: /home/w0x7ce/Desktop/d2lros2/chapt4/chapt4_ws/install/example_parameters_rclcpp/share/ament_index/resource_index/package_run_dependencies/example_parameters_rclcpp
[2.872s] -- Up-to-date: /home/w0x7ce/Desktop/d2lros2/chapt4/chapt4_ws/install/example_parameters_rclcpp/share/ament_index/resource_index/parent_prefix_path/example_parameters_rclcpp
[2.872s] -- Up-to-date: /home/w0x7ce/Desktop/d2lros2/chapt4/chapt4_ws/install/example_parameters_rclcpp/share/example_parameters_rclcpp/environment/ament_prefix_path.sh
[2.872s] -- Up-to-date: /home/w0x7ce/Desktop/d2lros2/chapt4/chapt4_ws/install/example_parameters_rclcpp/share/example_parameters_rclcpp/environment/ament_prefix_path.dsv
[2.872s] -- Up-to-date: /home/w0x7ce/Desktop/d2lros2/chapt4/chapt4_ws/install/example_parameters_rclcpp/share/example_parameters_rclcpp/environment/path.sh
[2.872s] -- Up-to-date: /home/w0x7ce/Desktop/d2lros2/chapt4/chapt4_ws/install/example_parameters_rclcpp/share/example_parameters_rclcpp/environment/path.dsv
[2.872s] -- Up-to-date: /home/w0x7ce/Desktop/d2lros2/chapt4/chapt4_ws/install/example_parameters_rclcpp/share/example_parameters_rclcpp/local_setup.bash
[2.872s] -- Up-to-date: /home/w0x7ce/Desktop/d2lros2/chapt4/chapt4_ws/install/example_parameters_rclcpp/share/example_parameters_rclcpp/local_setup.sh
[2.872s] -- Up-to-date: /home/w0x7ce/Desktop/d2lros2/chapt4/chapt4_ws/install/example_parameters_rclcpp/share/example_parameters_rclcpp/local_setup.zsh
[2.872s] -- Up-to-date: /home/w0x7ce/Desktop/d2lros2/chapt4/chapt4_ws/install/example_parameters_rclcpp/share/example_parameters_rclcpp/local_setup.dsv
[2.872s] -- Installing: /home/w0x7ce/Desktop/d2lros2/chapt4/chapt4_ws/install/example_parameters_rclcpp/share/example_parameters_rclcpp/package.dsv
[2.872s] -- Up-to-date: /home/w0x7ce/Desktop/d2lros2/chapt4/chapt4_ws/install/example_parameters_rclcpp/share/ament_index/resource_index/packages/example_parameters_rclcpp
[2.872s] -- Up-to-date: /home/w0x7ce/Desktop/d2lros2/chapt4/chapt4_ws/install/example_parameters_rclcpp/share/example_parameters_rclcpp/cmake/example_parameters_rclcppConfig.cmake
[2.872s] -- Up-to-date: /home/w0x7ce/Desktop/d2lros2/chapt4/chapt4_ws/install/example_parameters_rclcpp/share/example_parameters_rclcpp/cmake/example_parameters_rclcppConfig-version.cmake
[2.873s] -- Up-to-date: /home/w0x7ce/Desktop/d2lros2/chapt4/chapt4_ws/install/example_parameters_rclcpp/share/example_parameters_rclcpp/package.xml
[2.876s] Invoked command in '/home/w0x7ce/Desktop/d2lros2/chapt4/chapt4_ws/build/example_parameters_rclcpp' returned '0': CMAKE_PREFIX_PATH=${CMAKE_PREFIX_PATH}:/opt/ros/humble CONDA_PROMPT_MODIFIER=(base) /usr/bin/cmake --install /home/w0x7ce/Desktop/d2lros2/chapt4/chapt4_ws/build/example_parameters_rclcpp
