[0.024s] Invoking command in '/home/w0x7ce/Desktop/d2lros2/chapt4/chapt4_ws/build/example_parameters_rclcpp': CMAKE_PREFIX_PATH=/opt/ros/humble CONDA_PROMPT_MODIFIER=(base) /usr/bin/cmake /home/w0x7ce/Desktop/d2lros2/chapt4/chapt4_ws/src/example_parameters_rclcpp -DCMAKE_INSTALL_PREFIX=/home/w0x7ce/Desktop/d2lros2/chapt4/chapt4_ws/install/example_parameters_rclcpp
[0.072s] -- The C compiler identification is GNU 11.2.0
[0.121s] -- The CXX compiler identification is GNU 11.2.0
[0.127s] -- Detecting C compiler ABI info
[0.187s] -- Detecting C compiler ABI info - done
[0.193s] -- Check for working C compiler: /usr/bin/cc - skipped
[0.193s] -- Detecting C compile features
[0.194s] -- Detecting C compile features - done
[0.196s] -- Detecting CXX compiler ABI info
[0.264s] -- Detecting CXX compiler ABI info - done
[0.271s] -- Check for working CXX compiler: /usr/bin/c++ - skipped
[0.272s] -- Detecting CXX compile features
[0.272s] -- Detecting CXX compile features - done
[0.274s] -- Found ament_cmake: 1.3.2 (/opt/ros/humble/share/ament_cmake/cmake)
[0.451s] -- Found Python3: /usr/bin/python3.10 (found version "3.10.6") found components: Interpreter 
[0.524s] -- Found rclcpp: 16.0.1 (/opt/ros/humble/share/rclcpp/cmake)
[0.564s] -- Found rosidl_generator_c: 3.1.3 (/opt/ros/humble/share/rosidl_generator_c/cmake)
[0.568s] -- Found rosidl_adapter: 3.1.3 (/opt/ros/humble/share/rosidl_adapter/cmake)
[0.576s] -- Found rosidl_generator_cpp: 3.1.3 (/opt/ros/humble/share/rosidl_generator_cpp/cmake)
[0.589s] -- Using all available rosidl_typesupport_c: rosidl_typesupport_fastrtps_c;rosidl_typesupport_introspection_c
[0.608s] -- Using all available rosidl_typesupport_cpp: rosidl_typesupport_fastrtps_cpp;rosidl_typesupport_introspection_cpp
[0.673s] -- Found rmw_implementation_cmake: 6.1.0 (/opt/ros/humble/share/rmw_implementation_cmake/cmake)
[0.675s] -- Found rmw_fastrtps_cpp: 6.2.1 (/opt/ros/humble/share/rmw_fastrtps_cpp/cmake)
[0.757s] -- Found OpenSSL: /usr/lib/x86_64-linux-gnu/libcrypto.so (found version "3.0.2")  
[0.780s] -- Found FastRTPS: /opt/ros/humble/include  
[0.824s] -- Using RMW implementation 'rmw_fastrtps_cpp' as default
[0.985s] -- Found ament_lint_auto: 0.12.4 (/opt/ros/humble/share/ament_lint_auto/cmake)
[1.051s] -- Added test 'cppcheck' to perform static code analysis on C / C++ code
[1.051s] -- Configured cppcheck include dirs: $<BUILD_INTERFACE:/home/w0x7ce/Desktop/d2lros2/chapt4/chapt4_ws/src/example_parameters_rclcpp/include>
[1.052s] -- Configured cppcheck exclude dirs and/or files: 
[1.052s] -- Added test 'lint_cmake' to check CMake code style
[1.053s] -- Added test 'uncrustify' to check C / C++ code style
[1.053s] -- Configured uncrustify additional arguments: 
[1.054s] -- Added test 'xmllint' to check XML markup files
[1.055s] -- Configuring done
[1.063s] -- Generating done
[1.064s] -- Build files have been written to: /home/w0x7ce/Desktop/d2lros2/chapt4/chapt4_ws/build/example_parameters_rclcpp
[1.072s] Invoked command in '/home/w0x7ce/Desktop/d2lros2/chapt4/chapt4_ws/build/example_parameters_rclcpp' returned '0': CMAKE_PREFIX_PATH=/opt/ros/humble CONDA_PROMPT_MODIFIER=(base) /usr/bin/cmake /home/w0x7ce/Desktop/d2lros2/chapt4/chapt4_ws/src/example_parameters_rclcpp -DCMAKE_INSTALL_PREFIX=/home/w0x7ce/Desktop/d2lros2/chapt4/chapt4_ws/install/example_parameters_rclcpp
[1.075s] Invoking command in '/home/w0x7ce/Desktop/d2lros2/chapt4/chapt4_ws/build/example_parameters_rclcpp': CMAKE_PREFIX_PATH=/opt/ros/humble CONDA_PROMPT_MODIFIER=(base) /usr/bin/cmake --build /home/w0x7ce/Desktop/d2lros2/chapt4/chapt4_ws/build/example_parameters_rclcpp -- -j4 -l4
[1.115s] [ 50%] [32mBuilding CXX object CMakeFiles/parameters_basic.dir/src/parameters_basic.cpp.o[0m
[3.591s] [100%] [32m[1mLinking CXX executable parameters_basic[0m
[3.693s] [100%] Built target parameters_basic
[3.704s] Invoked command in '/home/w0x7ce/Desktop/d2lros2/chapt4/chapt4_ws/build/example_parameters_rclcpp' returned '0': CMAKE_PREFIX_PATH=/opt/ros/humble CONDA_PROMPT_MODIFIER=(base) /usr/bin/cmake --build /home/w0x7ce/Desktop/d2lros2/chapt4/chapt4_ws/build/example_parameters_rclcpp -- -j4 -l4
[3.735s] Invoking command in '/home/w0x7ce/Desktop/d2lros2/chapt4/chapt4_ws/build/example_parameters_rclcpp': CMAKE_PREFIX_PATH=/opt/ros/humble CONDA_PROMPT_MODIFIER=(base) /usr/bin/cmake --install /home/w0x7ce/Desktop/d2lros2/chapt4/chapt4_ws/build/example_parameters_rclcpp
[3.741s] -- Install configuration: ""
[3.741s] -- Installing: /home/w0x7ce/Desktop/d2lros2/chapt4/chapt4_ws/install/example_parameters_rclcpp/lib/example_parameters_rclcpp/parameters_basic
[3.742s] -- Set runtime path of "/home/w0x7ce/Desktop/d2lros2/chapt4/chapt4_ws/install/example_parameters_rclcpp/lib/example_parameters_rclcpp/parameters_basic" to ""
[3.742s] -- Installing: /home/w0x7ce/Desktop/d2lros2/chapt4/chapt4_ws/install/example_parameters_rclcpp/share/ament_index/resource_index/package_run_dependencies/example_parameters_rclcpp
[3.742s] -- Installing: /home/w0x7ce/Desktop/d2lros2/chapt4/chapt4_ws/install/example_parameters_rclcpp/share/ament_index/resource_index/parent_prefix_path/example_parameters_rclcpp
[3.742s] -- Installing: /home/w0x7ce/Desktop/d2lros2/chapt4/chapt4_ws/install/example_parameters_rclcpp/share/example_parameters_rclcpp/environment/ament_prefix_path.sh
[3.742s] -- Installing: /home/w0x7ce/Desktop/d2lros2/chapt4/chapt4_ws/install/example_parameters_rclcpp/share/example_parameters_rclcpp/environment/ament_prefix_path.dsv
[3.743s] -- Installing: /home/w0x7ce/Desktop/d2lros2/chapt4/chapt4_ws/install/example_parameters_rclcpp/share/example_parameters_rclcpp/environment/path.sh
[3.743s] -- Installing: /home/w0x7ce/Desktop/d2lros2/chapt4/chapt4_ws/install/example_parameters_rclcpp/share/example_parameters_rclcpp/environment/path.dsv
[3.743s] -- Installing: /home/w0x7ce/Desktop/d2lros2/chapt4/chapt4_ws/install/example_parameters_rclcpp/share/example_parameters_rclcpp/local_setup.bash
[3.743s] -- Installing: /home/w0x7ce/Desktop/d2lros2/chapt4/chapt4_ws/install/example_parameters_rclcpp/share/example_parameters_rclcpp/local_setup.sh
[3.743s] -- Installing: /home/w0x7ce/Desktop/d2lros2/chapt4/chapt4_ws/install/example_parameters_rclcpp/share/example_parameters_rclcpp/local_setup.zsh
[3.743s] -- Installing: /home/w0x7ce/Desktop/d2lros2/chapt4/chapt4_ws/install/example_parameters_rclcpp/share/example_parameters_rclcpp/local_setup.dsv
[3.743s] -- Installing: /home/w0x7ce/Desktop/d2lros2/chapt4/chapt4_ws/install/example_parameters_rclcpp/share/example_parameters_rclcpp/package.dsv
[3.744s] -- Installing: /home/w0x7ce/Desktop/d2lros2/chapt4/chapt4_ws/install/example_parameters_rclcpp/share/ament_index/resource_index/packages/example_parameters_rclcpp
[3.744s] -- Installing: /home/w0x7ce/Desktop/d2lros2/chapt4/chapt4_ws/install/example_parameters_rclcpp/share/example_parameters_rclcpp/cmake/example_parameters_rclcppConfig.cmake
[3.744s] -- Installing: /home/w0x7ce/Desktop/d2lros2/chapt4/chapt4_ws/install/example_parameters_rclcpp/share/example_parameters_rclcpp/cmake/example_parameters_rclcppConfig-version.cmake
[3.744s] -- Installing: /home/w0x7ce/Desktop/d2lros2/chapt4/chapt4_ws/install/example_parameters_rclcpp/share/example_parameters_rclcpp/package.xml
[3.752s] Invoked command in '/home/w0x7ce/Desktop/d2lros2/chapt4/chapt4_ws/build/example_parameters_rclcpp' returned '0': CMAKE_PREFIX_PATH=/opt/ros/humble CONDA_PROMPT_MODIFIER=(base) /usr/bin/cmake --install /home/w0x7ce/Desktop/d2lros2/chapt4/chapt4_ws/build/example_parameters_rclcpp
