[0.065s] Invoking command in '/home/w0x7ce/Desktop/d2lros2/chapt3/chapt3_ws/build/example_interfaces_rclcpp': CMAKE_PREFIX_PATH=/opt/ros/humble CONDA_PROMPT_MODIFIER=(base) /usr/bin/cmake /home/w0x7ce/Desktop/d2lros2/chapt3/chapt3_ws/src/example_interfaces_rclcpp -DCMAKE_INSTALL_PREFIX=/home/w0x7ce/Desktop/d2lros2/chapt3/chapt3_ws/install/example_interfaces_rclcpp
[0.084s] -- Found ament_cmake: 1.3.2 (/opt/ros/humble/share/ament_cmake/cmake)
[0.226s] -- Found rclcpp: 16.0.1 (/opt/ros/humble/share/rclcpp/cmake)
[0.261s] -- Found rosidl_generator_c: 3.1.3 (/opt/ros/humble/share/rosidl_generator_c/cmake)
[0.261s] -- Found rosidl_adapter: 3.1.3 (/opt/ros/humble/share/rosidl_adapter/cmake)
[0.267s] -- Found rosidl_generator_cpp: 3.1.3 (/opt/ros/humble/share/rosidl_generator_cpp/cmake)
[0.286s] -- Using all available rosidl_typesupport_c: rosidl_typesupport_fastrtps_c;rosidl_typesupport_introspection_c
[0.295s] -- Using all available rosidl_typesupport_cpp: rosidl_typesupport_fastrtps_cpp;rosidl_typesupport_introspection_cpp
[0.359s] -- Found rmw_implementation_cmake: 6.1.0 (/opt/ros/humble/share/rmw_implementation_cmake/cmake)
[0.361s] -- Found rmw_fastrtps_cpp: 6.2.1 (/opt/ros/humble/share/rmw_fastrtps_cpp/cmake)
[0.475s] -- Using RMW implementation 'rmw_fastrtps_cpp' as default
[0.637s] [31mCMake Error at CMakeLists.txt:11 (find_package):
[0.637s]   By not providing "Findexample_ros2_interfaces.cmake" in CMAKE_MODULE_PATH
[0.637s]   this project has asked CMake to find a package configuration file provided
[0.637s]   by "example_ros2_interfaces", but CMake did not find one.
[0.637s] 
[0.637s]   Could not find a package configuration file provided by
[0.637s]   "example_ros2_interfaces" with any of the following names:
[0.637s] 
[0.637s]     example_ros2_interfacesConfig.cmake
[0.637s]     example_ros2_interfaces-config.cmake
[0.638s] 
[0.638s]   Add the installation prefix of "example_ros2_interfaces" to
[0.638s]   CMAKE_PREFIX_PATH or set "example_ros2_interfaces_DIR" to a directory
[0.638s]   containing one of the above files.  If "example_ros2_interfaces" provides a
[0.638s]   separate development package or SDK, be sure it has been installed.
[0.638s] 
[0.638s] [0m
[0.638s] -- Configuring incomplete, errors occurred!
[0.638s] See also "/home/w0x7ce/Desktop/d2lros2/chapt3/chapt3_ws/build/example_interfaces_rclcpp/CMakeFiles/CMakeOutput.log".
[0.643s] Invoked command in '/home/w0x7ce/Desktop/d2lros2/chapt3/chapt3_ws/build/example_interfaces_rclcpp' returned '1': CMAKE_PREFIX_PATH=/opt/ros/humble CONDA_PROMPT_MODIFIER=(base) /usr/bin/cmake /home/w0x7ce/Desktop/d2lros2/chapt3/chapt3_ws/src/example_interfaces_rclcpp -DCMAKE_INSTALL_PREFIX=/home/w0x7ce/Desktop/d2lros2/chapt3/chapt3_ws/install/example_interfaces_rclcpp
