[0.015s] Invoking command in '/home/w0x7ce/Desktop/d2lros2/chapt2/chapt2_ws/chapt2_ws/build/example_cpp': CMAKE_PREFIX_PATH=/opt/ros/humble /usr/bin/cmake /home/w0x7ce/Desktop/d2lros2/chapt2/chapt2_ws/chapt2_ws/src/example_cpp -DCMAKE_INSTALL_PREFIX=/home/w0x7ce/Desktop/d2lros2/chapt2/chapt2_ws/chapt2_ws/install/example_cpp
[0.140s] -- The C compiler identification is GNU 11.2.0
[0.253s] -- The CXX compiler identification is GNU 11.2.0
[0.265s] -- Detecting C compiler ABI info
[0.347s] -- Detecting C compiler ABI info - done
[0.351s] -- Check for working C compiler: /usr/bin/cc - skipped
[0.352s] -- Detecting C compile features
[0.353s] -- Detecting C compile features - done
[0.357s] -- Detecting CXX compiler ABI info
[0.426s] -- Detecting CXX compiler ABI info - done
[0.431s] -- Check for working CXX compiler: /usr/bin/c++ - skipped
[0.431s] -- Detecting CXX compile features
[0.431s] -- Detecting CXX compile features - done
[0.435s] -- Found ament_cmake: 1.3.2 (/opt/ros/humble/share/ament_cmake/cmake)
[0.559s] -- Found Python3: /usr/bin/python3.10 (found version "3.10.6") found components: Interpreter 
[0.666s] [31mCMake Error at CMakeLists.txt:10 (find_package):
[0.666s]   By not providing "Findrclcpp..cmake" in CMAKE_MODULE_PATH this project has
[0.666s]   asked CMake to find a package configuration file provided by "rclcpp.", but
[0.666s]   CMake did not find one.
[0.666s] 
[0.667s]   Could not find a package configuration file provided by "rclcpp." with any
[0.667s]   of the following names:
[0.667s] 
[0.667s]     rclcpp.Config.cmake
[0.667s]     rclcpp.-config.cmake
[0.667s] 
[0.667s]   Add the installation prefix of "rclcpp." to CMAKE_PREFIX_PATH or set
[0.667s]   "rclcpp._DIR" to a directory containing one of the above files.  If
[0.667s]   "rclcpp." provides a separate development package or SDK, be sure it has
[0.667s]   been installed.
[0.667s] 
[0.668s] -- Configuring incomplete, errors occurred!
[0.668s] See also "/home/w0x7ce/Desktop/d2lros2/chapt2/chapt2_ws/chapt2_ws/build/example_cpp/CMakeFiles/CMakeOutput.log".
[0.668s] [0m
[0.672s] Invoked command in '/home/w0x7ce/Desktop/d2lros2/chapt2/chapt2_ws/chapt2_ws/build/example_cpp' returned '1': CMAKE_PREFIX_PATH=/opt/ros/humble /usr/bin/cmake /home/w0x7ce/Desktop/d2lros2/chapt2/chapt2_ws/chapt2_ws/src/example_cpp -DCMAKE_INSTALL_PREFIX=/home/w0x7ce/Desktop/d2lros2/chapt2/chapt2_ws/chapt2_ws/install/example_cpp
